[  0%] Built target std_msgs_generate_messages_cpp
[  0%] Built target std_msgs_generate_messages_eus
[  0%] Built target std_msgs_generate_messages_py
[  0%] Built target std_msgs_generate_messages_lisp
[  0%] Built target roscpp_generate_messages_eus
[  0%] Built target std_msgs_generate_messages_nodejs
[  0%] Built target roscpp_generate_messages_cpp
[  0%] Built target roscpp_generate_messages_py
[  0%] Built target roscpp_generate_messages_nodejs
[  0%] Built target rosgraph_msgs_generate_messages_cpp
[  0%] Built target rosgraph_msgs_generate_messages_eus
[  0%] Built target roscpp_generate_messages_lisp
[  0%] Built target tf_generate_messages_cpp
[  0%] Built target tf_generate_messages_nodejs
[  0%] Built target rosgraph_msgs_generate_messages_nodejs
[  0%] Built target rosgraph_msgs_generate_messages_lisp
[  0%] Built target rosgraph_msgs_generate_messages_py
[  0%] Built target geometry_msgs_generate_messages_cpp
[  0%] Built target tf_generate_messages_lisp
[  0%] Built target tf_generate_messages_eus
[  0%] Built target tf_generate_messages_py
[  0%] Built target geometry_msgs_generate_messages_eus
[  0%] Built target geometry_msgs_generate_messages_lisp
[  0%] Built target geometry_msgs_generate_messages_nodejs
[  0%] Built target sensor_msgs_generate_messages_cpp
[  0%] Built target sensor_msgs_generate_messages_eus
[  0%] Built target sensor_msgs_generate_messages_lisp
[  0%] Built target actionlib_generate_messages_eus
[  0%] Built target sensor_msgs_generate_messages_nodejs
[  0%] Built target geometry_msgs_generate_messages_py
[  0%] Built target actionlib_generate_messages_cpp
[  0%] Built target sensor_msgs_generate_messages_py
[  0%] Built target actionlib_generate_messages_lisp
[  0%] Built target actionlib_msgs_generate_messages_cpp
[  0%] Built target actionlib_generate_messages_nodejs
[  0%] Built target actionlib_generate_messages_py
[  0%] Built target _path_server_generate_messages_check_deps_SetPhotoPoint
[  0%] Built target _path_server_generate_messages_check_deps_SetPointName
[  0%] Built target _path_server_generate_messages_check_deps_SetPathName
[  0%] Built target actionlib_msgs_generate_messages_lisp
[  0%] Built target actionlib_msgs_generate_messages_eus
[  0%] Built target actionlib_msgs_generate_messages_py
[  0%] Built target actionlib_msgs_generate_messages_nodejs
[  0%] Built target tf2_msgs_generate_messages_cpp
[  0%] Built target tf2_msgs_generate_messages_lisp
[  0%] Built target tf2_msgs_generate_messages_eus
[  0%] Built target tf2_msgs_generate_messages_py
[  0%] Built target tf2_msgs_generate_messages_nodejs
[  4%] [34m[1mGenerating C++ code from path_server/SetPointName.srv[0m
[ 14%] [34m[1mGenerating Python code from SRV path_server/SetPointName[0m
[ 14%] [34m[1mGenerating EusLisp code from path_server/SetPointName.srv[0m
[ 19%] [34m[1mGenerating Javascript code from path_server/SetPointName.srv[0m
[ 23%] [34m[1mGenerating Lisp code from path_server/SetPointName.srv[0m
[ 33%] Built target path_server_generate_messages_lisp
[ 42%] Built target path_server_generate_messages_nodejs
[ 57%] Built target path_server_generate_messages_eus
[ 61%] [34m[1mGenerating Python srv __init__.py for path_server[0m
[ 71%] Built target path_server_generate_messages_cpp
[ 80%] Built target path_server_generate_messages_py
[35m[1mConsolidate compiler generated dependencies of target record_path_node[0m
[35m[1mConsolidate compiler generated dependencies of target load_path_node[0m
[ 80%] Built target path_server_generate_messages
[ 90%] [32mBuilding CXX object CMakeFiles/record_path_node.dir/src/record_path_node.cpp.o[0m
[ 90%] [32mBuilding CXX object CMakeFiles/load_path_node.dir/src/load_path_node.cpp.o[0m
[ 95%] [32m[1mLinking CXX executable /home/autolabor/catkin_ws/devel/.private/path_server/lib/path_server/load_path_node[0m
[ 95%] Built target load_path_node
[100%] [32m[1mLinking CXX executable /home/autolabor/catkin_ws/devel/.private/path_server/lib/path_server/record_path_node[0m
[100%] Built target record_path_node
