Linked: (/home/autolabor/catkin_ws/devel/.private/path_server/include/path_server/SetPointNameRequest.h, /home/autolabor/catkin_ws/devel/include/path_server/SetPointNameRequest.h)
Linked: (/home/autolabor/catkin_ws/devel/.private/path_server/include/path_server/SetPathNameResponse.h, /home/autolabor/catkin_ws/devel/include/path_server/SetPathNameResponse.h)
Linked: (/home/autolabor/catkin_ws/devel/.private/path_server/include/path_server/SetPointNameResponse.h, /home/autolabor/catkin_ws/devel/include/path_server/SetPointNameResponse.h)
Linked: (/home/autolabor/catkin_ws/devel/.private/path_server/include/path_server/SetPhotoPointRequest.h, /home/autolabor/catkin_ws/devel/include/path_server/SetPhotoPointRequest.h)
Linked: (/home/autolabor/catkin_ws/devel/.private/path_server/include/path_server/SetPhotoPointResponse.h, /home/autolabor/catkin_ws/devel/include/path_server/SetPhotoPointResponse.h)
Linked: (/home/autolabor/catkin_ws/devel/.private/path_server/include/path_server/SetPointName.h, /home/autolabor/catkin_ws/devel/include/path_server/SetPointName.h)
Linked: (/home/autolabor/catkin_ws/devel/.private/path_server/include/path_server/SetPhotoPoint.h, /home/autolabor/catkin_ws/devel/include/path_server/SetPhotoPoint.h)
Linked: (/home/autolabor/catkin_ws/devel/.private/path_server/include/path_server/SetPathNameRequest.h, /home/autolabor/catkin_ws/devel/include/path_server/SetPathNameRequest.h)
Linked: (/home/autolabor/catkin_ws/devel/.private/path_server/include/path_server/SetPathName.h, /home/autolabor/catkin_ws/devel/include/path_server/SetPathName.h)
Linked: (/home/autolabor/catkin_ws/devel/.private/path_server/share/gennodejs/ros/path_server/_index.js, /home/autolabor/catkin_ws/devel/share/gennodejs/ros/path_server/_index.js)
Linked: (/home/autolabor/catkin_ws/devel/.private/path_server/share/gennodejs/ros/path_server/srv/SetPhotoPoint.js, /home/autolabor/catkin_ws/devel/share/gennodejs/ros/path_server/srv/SetPhotoPoint.js)
Linked: (/home/autolabor/catkin_ws/devel/.private/path_server/share/gennodejs/ros/path_server/srv/_index.js, /home/autolabor/catkin_ws/devel/share/gennodejs/ros/path_server/srv/_index.js)
Linked: (/home/autolabor/catkin_ws/devel/.private/path_server/share/gennodejs/ros/path_server/srv/SetPathName.js, /home/autolabor/catkin_ws/devel/share/gennodejs/ros/path_server/srv/SetPathName.js)
Linked: (/home/autolabor/catkin_ws/devel/.private/path_server/share/gennodejs/ros/path_server/srv/SetPointName.js, /home/autolabor/catkin_ws/devel/share/gennodejs/ros/path_server/srv/SetPointName.js)
Linked: (/home/autolabor/catkin_ws/devel/.private/path_server/share/path_server/cmake/path_server-msg-paths.cmake, /home/autolabor/catkin_ws/devel/share/path_server/cmake/path_server-msg-paths.cmake)
Linked: (/home/autolabor/catkin_ws/devel/.private/path_server/share/path_server/cmake/path_server-msg-extras.cmake, /home/autolabor/catkin_ws/devel/share/path_server/cmake/path_server-msg-extras.cmake)
Linked: (/home/autolabor/catkin_ws/devel/.private/path_server/share/path_server/cmake/path_serverConfig.cmake, /home/autolabor/catkin_ws/devel/share/path_server/cmake/path_serverConfig.cmake)
Linked: (/home/autolabor/catkin_ws/devel/.private/path_server/share/path_server/cmake/path_serverConfig-version.cmake, /home/autolabor/catkin_ws/devel/share/path_server/cmake/path_serverConfig-version.cmake)
Linked: (/home/autolabor/catkin_ws/devel/.private/path_server/share/common-lisp/ros/path_server/srv/SetPointName.lisp, /home/autolabor/catkin_ws/devel/share/common-lisp/ros/path_server/srv/SetPointName.lisp)
Linked: (/home/autolabor/catkin_ws/devel/.private/path_server/share/common-lisp/ros/path_server/srv/_package_SetPointName.lisp, /home/autolabor/catkin_ws/devel/share/common-lisp/ros/path_server/srv/_package_SetPointName.lisp)
Linked: (/home/autolabor/catkin_ws/devel/.private/path_server/share/common-lisp/ros/path_server/srv/_package_SetPathName.lisp, /home/autolabor/catkin_ws/devel/share/common-lisp/ros/path_server/srv/_package_SetPathName.lisp)
Linked: (/home/autolabor/catkin_ws/devel/.private/path_server/share/common-lisp/ros/path_server/srv/path_server-srv.asd, /home/autolabor/catkin_ws/devel/share/common-lisp/ros/path_server/srv/path_server-srv.asd)
Linked: (/home/autolabor/catkin_ws/devel/.private/path_server/share/common-lisp/ros/path_server/srv/_package.lisp, /home/autolabor/catkin_ws/devel/share/common-lisp/ros/path_server/srv/_package.lisp)
Linked: (/home/autolabor/catkin_ws/devel/.private/path_server/share/common-lisp/ros/path_server/srv/SetPhotoPoint.lisp, /home/autolabor/catkin_ws/devel/share/common-lisp/ros/path_server/srv/SetPhotoPoint.lisp)
Linked: (/home/autolabor/catkin_ws/devel/.private/path_server/share/common-lisp/ros/path_server/srv/_package_SetPhotoPoint.lisp, /home/autolabor/catkin_ws/devel/share/common-lisp/ros/path_server/srv/_package_SetPhotoPoint.lisp)
Linked: (/home/autolabor/catkin_ws/devel/.private/path_server/share/common-lisp/ros/path_server/srv/SetPathName.lisp, /home/autolabor/catkin_ws/devel/share/common-lisp/ros/path_server/srv/SetPathName.lisp)
Linked: (/home/autolabor/catkin_ws/devel/.private/path_server/share/roseus/ros/path_server/manifest.l, /home/autolabor/catkin_ws/devel/share/roseus/ros/path_server/manifest.l)
Linked: (/home/autolabor/catkin_ws/devel/.private/path_server/share/roseus/ros/path_server/srv/SetPhotoPoint.l, /home/autolabor/catkin_ws/devel/share/roseus/ros/path_server/srv/SetPhotoPoint.l)
Linked: (/home/autolabor/catkin_ws/devel/.private/path_server/share/roseus/ros/path_server/srv/SetPointName.l, /home/autolabor/catkin_ws/devel/share/roseus/ros/path_server/srv/SetPointName.l)
Linked: (/home/autolabor/catkin_ws/devel/.private/path_server/share/roseus/ros/path_server/srv/SetPathName.l, /home/autolabor/catkin_ws/devel/share/roseus/ros/path_server/srv/SetPathName.l)
Linked: (/home/autolabor/catkin_ws/devel/.private/path_server/lib/path_server/load_path_node, /home/autolabor/catkin_ws/devel/lib/path_server/load_path_node)
Linked: (/home/autolabor/catkin_ws/devel/.private/path_server/lib/path_server/record_path_node, /home/autolabor/catkin_ws/devel/lib/path_server/record_path_node)
Linked: (/home/autolabor/catkin_ws/devel/.private/path_server/lib/python2.7/dist-packages/path_server/__init__.py, /home/autolabor/catkin_ws/devel/lib/python2.7/dist-packages/path_server/__init__.py)
Linked: (/home/autolabor/catkin_ws/devel/.private/path_server/lib/python2.7/dist-packages/path_server/srv/_SetPhotoPoint.py, /home/autolabor/catkin_ws/devel/lib/python2.7/dist-packages/path_server/srv/_SetPhotoPoint.py)
Linked: (/home/autolabor/catkin_ws/devel/.private/path_server/lib/python2.7/dist-packages/path_server/srv/_SetPointName.py, /home/autolabor/catkin_ws/devel/lib/python2.7/dist-packages/path_server/srv/_SetPointName.py)
Linked: (/home/autolabor/catkin_ws/devel/.private/path_server/lib/python2.7/dist-packages/path_server/srv/__init__.py, /home/autolabor/catkin_ws/devel/lib/python2.7/dist-packages/path_server/srv/__init__.py)
Linked: (/home/autolabor/catkin_ws/devel/.private/path_server/lib/python2.7/dist-packages/path_server/srv/_SetPathName.py, /home/autolabor/catkin_ws/devel/lib/python2.7/dist-packages/path_server/srv/_SetPathName.py)
Linked: (/home/autolabor/catkin_ws/devel/.private/path_server/lib/pkgconfig/path_server.pc, /home/autolabor/catkin_ws/devel/lib/pkgconfig/path_server.pc)
