Linked: (/home/autolabor/catkin_ws/devel/.private/autolabor_canbus_driver/include/autolabor_canbus_driver/CanBusMessage.h, /home/autolabor/catkin_ws/devel/include/autolabor_canbus_driver/CanBusMessage.h)
Linked: (/home/autolabor/catkin_ws/devel/.private/autolabor_canbus_driver/include/autolabor_canbus_driver/CanBusServiceRequest.h, /home/autolabor/catkin_ws/devel/include/autolabor_canbus_driver/CanBusServiceRequest.h)
Linked: (/home/autolabor/catkin_ws/devel/.private/autolabor_canbus_driver/include/autolabor_canbus_driver/CanBusServiceResponse.h, /home/autolabor/catkin_ws/devel/include/autolabor_canbus_driver/CanBusServiceResponse.h)
Linked: (/home/autolabor/catkin_ws/devel/.private/autolabor_canbus_driver/include/autolabor_canbus_driver/CanBusService.h, /home/autolabor/catkin_ws/devel/include/autolabor_canbus_driver/CanBusService.h)
Linked: (/home/autolabor/catkin_ws/devel/.private/autolabor_canbus_driver/share/gennodejs/ros/autolabor_canbus_driver/_index.js, /home/autolabor/catkin_ws/devel/share/gennodejs/ros/autolabor_canbus_driver/_index.js)
Linked: (/home/autolabor/catkin_ws/devel/.private/autolabor_canbus_driver/share/gennodejs/ros/autolabor_canbus_driver/srv/_index.js, /home/autolabor/catkin_ws/devel/share/gennodejs/ros/autolabor_canbus_driver/srv/_index.js)
Linked: (/home/autolabor/catkin_ws/devel/.private/autolabor_canbus_driver/share/gennodejs/ros/autolabor_canbus_driver/srv/CanBusService.js, /home/autolabor/catkin_ws/devel/share/gennodejs/ros/autolabor_canbus_driver/srv/CanBusService.js)
Linked: (/home/autolabor/catkin_ws/devel/.private/autolabor_canbus_driver/share/gennodejs/ros/autolabor_canbus_driver/msg/_index.js, /home/autolabor/catkin_ws/devel/share/gennodejs/ros/autolabor_canbus_driver/msg/_index.js)
Linked: (/home/autolabor/catkin_ws/devel/.private/autolabor_canbus_driver/share/gennodejs/ros/autolabor_canbus_driver/msg/CanBusMessage.js, /home/autolabor/catkin_ws/devel/share/gennodejs/ros/autolabor_canbus_driver/msg/CanBusMessage.js)
Linked: (/home/autolabor/catkin_ws/devel/.private/autolabor_canbus_driver/share/autolabor_canbus_driver/cmake/autolabor_canbus_driverConfig-version.cmake, /home/autolabor/catkin_ws/devel/share/autolabor_canbus_driver/cmake/autolabor_canbus_driverConfig-version.cmake)
Linked: (/home/autolabor/catkin_ws/devel/.private/autolabor_canbus_driver/share/autolabor_canbus_driver/cmake/autolabor_canbus_driver-msg-paths.cmake, /home/autolabor/catkin_ws/devel/share/autolabor_canbus_driver/cmake/autolabor_canbus_driver-msg-paths.cmake)
Linked: (/home/autolabor/catkin_ws/devel/.private/autolabor_canbus_driver/share/autolabor_canbus_driver/cmake/autolabor_canbus_driver-msg-extras.cmake, /home/autolabor/catkin_ws/devel/share/autolabor_canbus_driver/cmake/autolabor_canbus_driver-msg-extras.cmake)
Linked: (/home/autolabor/catkin_ws/devel/.private/autolabor_canbus_driver/share/autolabor_canbus_driver/cmake/autolabor_canbus_driverConfig.cmake, /home/autolabor/catkin_ws/devel/share/autolabor_canbus_driver/cmake/autolabor_canbus_driverConfig.cmake)
Linked: (/home/autolabor/catkin_ws/devel/.private/autolabor_canbus_driver/share/common-lisp/ros/autolabor_canbus_driver/srv/_package_CanBusService.lisp, /home/autolabor/catkin_ws/devel/share/common-lisp/ros/autolabor_canbus_driver/srv/_package_CanBusService.lisp)
Linked: (/home/autolabor/catkin_ws/devel/.private/autolabor_canbus_driver/share/common-lisp/ros/autolabor_canbus_driver/srv/autolabor_canbus_driver-srv.asd, /home/autolabor/catkin_ws/devel/share/common-lisp/ros/autolabor_canbus_driver/srv/autolabor_canbus_driver-srv.asd)
Linked: (/home/autolabor/catkin_ws/devel/.private/autolabor_canbus_driver/share/common-lisp/ros/autolabor_canbus_driver/srv/_package.lisp, /home/autolabor/catkin_ws/devel/share/common-lisp/ros/autolabor_canbus_driver/srv/_package.lisp)
Linked: (/home/autolabor/catkin_ws/devel/.private/autolabor_canbus_driver/share/common-lisp/ros/autolabor_canbus_driver/srv/CanBusService.lisp, /home/autolabor/catkin_ws/devel/share/common-lisp/ros/autolabor_canbus_driver/srv/CanBusService.lisp)
Linked: (/home/autolabor/catkin_ws/devel/.private/autolabor_canbus_driver/share/common-lisp/ros/autolabor_canbus_driver/msg/autolabor_canbus_driver-msg.asd, /home/autolabor/catkin_ws/devel/share/common-lisp/ros/autolabor_canbus_driver/msg/autolabor_canbus_driver-msg.asd)
Linked: (/home/autolabor/catkin_ws/devel/.private/autolabor_canbus_driver/share/common-lisp/ros/autolabor_canbus_driver/msg/_package_CanBusMessage.lisp, /home/autolabor/catkin_ws/devel/share/common-lisp/ros/autolabor_canbus_driver/msg/_package_CanBusMessage.lisp)
Linked: (/home/autolabor/catkin_ws/devel/.private/autolabor_canbus_driver/share/common-lisp/ros/autolabor_canbus_driver/msg/CanBusMessage.lisp, /home/autolabor/catkin_ws/devel/share/common-lisp/ros/autolabor_canbus_driver/msg/CanBusMessage.lisp)
Linked: (/home/autolabor/catkin_ws/devel/.private/autolabor_canbus_driver/share/common-lisp/ros/autolabor_canbus_driver/msg/_package.lisp, /home/autolabor/catkin_ws/devel/share/common-lisp/ros/autolabor_canbus_driver/msg/_package.lisp)
Linked: (/home/autolabor/catkin_ws/devel/.private/autolabor_canbus_driver/share/roseus/ros/autolabor_canbus_driver/manifest.l, /home/autolabor/catkin_ws/devel/share/roseus/ros/autolabor_canbus_driver/manifest.l)
Linked: (/home/autolabor/catkin_ws/devel/.private/autolabor_canbus_driver/share/roseus/ros/autolabor_canbus_driver/srv/CanBusService.l, /home/autolabor/catkin_ws/devel/share/roseus/ros/autolabor_canbus_driver/srv/CanBusService.l)
Linked: (/home/autolabor/catkin_ws/devel/.private/autolabor_canbus_driver/share/roseus/ros/autolabor_canbus_driver/msg/CanBusMessage.l, /home/autolabor/catkin_ws/devel/share/roseus/ros/autolabor_canbus_driver/msg/CanBusMessage.l)
Linked: (/home/autolabor/catkin_ws/devel/.private/autolabor_canbus_driver/lib/autolabor_canbus_driver/canbus_driver, /home/autolabor/catkin_ws/devel/lib/autolabor_canbus_driver/canbus_driver)
Linked: (/home/autolabor/catkin_ws/devel/.private/autolabor_canbus_driver/lib/autolabor_canbus_driver/pm1_driver, /home/autolabor/catkin_ws/devel/lib/autolabor_canbus_driver/pm1_driver)
Linked: (/home/autolabor/catkin_ws/devel/.private/autolabor_canbus_driver/lib/python2.7/dist-packages/autolabor_canbus_driver/__init__.py, /home/autolabor/catkin_ws/devel/lib/python2.7/dist-packages/autolabor_canbus_driver/__init__.py)
Linked: (/home/autolabor/catkin_ws/devel/.private/autolabor_canbus_driver/lib/python2.7/dist-packages/autolabor_canbus_driver/srv/__init__.py, /home/autolabor/catkin_ws/devel/lib/python2.7/dist-packages/autolabor_canbus_driver/srv/__init__.py)
Linked: (/home/autolabor/catkin_ws/devel/.private/autolabor_canbus_driver/lib/python2.7/dist-packages/autolabor_canbus_driver/srv/_CanBusService.py, /home/autolabor/catkin_ws/devel/lib/python2.7/dist-packages/autolabor_canbus_driver/srv/_CanBusService.py)
Linked: (/home/autolabor/catkin_ws/devel/.private/autolabor_canbus_driver/lib/python2.7/dist-packages/autolabor_canbus_driver/msg/_CanBusMessage.py, /home/autolabor/catkin_ws/devel/lib/python2.7/dist-packages/autolabor_canbus_driver/msg/_CanBusMessage.py)
Linked: (/home/autolabor/catkin_ws/devel/.private/autolabor_canbus_driver/lib/python2.7/dist-packages/autolabor_canbus_driver/msg/__init__.py, /home/autolabor/catkin_ws/devel/lib/python2.7/dist-packages/autolabor_canbus_driver/msg/__init__.py)
Linked: (/home/autolabor/catkin_ws/devel/.private/autolabor_canbus_driver/lib/pkgconfig/autolabor_canbus_driver.pc, /home/autolabor/catkin_ws/devel/lib/pkgconfig/autolabor_canbus_driver.pc)
