[  0%] Built target _autolabor_canbus_driver_generate_messages_check_deps_CanBusService
[  0%] Built target std_msgs_generate_messages_py
[  0%] Built target _autolabor_canbus_driver_generate_messages_check_deps_CanBusMessage
[  0%] Built target std_msgs_generate_messages_cpp
[  0%] Built target std_msgs_generate_messages_eus
[  0%] Built target std_msgs_generate_messages_lisp
[  0%] Built target std_msgs_generate_messages_nodejs
[  0%] Built target roscpp_generate_messages_cpp
[  0%] Built target roscpp_generate_messages_eus
[  0%] Built target roscpp_generate_messages_lisp
[  0%] Built target roscpp_generate_messages_nodejs
[  0%] Built target roscpp_generate_messages_py
[  0%] Built target rosgraph_msgs_generate_messages_cpp
[  0%] Built target rosgraph_msgs_generate_messages_eus
[  0%] Built target rosgraph_msgs_generate_messages_lisp
[  0%] Built target rosgraph_msgs_generate_messages_nodejs
[  0%] Built target rosgraph_msgs_generate_messages_py
[  0%] Built target tf_generate_messages_cpp
[  0%] Built target tf_generate_messages_eus
[  0%] Built target tf_generate_messages_lisp
[  0%] Built target tf_generate_messages_nodejs
[  0%] Built target tf_generate_messages_py
[  0%] Built target geometry_msgs_generate_messages_cpp
[  0%] Built target geometry_msgs_generate_messages_eus
[  0%] Built target geometry_msgs_generate_messages_lisp
[  0%] Built target geometry_msgs_generate_messages_nodejs
[  0%] Built target geometry_msgs_generate_messages_py
[  0%] Built target sensor_msgs_generate_messages_cpp
[  0%] Built target sensor_msgs_generate_messages_eus
[  0%] Built target sensor_msgs_generate_messages_lisp
[  0%] Built target sensor_msgs_generate_messages_nodejs
[  0%] Built target sensor_msgs_generate_messages_py
[  0%] Built target actionlib_generate_messages_cpp
[  0%] Built target actionlib_generate_messages_eus
[  0%] Built target actionlib_generate_messages_lisp
[  0%] Built target actionlib_generate_messages_nodejs
[  0%] Built target actionlib_generate_messages_py
[  0%] Built target actionlib_msgs_generate_messages_cpp
[  0%] Built target actionlib_msgs_generate_messages_eus
[  0%] Built target actionlib_msgs_generate_messages_lisp
[  0%] Built target actionlib_msgs_generate_messages_nodejs
[  0%] Built target actionlib_msgs_generate_messages_py
[  0%] Built target tf2_msgs_generate_messages_cpp
[  0%] Built target tf2_msgs_generate_messages_eus
[  0%] Built target tf2_msgs_generate_messages_lisp
[  0%] Built target tf2_msgs_generate_messages_nodejs
[  0%] Built target tf2_msgs_generate_messages_py
[  0%] Built target nav_msgs_generate_messages_cpp
[  0%] Built target nav_msgs_generate_messages_eus
[  0%] Built target nav_msgs_generate_messages_lisp
[  0%] Built target nav_msgs_generate_messages_nodejs
[  0%] Built target nav_msgs_generate_messages_py
[  5%] [34m[1mGenerating Python from MSG autolabor_canbus_driver/CanBusMessage[0m
[ 10%] [34m[1mGenerating Python code from SRV autolabor_canbus_driver/CanBusService[0m
[ 15%] [34m[1mGenerating Python msg __init__.py for autolabor_canbus_driver[0m
[ 20%] [34m[1mGenerating Python srv __init__.py for autolabor_canbus_driver[0m
[ 25%] [34m[1mGenerating C++ code from autolabor_canbus_driver/CanBusMessage.msg[0m
[ 25%] Built target autolabor_canbus_driver_generate_messages_py
[ 30%] [34m[1mGenerating C++ code from autolabor_canbus_driver/CanBusService.srv[0m
[ 35%] [34m[1mGenerating EusLisp manifest code for autolabor_canbus_driver[0m
[ 35%] Built target autolabor_canbus_driver_generate_messages_cpp
[ 40%] [34m[1mGenerating EusLisp code from autolabor_canbus_driver/CanBusMessage.msg[0m
[ 45%] [34m[1mGenerating Lisp code from autolabor_canbus_driver/CanBusMessage.msg[0m
[ 50%] [34m[1mGenerating Lisp code from autolabor_canbus_driver/CanBusService.srv[0m
[ 50%] Built target autolabor_canbus_driver_generate_messages_lisp
[ 55%] [34m[1mGenerating EusLisp code from autolabor_canbus_driver/CanBusService.srv[0m
[ 60%] [34m[1mGenerating Javascript code from autolabor_canbus_driver/CanBusMessage.msg[0m
[ 65%] [34m[1mGenerating Javascript code from autolabor_canbus_driver/CanBusService.srv[0m
[ 65%] Built target autolabor_canbus_driver_generate_messages_nodejs
[ 65%] Built target autolabor_canbus_driver_generate_messages_eus
[ 65%] Built target autolabor_canbus_driver_generate_messages
[ 70%] [32mBuilding CXX object CMakeFiles/canbus_driver.dir/src/canbus_driver.cpp.o[0m
[ 75%] [32mBuilding CXX object CMakeFiles/pm1_driver.dir/src/pm1_driver.cpp.o[0m
[ 80%] [32mBuilding C object CMakeFiles/pm1_driver.dir/src/control_model/chassis_config_t.c.o[0m
[ 85%] [32mBuilding C object CMakeFiles/pm1_driver.dir/src/control_model/model.c.o[0m
[ 90%] [32mBuilding C object CMakeFiles/pm1_driver.dir/src/control_model/optimization.c.o[0m
[ 95%] [32m[1mLinking CXX executable /home/autolabor/catkin_ws/devel/.private/autolabor_canbus_driver/lib/autolabor_canbus_driver/pm1_driver[0m
[100%] [32m[1mLinking CXX executable /home/autolabor/catkin_ws/devel/.private/autolabor_canbus_driver/lib/autolabor_canbus_driver/canbus_driver[0m
[100%] Built target pm1_driver
[100%] Built target canbus_driver
