[  0%] Built target std_srvs_generate_messages_py
[  0%] Built target roscpp_generate_messages_cpp
[  0%] Built target roscpp_generate_messages_eus
[  0%] Built target roscpp_generate_messages_lisp
[  0%] Built target roscpp_generate_messages_nodejs
[  0%] Built target roscpp_generate_messages_py
[  0%] Built target rosgraph_msgs_generate_messages_cpp
[  0%] Built target rosgraph_msgs_generate_messages_eus
[  0%] Built target rosgraph_msgs_generate_messages_lisp
[  0%] Built target rosgraph_msgs_generate_messages_nodejs
[  0%] Built target rosgraph_msgs_generate_messages_py
[  0%] Built target std_msgs_generate_messages_cpp
[  0%] Built target std_msgs_generate_messages_eus
[  0%] Built target std_msgs_generate_messages_lisp
[  0%] Built target std_msgs_generate_messages_nodejs
[  0%] Built target std_msgs_generate_messages_py
[  0%] Built target path_server_generate_messages_cpp
[  0%] Built target path_server_generate_messages_eus
[  0%] Built target path_server_generate_messages_lisp
[  0%] Built target path_server_generate_messages_nodejs
[  0%] Built target path_server_generate_messages_py
[  0%] Built target rviz_generate_messages_cpp
[  0%] Built target rviz_generate_messages_eus
[  0%] Built target rviz_generate_messages_lisp
[  0%] Built target rviz_generate_messages_nodejs
[  0%] Built target rviz_generate_messages_py
[  0%] Built target geometry_msgs_generate_messages_cpp
[  0%] Built target geometry_msgs_generate_messages_eus
[  0%] Built target geometry_msgs_generate_messages_lisp
[  0%] Built target geometry_msgs_generate_messages_nodejs
[  0%] Built target geometry_msgs_generate_messages_py
[  0%] Built target sensor_msgs_generate_messages_cpp
[  0%] Built target sensor_msgs_generate_messages_eus
[  0%] Built target sensor_msgs_generate_messages_lisp
[  0%] Built target sensor_msgs_generate_messages_nodejs
[  0%] Built target sensor_msgs_generate_messages_py
[  0%] Built target tf_generate_messages_cpp
[  0%] Built target tf_generate_messages_eus
[  0%] Built target tf_generate_messages_lisp
[  0%] Built target tf_generate_messages_nodejs
[  0%] Built target tf_generate_messages_py
[  0%] Built target actionlib_generate_messages_cpp
[  0%] Built target actionlib_generate_messages_eus
[  0%] Built target actionlib_generate_messages_lisp
[  0%] Built target actionlib_generate_messages_nodejs
[  0%] Built target actionlib_generate_messages_py
[  0%] Built target actionlib_msgs_generate_messages_cpp
[  0%] Built target actionlib_msgs_generate_messages_eus
[  0%] Built target actionlib_msgs_generate_messages_lisp
[  0%] Built target actionlib_msgs_generate_messages_nodejs
[  0%] Built target actionlib_msgs_generate_messages_py
[  0%] Built target tf2_msgs_generate_messages_cpp
[  0%] Built target tf2_msgs_generate_messages_eus
[  0%] Built target tf2_msgs_generate_messages_lisp
[  0%] Built target tf2_msgs_generate_messages_nodejs
[  0%] Built target tf2_msgs_generate_messages_py
[  0%] Built target visualization_msgs_generate_messages_cpp
[  0%] Built target visualization_msgs_generate_messages_eus
[  0%] Built target visualization_msgs_generate_messages_lisp
[  0%] Built target visualization_msgs_generate_messages_nodejs
[  0%] Built target visualization_msgs_generate_messages_py
[  0%] Built target map_msgs_generate_messages_cpp
[  0%] Built target map_msgs_generate_messages_eus
[  0%] Built target map_msgs_generate_messages_lisp
[  0%] Built target map_msgs_generate_messages_nodejs
[  0%] Built target map_msgs_generate_messages_py
[  0%] Built target nav_msgs_generate_messages_cpp
[  0%] Built target nav_msgs_generate_messages_eus
[  0%] Built target nav_msgs_generate_messages_lisp
[  0%] Built target nav_msgs_generate_messages_nodejs
[  0%] Built target nav_msgs_generate_messages_py
[  0%] Built target std_srvs_generate_messages_cpp
[  0%] Built target std_srvs_generate_messages_eus
[  0%] Built target std_srvs_generate_messages_lisp
[  0%] Built target std_srvs_generate_messages_nodejs
[ 25%] [34m[1mAutomatic MOC for target path_rviz_plugin[0m
[ 25%] Built target path_rviz_plugin_autogen
[ 50%] [32mBuilding CXX object CMakeFiles/path_rviz_plugin.dir/path_rviz_plugin_autogen/mocs_compilation.cpp.o[0m
[ 75%] [32mBuilding CXX object CMakeFiles/path_rviz_plugin.dir/src/path_rviz_plugin.cpp.o[0m
[100%] [32m[1mLinking CXX shared library /home/autolabor/catkin_ws/devel/.private/path_rviz_plugin/lib/libpath_rviz_plugin.so[0m
[100%] Built target path_rviz_plugin
