[  9%] [34m[1mGenerating dynamic reconfigure files from cfg/GlobalPlanner.cfg: /home/autolabor/catkin_ws/devel/.private/global_planner/include/global_planner/GlobalPlannerConfig.h /home/autolabor/catkin_ws/devel/.private/global_planner/lib/python2.7/dist-packages/global_planner/cfg/GlobalPlannerConfig.py[0m
Generating reconfiguration files for GlobalPlanner in global_planner
Wrote header file in /home/autolabor/catkin_ws/devel/.private/global_planner/include/global_planner/GlobalPlannerConfig.h
[  9%] Built target global_planner_gencfg
[  9%] Built target costmap_2d_generate_messages_cpp
[  9%] Built target costmap_2d_generate_messages_eus
[  9%] Built target costmap_2d_generate_messages_lisp
[  9%] Built target costmap_2d_generate_messages_nodejs
[  9%] Built target costmap_2d_generate_messages_py
[  9%] Built target costmap_2d_gencfg
[  9%] Built target dynamic_reconfigure_generate_messages_cpp
[  9%] Built target dynamic_reconfigure_generate_messages_eus
[  9%] Built target dynamic_reconfigure_generate_messages_lisp
[  9%] Built target dynamic_reconfigure_generate_messages_nodejs
[  9%] Built target dynamic_reconfigure_generate_messages_py
[  9%] Built target dynamic_reconfigure_gencfg
[  9%] Built target std_msgs_generate_messages_cpp
[  9%] Built target std_msgs_generate_messages_eus
[  9%] Built target std_msgs_generate_messages_lisp
[  9%] Built target std_msgs_generate_messages_nodejs
[  9%] Built target std_msgs_generate_messages_py
[  9%] Built target geometry_msgs_generate_messages_cpp
[  9%] Built target geometry_msgs_generate_messages_eus
[  9%] Built target geometry_msgs_generate_messages_lisp
[  9%] Built target geometry_msgs_generate_messages_nodejs
[  9%] Built target geometry_msgs_generate_messages_py
[  9%] Built target tf_generate_messages_cpp
[  9%] Built target tf_generate_messages_eus
[  9%] Built target tf_generate_messages_lisp
[  9%] Built target tf_generate_messages_nodejs
[  9%] Built target tf_generate_messages_py
[  9%] Built target roscpp_generate_messages_cpp
[  9%] Built target roscpp_generate_messages_eus
[  9%] Built target roscpp_generate_messages_lisp
[  9%] Built target roscpp_generate_messages_nodejs
[  9%] Built target roscpp_generate_messages_py
[  9%] Built target rosgraph_msgs_generate_messages_cpp
[  9%] Built target rosgraph_msgs_generate_messages_eus
[  9%] Built target rosgraph_msgs_generate_messages_lisp
[  9%] Built target rosgraph_msgs_generate_messages_nodejs
[  9%] Built target rosgraph_msgs_generate_messages_py
[  9%] Built target sensor_msgs_generate_messages_cpp
[  9%] Built target sensor_msgs_generate_messages_eus
[  9%] Built target sensor_msgs_generate_messages_lisp
[  9%] Built target sensor_msgs_generate_messages_nodejs
[  9%] Built target sensor_msgs_generate_messages_py
[  9%] Built target actionlib_generate_messages_cpp
[  9%] Built target actionlib_generate_messages_eus
[  9%] Built target actionlib_generate_messages_lisp
[  9%] Built target actionlib_generate_messages_nodejs
[  9%] Built target actionlib_generate_messages_py
[  9%] Built target actionlib_msgs_generate_messages_cpp
[  9%] Built target actionlib_msgs_generate_messages_eus
[  9%] Built target actionlib_msgs_generate_messages_lisp
[  9%] Built target actionlib_msgs_generate_messages_nodejs
[  9%] Built target actionlib_msgs_generate_messages_py
[  9%] Built target _catkin_empty_exported_target
[  9%] Built target tf2_msgs_generate_messages_cpp
[  9%] Built target tf2_msgs_generate_messages_eus
[  9%] Built target tf2_msgs_generate_messages_lisp
[  9%] Built target tf2_msgs_generate_messages_nodejs
[  9%] Built target tf2_msgs_generate_messages_py
[  9%] Built target map_msgs_generate_messages_cpp
[  9%] Built target map_msgs_generate_messages_eus
[  9%] Built target map_msgs_generate_messages_lisp
[  9%] Built target map_msgs_generate_messages_nodejs
[  9%] Built target map_msgs_generate_messages_py
[  9%] Built target nav_msgs_generate_messages_cpp
[  9%] Built target nav_msgs_generate_messages_eus
[  9%] Built target nav_msgs_generate_messages_lisp
[  9%] Built target nav_msgs_generate_messages_nodejs
[  9%] Built target nav_msgs_generate_messages_py
[  9%] Built target visualization_msgs_generate_messages_cpp
[  9%] Built target visualization_msgs_generate_messages_eus
[  9%] Built target visualization_msgs_generate_messages_lisp
[  9%] Built target visualization_msgs_generate_messages_nodejs
[  9%] Built target visualization_msgs_generate_messages_py
[  9%] Built target navfn_generate_messages_cpp
[  9%] Built target navfn_generate_messages_eus
[  9%] Built target navfn_generate_messages_lisp
[  9%] Built target navfn_generate_messages_nodejs
[  9%] Built target navfn_generate_messages_py
[ 18%] [32mBuilding CXX object CMakeFiles/global_planner.dir/src/quadratic_calculator.cpp.o[0m
[ 27%] [32mBuilding CXX object CMakeFiles/global_planner.dir/src/dijkstra.cpp.o[0m
[ 36%] [32mBuilding CXX object CMakeFiles/global_planner.dir/src/astar.cpp.o[0m
[ 45%] [32mBuilding CXX object CMakeFiles/global_planner.dir/src/grid_path.cpp.o[0m
[ 54%] [32mBuilding CXX object CMakeFiles/global_planner.dir/src/gradient_path.cpp.o[0m
[ 63%] [32mBuilding CXX object CMakeFiles/global_planner.dir/src/orientation_filter.cpp.o[0m
[ 72%] [32mBuilding CXX object CMakeFiles/global_planner.dir/src/planner_core.cpp.o[0m
[ 81%] [32m[1mLinking CXX shared library /home/autolabor/catkin_ws/devel/.private/global_planner/lib/libglobal_planner.so[0m
[ 81%] Built target global_planner
[ 90%] [32mBuilding CXX object CMakeFiles/planner.dir/src/plan_node.cpp.o[0m
[100%] [32m[1mLinking CXX executable /home/autolabor/catkin_ws/devel/.private/global_planner/lib/global_planner/planner[0m
[100%] Built target planner
