[  0%] Built target _autolabor_simulation_stage_generate_messages_check_deps_Obstacle
[  0%] Built target nav_msgs_generate_messages_py
[  0%] Built target geometry_msgs_generate_messages_py
[  0%] Built target std_msgs_generate_messages_py
[  0%] Built target _autolabor_simulation_stage_generate_messages_check_deps_ObstacleMap
[  0%] Built target nav_msgs_generate_messages_cpp
[  0%] Built target geometry_msgs_generate_messages_cpp
[  0%] Built target std_msgs_generate_messages_cpp
[  0%] Built target nav_msgs_generate_messages_eus
[  0%] Built target geometry_msgs_generate_messages_eus
[  0%] Built target std_msgs_generate_messages_eus
[  0%] Built target nav_msgs_generate_messages_lisp
[  0%] Built target geometry_msgs_generate_messages_lisp
[  0%] Built target std_msgs_generate_messages_lisp
[  0%] Built target nav_msgs_generate_messages_nodejs
[  0%] Built target geometry_msgs_generate_messages_nodejs
[  0%] Built target std_msgs_generate_messages_nodejs
[  0%] Built target actionlib_msgs_generate_messages_cpp
[  0%] Built target actionlib_msgs_generate_messages_eus
[  0%] Built target actionlib_msgs_generate_messages_lisp
[  0%] Built target actionlib_msgs_generate_messages_nodejs
[  0%] Built target actionlib_msgs_generate_messages_py
[  0%] Built target _catkin_empty_exported_target
[  0%] Built target roscpp_generate_messages_cpp
[  0%] Built target roscpp_generate_messages_eus
[  0%] Built target roscpp_generate_messages_lisp
[  0%] Built target roscpp_generate_messages_nodejs
[  0%] Built target roscpp_generate_messages_py
[  0%] Built target rosgraph_msgs_generate_messages_cpp
[  0%] Built target rosgraph_msgs_generate_messages_eus
[  0%] Built target rosgraph_msgs_generate_messages_lisp
[  0%] Built target rosgraph_msgs_generate_messages_nodejs
[  0%] Built target rosgraph_msgs_generate_messages_py
[  0%] Built target tf_generate_messages_cpp
[  0%] Built target tf_generate_messages_eus
[  0%] Built target tf_generate_messages_lisp
[  0%] Built target tf_generate_messages_nodejs
[  0%] Built target tf_generate_messages_py
[  0%] Built target sensor_msgs_generate_messages_cpp
[  0%] Built target sensor_msgs_generate_messages_eus
[  0%] Built target sensor_msgs_generate_messages_lisp
[  0%] Built target sensor_msgs_generate_messages_nodejs
[  0%] Built target sensor_msgs_generate_messages_py
[  0%] Built target actionlib_generate_messages_cpp
[  0%] Built target actionlib_generate_messages_eus
[  0%] Built target actionlib_generate_messages_lisp
[  0%] Built target actionlib_generate_messages_nodejs
[  0%] Built target actionlib_generate_messages_py
[  0%] Built target tf2_msgs_generate_messages_cpp
[  0%] Built target tf2_msgs_generate_messages_eus
[  0%] Built target tf2_msgs_generate_messages_lisp
[  0%] Built target tf2_msgs_generate_messages_nodejs
[  0%] Built target tf2_msgs_generate_messages_py
[  7%] [34m[1mGenerating Python code from SRV autolabor_simulation_stage/Obstacle[0m
[ 14%] [34m[1mGenerating Python code from SRV autolabor_simulation_stage/ObstacleMap[0m
[ 21%] [34m[1mGenerating Python srv __init__.py for autolabor_simulation_stage[0m
[ 21%] Built target autolabor_simulation_stage_generate_messages_py
[ 28%] [34m[1mGenerating C++ code from autolabor_simulation_stage/Obstacle.srv[0m
[ 35%] [34m[1mGenerating C++ code from autolabor_simulation_stage/ObstacleMap.srv[0m
[ 42%] [34m[1mGenerating EusLisp manifest code for autolabor_simulation_stage[0m
[ 42%] Built target autolabor_simulation_stage_generate_messages_cpp
[ 50%] [34m[1mGenerating EusLisp code from autolabor_simulation_stage/Obstacle.srv[0m
[ 57%] [34m[1mGenerating Lisp code from autolabor_simulation_stage/Obstacle.srv[0m
[ 64%] [34m[1mGenerating Lisp code from autolabor_simulation_stage/ObstacleMap.srv[0m
[ 64%] Built target autolabor_simulation_stage_generate_messages_lisp
[ 71%] [34m[1mGenerating EusLisp code from autolabor_simulation_stage/ObstacleMap.srv[0m
[ 78%] [34m[1mGenerating Javascript code from autolabor_simulation_stage/Obstacle.srv[0m
[ 85%] [34m[1mGenerating Javascript code from autolabor_simulation_stage/ObstacleMap.srv[0m
[ 85%] Built target autolabor_simulation_stage_generate_messages_nodejs
[ 85%] Built target autolabor_simulation_stage_generate_messages_eus
[ 85%] Built target autolabor_simulation_stage_generate_messages
[ 92%] [32mBuilding CXX object CMakeFiles/simulation_stage_node.dir/src/simulation_stage_node.cpp.o[0m
[100%] [32m[1mLinking CXX executable /home/autolabor/catkin_ws/devel/.private/autolabor_simulation_stage/lib/autolabor_simulation_stage/simulation_stage_node[0m
[100%] Built target simulation_stage_node
