[  0%] Built target _cartographer_ros_msgs_generate_messages_check_deps_GetTrajectoryStates
[  0%] Built target geometry_msgs_generate_messages_py
[  0%] Built target std_msgs_generate_messages_py
[  0%] Built target _cartographer_ros_msgs_generate_messages_check_deps_SubmapList
[  0%] Built target _cartographer_ros_msgs_generate_messages_check_deps_LandmarkEntry
[  0%] Built target _cartographer_ros_msgs_generate_messages_check_deps_ReadMetrics
[  0%] Built target _cartographer_ros_msgs_generate_messages_check_deps_BagfileProgress
[  0%] Built target _cartographer_ros_msgs_generate_messages_check_deps_LandmarkList
[  0%] Built target _cartographer_ros_msgs_generate_messages_check_deps_MetricLabel
[  0%] Built target _cartographer_ros_msgs_generate_messages_check_deps_Metric
[  0%] Built target _cartographer_ros_msgs_generate_messages_check_deps_StatusCode
[  0%] Built target _cartographer_ros_msgs_generate_messages_check_deps_SubmapEntry
[  0%] Built target _cartographer_ros_msgs_generate_messages_check_deps_WriteState
[  0%] Built target _cartographer_ros_msgs_generate_messages_check_deps_MetricFamily
[  0%] Built target _cartographer_ros_msgs_generate_messages_check_deps_SubmapQuery
[  0%] Built target _cartographer_ros_msgs_generate_messages_check_deps_TrajectoryStates
[  0%] Built target _cartographer_ros_msgs_generate_messages_check_deps_SubmapTexture
[  0%] Built target _cartographer_ros_msgs_generate_messages_check_deps_HistogramBucket
[  0%] Built target _cartographer_ros_msgs_generate_messages_check_deps_StartTrajectory
[  0%] Built target _cartographer_ros_msgs_generate_messages_check_deps_TrajectoryQuery
[  0%] Built target _cartographer_ros_msgs_generate_messages_check_deps_StatusResponse
[  0%] Built target _cartographer_ros_msgs_generate_messages_check_deps_FinishTrajectory
[  0%] Built target geometry_msgs_generate_messages_cpp
[  0%] Built target std_msgs_generate_messages_cpp
[  0%] Built target geometry_msgs_generate_messages_eus
[  0%] Built target std_msgs_generate_messages_eus
[  0%] Built target geometry_msgs_generate_messages_lisp
[  0%] Built target std_msgs_generate_messages_lisp
[  0%] Built target geometry_msgs_generate_messages_nodejs
[  0%] Built target std_msgs_generate_messages_nodejs
[ 21%] Built target cartographer_ros_msgs_generate_messages_py
[ 40%] Built target cartographer_ros_msgs_generate_messages_cpp
[ 60%] Built target cartographer_ros_msgs_generate_messages_eus
[ 80%] Built target cartographer_ros_msgs_generate_messages_lisp
[100%] Built target cartographer_ros_msgs_generate_messages_nodejs
[100%] Built target cartographer_ros_msgs_generate_messages
