Performing C SOURCE FILE Test CMAKE_HAVE_LIBC_PTHREAD failed with the following output:
Change Dir: /opt/autolabor/ros/catkin_ws/build/navfn/CMakeFiles/CMakeTmp

Run Build Command(s):/usr/bin/make -f Makefile cmTC_27402/fast && /usr/bin/make  -f CMakeFiles/cmTC_27402.dir/build.make CMakeFiles/cmTC_27402.dir/build
make[1]: 进入目录“/opt/autolabor/ros/catkin_ws/build/navfn/CMakeFiles/CMakeTmp”
Building C object CMakeFiles/cmTC_27402.dir/src.c.o
/usr/bin/cc -DCMAKE_HAVE_LIBC_PTHREAD   -o CMakeFiles/cmTC_27402.dir/src.c.o -c /opt/autolabor/ros/catkin_ws/build/navfn/CMakeFiles/CMakeTmp/src.c
Linking C executable cmTC_27402
/usr/bin/cmake -E cmake_link_script CMakeFiles/cmTC_27402.dir/link.txt --verbose=1
/usr/bin/cc CMakeFiles/cmTC_27402.dir/src.c.o -o cmTC_27402 
CMakeFiles/cmTC_27402.dir/src.c.o：在函数‘main’中：
src.c:(.text+0x3e)：对‘pthread_create’未定义的引用
src.c:(.text+0x4a)：对‘pthread_detach’未定义的引用
src.c:(.text+0x56)：对‘pthread_cancel’未定义的引用
src.c:(.text+0x67)：对‘pthread_join’未定义的引用
src.c:(.text+0x7b)：对‘pthread_atfork’未定义的引用
collect2: error: ld returned 1 exit status
CMakeFiles/cmTC_27402.dir/build.make:98: recipe for target 'cmTC_27402' failed
make[1]: *** [cmTC_27402] Error 1
make[1]: 离开目录“/opt/autolabor/ros/catkin_ws/build/navfn/CMakeFiles/CMakeTmp”
Makefile:127: recipe for target 'cmTC_27402/fast' failed
make: *** [cmTC_27402/fast] Error 2


Source file was:
#include <pthread.h>

static void* test_func(void* data)
{
  return data;
}

int main(void)
{
  pthread_t thread;
  pthread_create(&thread, NULL, test_func, NULL);
  pthread_detach(thread);
  pthread_cancel(thread);
  pthread_join(thread, NULL);
  pthread_atfork(NULL, NULL, NULL);
  pthread_exit(NULL);

  return 0;
}

Determining if the function pthread_create exists in the pthreads failed with the following output:
Change Dir: /opt/autolabor/ros/catkin_ws/build/navfn/CMakeFiles/CMakeTmp

Run Build Command(s):/usr/bin/make -f Makefile cmTC_a6c80/fast && /usr/bin/make  -f CMakeFiles/cmTC_a6c80.dir/build.make CMakeFiles/cmTC_a6c80.dir/build
make[1]: 进入目录“/opt/autolabor/ros/catkin_ws/build/navfn/CMakeFiles/CMakeTmp”
Building C object CMakeFiles/cmTC_a6c80.dir/CheckFunctionExists.c.o
/usr/bin/cc   -DCHECK_FUNCTION_EXISTS=pthread_create -o CMakeFiles/cmTC_a6c80.dir/CheckFunctionExists.c.o -c /usr/share/cmake-3.23/Modules/CheckFunctionExists.c
Linking C executable cmTC_a6c80
/usr/bin/cmake -E cmake_link_script CMakeFiles/cmTC_a6c80.dir/link.txt --verbose=1
/usr/bin/cc  -DCHECK_FUNCTION_EXISTS=pthread_create CMakeFiles/cmTC_a6c80.dir/CheckFunctionExists.c.o -o cmTC_a6c80  -lpthreads 
/usr/bin/ld: 找不到 -lpthreads
collect2: error: ld returned 1 exit status
CMakeFiles/cmTC_a6c80.dir/build.make:98: recipe for target 'cmTC_a6c80' failed
make[1]: *** [cmTC_a6c80] Error 1
make[1]: 离开目录“/opt/autolabor/ros/catkin_ws/build/navfn/CMakeFiles/CMakeTmp”
Makefile:127: recipe for target 'cmTC_a6c80/fast' failed
make: *** [cmTC_a6c80/fast] Error 2



Determining if the include file FL/Fl.H exists failed with the following output:
Change Dir: /opt/autolabor/ros/catkin_ws/build/navfn/CMakeFiles/CMakeTmp

Run Build Command(s):/usr/bin/make -f Makefile cmTC_ba8a1/fast && /usr/bin/make  -f CMakeFiles/cmTC_ba8a1.dir/build.make CMakeFiles/cmTC_ba8a1.dir/build
make[1]: 进入目录“/opt/autolabor/ros/catkin_ws/build/navfn/CMakeFiles/CMakeTmp”
Building CXX object CMakeFiles/cmTC_ba8a1.dir/CheckIncludeFile.cxx.o
/usr/bin/c++    -o CMakeFiles/cmTC_ba8a1.dir/CheckIncludeFile.cxx.o -c /opt/autolabor/ros/catkin_ws/build/navfn/CMakeFiles/CMakeTmp/CheckIncludeFile.cxx
/opt/autolabor/ros/catkin_ws/build/navfn/CMakeFiles/CMakeTmp/CheckIncludeFile.cxx:1:10: fatal error: FL/Fl.H: 没有那个文件或目录
 #include <FL/Fl.H>
          ^~~~~~~~~
compilation terminated.
CMakeFiles/cmTC_ba8a1.dir/build.make:77: recipe for target 'CMakeFiles/cmTC_ba8a1.dir/CheckIncludeFile.cxx.o' failed
make[1]: *** [CMakeFiles/cmTC_ba8a1.dir/CheckIncludeFile.cxx.o] Error 1
make[1]: 离开目录“/opt/autolabor/ros/catkin_ws/build/navfn/CMakeFiles/CMakeTmp”
Makefile:127: recipe for target 'cmTC_ba8a1/fast' failed
make: *** [cmTC_ba8a1/fast] Error 2



