[  0%] Built target _marvelmind_generate_messages_check_deps_beacon_pos
[  0%] Built target roscpp_generate_messages_cpp
[  0%] Built target roscpp_generate_messages_eus
[  0%] Built target roscpp_generate_messages_lisp
[  0%] Built target roscpp_generate_messages_nodejs
[  0%] Built target roscpp_generate_messages_py
[  0%] Built target rosgraph_msgs_generate_messages_cpp
[  0%] Built target rosgraph_msgs_generate_messages_eus
[  0%] Built target rosgraph_msgs_generate_messages_lisp
[  0%] Built target rosgraph_msgs_generate_messages_nodejs
[  0%] Built target rosgraph_msgs_generate_messages_py
[  0%] Built target std_msgs_generate_messages_cpp
[  0%] Built target std_msgs_generate_messages_eus
[  0%] Built target std_msgs_generate_messages_lisp
[  0%] Built target std_msgs_generate_messages_nodejs
[  0%] Built target std_msgs_generate_messages_py
[  0%] Built target geometry_msgs_generate_messages_cpp
[  0%] Built target geometry_msgs_generate_messages_eus
[  0%] Built target geometry_msgs_generate_messages_lisp
[  0%] Built target geometry_msgs_generate_messages_nodejs
[  0%] Built target geometry_msgs_generate_messages_py
[ 10%] [34m[1mGenerating Python from MSG marvelmind/beacon_pos[0m
[ 20%] [34m[1mGenerating Python msg __init__.py for marvelmind[0m
[ 20%] Built target marvelmind_generate_messages_py
[ 30%] [34m[1mGenerating C++ code from marvelmind/beacon_pos.msg[0m
[ 30%] Built target marvelmind_generate_messages_cpp
[ 40%] [34m[1mGenerating EusLisp manifest code for marvelmind[0m
[ 50%] [34m[1mGenerating EusLisp code from marvelmind/beacon_pos.msg[0m
[ 50%] Built target marvelmind_generate_messages_eus
[ 60%] [34m[1mGenerating Lisp code from marvelmind/beacon_pos.msg[0m
[ 60%] Built target marvelmind_generate_messages_lisp
[ 70%] [34m[1mGenerating Javascript code from marvelmind/beacon_pos.msg[0m
[ 70%] Built target marvelmind_generate_messages_nodejs
[ 70%] Built target marvelmind_generate_messages
[ 80%] [32mBuilding CXX object CMakeFiles/marvelmind_driver.dir/src/marvelmind_driver.cpp.o[0m
[ 90%] [32mBuilding C object CMakeFiles/marvelmind_driver.dir/src/marvelmind_hedge.c.o[0m
[100%] [32m[1mLinking CXX executable /home/autolabor/catkin_ws/devel/.private/marvelmind/lib/marvelmind/marvelmind_driver[0m
[100%] Built target marvelmind_driver
