In file included from [01m[K/usr/include/x86_64-linux-gnu/qt5/QtGui/qpixmap.h:48:0[m[K,
                 from [01m[K/usr/include/x86_64-linux-gnu/qt5/QtGui/qbrush.h:52[m[K,
                 from [01m[K/usr/include/x86_64-linux-gnu/qt5/QtGui/qpalette.h:46[m[K,
                 from [01m[K/usr/include/x86_64-linux-gnu/qt5/QtWidgets/qwidget.h:48[m[K,
                 from [01m[K/usr/include/x86_64-linux-gnu/qt5/QtWidgets/QWidget:1[m[K,
                 from [01m[K/opt/ros/melodic/include/rviz/panel.h:32[m[K,
                 from [01m[K/opt/autolabor/ros/catkin_ws/build/path_mark_plugin/path_mark_plugin_autogen/S4CJDHEQGL/../../../../../../../../home/autolabor/catkin_ws/src/navigation/path_mark_plugin/include/path_mark_plugin/path_mark_plugin.h:5[m[K,
                 from [01m[K/opt/autolabor/ros/catkin_ws/build/path_mark_plugin/path_mark_plugin_autogen/S4CJDHEQGL/moc_path_mark_plugin.cpp:9[m[K,
                 from [01m[K/opt/autolabor/ros/catkin_ws/build/path_mark_plugin/path_mark_plugin_autogen/mocs_compilation.cpp:2[m[K:
[01m[K/usr/include/x86_64-linux-gnu/qt5/QtCore/qsharedpointer.h:48:11:[m[K [01;31m[Kfatal error: [m[K/usr/include/x86_64-linux-gnu/qt5/QtCore/qsharedpointer_impl.h: æƒé™ä¸å¤Ÿ
 # include [01;31m[K<QtCore/qsharedpointer_impl.h>[m[K
           [01;31m[K^~~~~~~~~~~~~~~~~~~~~~~~~~~~~~[m[K
compilation terminated.
In file included from [01m[K/usr/include/x86_64-linux-gnu/qt5/QtGui/qpixmap.h:48:0[m[K,
                 from [01m[K/usr/include/x86_64-linux-gnu/qt5/QtGui/qbrush.h:52[m[K,
                 from [01m[K/usr/include/x86_64-linux-gnu/qt5/QtGui/qpalette.h:46[m[K,
                 from [01m[K/usr/include/x86_64-linux-gnu/qt5/QtWidgets/qwidget.h:48[m[K,
                 from [01m[K/usr/include/x86_64-linux-gnu/qt5/QtWidgets/QWidget:1[m[K,
                 from [01m[K/opt/ros/melodic/include/rviz/panel.h:32[m[K,
                 from [01m[K/home/autolabor/catkin_ws/src/navigation/path_mark_plugin/include/path_mark_plugin/path_mark_plugin.h:5[m[K,
                 from [01m[K/home/autolabor/catkin_ws/src/navigation/path_mark_plugin/src/path_mark_plugin.cpp:8[m[K:
[01m[K/usr/include/x86_64-linux-gnu/qt5/QtCore/qsharedpointer.h:48:11:[m[K [01;31m[Kfatal error: [m[K/usr/include/x86_64-linux-gnu/qt5/QtCore/qsharedpointer_impl.h: æƒé™ä¸å¤Ÿ
 # include [01;31m[K<QtCore/qsharedpointer_impl.h>[m[K
           [01;31m[K^~~~~~~~~~~~~~~~~~~~~~~~~~~~~~[m[K
compilation terminated.
make[2]: *** [CMakeFiles/path_mark_plugin.dir/path_mark_plugin_autogen/mocs_compilation.cpp.o] Error 1
make[2]: *** æ­£åœ¨ç­‰å¾…æœªå®Œæˆçš„ä»»åŠ¡....
make[2]: *** [CMakeFiles/path_mark_plugin.dir/src/path_mark_plugin.cpp.o] Error 1
make[1]: *** [CMakeFiles/path_mark_plugin.dir/all] Error 2
make: *** [all] Error 2
