[  0%] Built target roscpp_generate_messages_py
[  0%] Built target roscpp_generate_messages_cpp
[  0%] Built target std_srvs_generate_messages_py
[  0%] Built target roscpp_generate_messages_eus
[  0%] Built target roscpp_generate_messages_lisp
[  0%] Built target roscpp_generate_messages_nodejs
[  0%] Built target rosgraph_msgs_generate_messages_cpp
[  0%] Built target rosgraph_msgs_generate_messages_eus
[  0%] Built target std_msgs_generate_messages_eus
[  0%] Built target rosgraph_msgs_generate_messages_nodejs
[  0%] Built target std_msgs_generate_messages_cpp
[  0%] Built target rosgraph_msgs_generate_messages_lisp
[  0%] Built target rosgraph_msgs_generate_messages_py
[  0%] Built target std_msgs_generate_messages_nodejs
[  0%] Built target std_msgs_generate_messages_py
[  0%] Built target std_msgs_generate_messages_lisp
[  0%] Built target path_server_generate_messages_cpp
[  0%] Built target rviz_generate_messages_cpp
[  0%] Built target path_server_generate_messages_eus
[  0%] Built target path_server_generate_messages_lisp
[  0%] Built target rviz_generate_messages_py
[  0%] Built target geometry_msgs_generate_messages_cpp
[  0%] Built target rviz_generate_messages_nodejs
[  0%] Built target rviz_generate_messages_lisp
[  0%] Built target path_server_generate_messages_nodejs
[  0%] Built target rviz_generate_messages_eus
[  0%] Built target path_server_generate_messages_py
[  0%] Built target geometry_msgs_generate_messages_lisp
[  0%] Built target geometry_msgs_generate_messages_eus
[  0%] Built target sensor_msgs_generate_messages_cpp
[  0%] Built target geometry_msgs_generate_messages_nodejs
[  0%] Built target geometry_msgs_generate_messages_py
[  0%] Built target sensor_msgs_generate_messages_eus
[  0%] Built target sensor_msgs_generate_messages_lisp
[  0%] Built target sensor_msgs_generate_messages_nodejs
[  0%] Built target tf_generate_messages_cpp
[  0%] Built target sensor_msgs_generate_messages_py
[  0%] Built target tf_generate_messages_lisp
[  0%] Built target tf_generate_messages_eus
[  0%] Built target tf_generate_messages_nodejs
[  0%] Built target actionlib_generate_messages_eus
[  0%] Built target tf_generate_messages_py
[  0%] Built target actionlib_generate_messages_nodejs
[  0%] Built target actionlib_generate_messages_cpp
[  0%] Built target actionlib_generate_messages_py
[  0%] Built target actionlib_generate_messages_lisp
[  0%] Built target actionlib_msgs_generate_messages_cpp
[  0%] Built target actionlib_msgs_generate_messages_eus
[  0%] Built target actionlib_msgs_generate_messages_lisp
[  0%] Built target actionlib_msgs_generate_messages_nodejs
[  0%] Built target actionlib_msgs_generate_messages_py
[  0%] Built target tf2_msgs_generate_messages_eus
[  0%] Built target tf2_msgs_generate_messages_lisp
[  0%] Built target visualization_msgs_generate_messages_eus
[  0%] Built target visualization_msgs_generate_messages_py
[  0%] Built target visualization_msgs_generate_messages_nodejs
[  0%] Built target tf2_msgs_generate_messages_cpp
[  0%] Built target map_msgs_generate_messages_eus
[  0%] Built target visualization_msgs_generate_messages_cpp
[  0%] Built target tf2_msgs_generate_messages_py
[  0%] Built target tf2_msgs_generate_messages_nodejs
[  0%] Built target visualization_msgs_generate_messages_lisp
[  0%] Built target map_msgs_generate_messages_lisp
[  0%] Built target map_msgs_generate_messages_cpp
[  0%] Built target map_msgs_generate_messages_nodejs
[  0%] Built target nav_msgs_generate_messages_eus
[  0%] Built target nav_msgs_generate_messages_py
[  0%] Built target std_srvs_generate_messages_eus
[  0%] Built target nav_msgs_generate_messages_nodejs
[  0%] Built target map_msgs_generate_messages_py
[  0%] Built target nav_msgs_generate_messages_lisp
[  0%] Built target std_srvs_generate_messages_cpp
[  0%] Built target std_srvs_generate_messages_lisp
[  0%] Built target nav_msgs_generate_messages_cpp
[  0%] Built target std_srvs_generate_messages_nodejs
[ 25%] [34m[1mAutomatic MOC for target path_mark_plugin[0m
[ 25%] Built target path_mark_plugin_autogen
[35m[1mConsolidate compiler generated dependencies of target path_mark_plugin[0m
[ 50%] [32mBuilding CXX object CMakeFiles/path_mark_plugin.dir/src/path_mark_plugin.cpp.o[0m
[01m[K/home/autolabor/catkin_ws/src/navigation/path_mark_plugin/src/path_mark_plugin.cpp:[m[K In member function ‘[01m[Kvoid autolabor_plugin1::PathMarkPlugin::resetTable()[m[K’:
[01m[K/home/autolabor/catkin_ws/src/navigation/path_mark_plugin/src/path_mark_plugin.cpp:113:19:[m[K [01;31m[Kerror: [m[Krequest for member ‘[01m[KsetRowCount[m[K’ in ‘[01m[K((autolabor_plugin1::PathMarkPlugin*)this)->autolabor_plugin1::PathMarkPlugin::poseArray_table_[m[K’, which is of pointer type ‘[01m[KQTableWidget*[m[K’ (maybe you meant to use ‘[01m[K->[m[K’ ?)
  poseArray_table_.[01;31m[KsetRowCount[m[K(0);
                   [01;31m[K^~~~~~~~~~~[m[K
CMakeFiles/path_mark_plugin.dir/build.make:89: recipe for target 'CMakeFiles/path_mark_plugin.dir/src/path_mark_plugin.cpp.o' failed
make[2]: *** [CMakeFiles/path_mark_plugin.dir/src/path_mark_plugin.cpp.o] Error 1
CMakeFiles/Makefile2:2368: recipe for target 'CMakeFiles/path_mark_plugin.dir/all' failed
make[1]: *** [CMakeFiles/path_mark_plugin.dir/all] Error 2
Makefile:145: recipe for target 'all' failed
make: *** [all] Error 2
