[01m[K/home/autolabor/catkin_ws/src/navigation/path_mark_plugin/src/path_mark_plugin.cpp:[m[K In member function ‘[01m[Kvoid autolabor_plugin1::PathMarkPlugin::start_task_callback()[m[K’:
[01m[K/home/autolabor/catkin_ws/src/navigation/path_mark_plugin/src/path_mark_plugin.cpp:131:114:[m[K [01;31m[Kerror: [m[Kno matching function for call to ‘[01m[Kros::NodeHandle::subscribe<visualization_msgs::MarkerArray>(const char [13], int, void (*)(const ConstPtr&), autolabor_plugin1::PathMarkPlugin*)[m[K’
  photopoint_sub = nh_.subscribe<visualization_msgs::MarkerArray>("marker_array",10,&PathMarkPlugin::callback,this[01;31m[K)[m[K;
                                                                                                                  [01;31m[K^[m[K
In file included from [01m[K/opt/ros/melodic/include/ros/ros.h:45:0[m[K,
                 from [01m[K/home/autolabor/catkin_ws/src/navigation/path_mark_plugin/include/path_mark_plugin/path_mark_plugin.h:4[m[K,
                 from [01m[K/home/autolabor/catkin_ws/src/navigation/path_mark_plugin/src/path_mark_plugin.cpp:7[m[K:
[01m[K/opt/ros/melodic/include/ros/node_handle.h:402:14:[m[K [01;36m[Knote: [m[Kcandidate: template<class M, class T> ros::Subscriber ros::NodeHandle::subscribe(const string&, uint32_t, void (T::*)(M), T*, const ros::TransportHints&)
   Subscriber [01;36m[Ksubscribe[m[K(const std::string& topic, uint32_t queue_size, void(T::*fp)(M), T* obj,
              [01;36m[K^~~~~~~~~[m[K
[01m[K/opt/ros/melodic/include/ros/node_handle.h:402:14:[m[K [01;36m[Knote: [m[K  template argument deduction/substitution failed:
[01m[K/home/autolabor/catkin_ws/src/navigation/path_mark_plugin/src/path_mark_plugin.cpp:131:114:[m[K [01;36m[Knote: [m[K  mismatched types ‘[01m[Kvoid (T::*)(visualization_msgs::MarkerArray_<std::allocator<void> >)[m[K’ and ‘[01m[Kvoid (*)(const ConstPtr&) {aka void (*)(const boost::shared_ptr<const visualization_msgs::MarkerArray_<std::allocator<void> > >&)}[m[K’
  photopoint_sub = nh_.subscribe<visualization_msgs::MarkerArray>("marker_array",10,&PathMarkPlugin::callback,this[01;36m[K)[m[K;
                                                                                                                  [01;36m[K^[m[K
In file included from [01m[K/opt/ros/melodic/include/ros/ros.h:45:0[m[K,
                 from [01m[K/home/autolabor/catkin_ws/src/navigation/path_mark_plugin/include/path_mark_plugin/path_mark_plugin.h:4[m[K,
                 from [01m[K/home/autolabor/catkin_ws/src/navigation/path_mark_plugin/src/path_mark_plugin.cpp:7[m[K:
[01m[K/opt/ros/melodic/include/ros/node_handle.h:413:14:[m[K [01;36m[Knote: [m[Kcandidate: template<class M, class T> ros::Subscriber ros::NodeHandle::subscribe(const string&, uint32_t, void (T::*)(M) const, T*, const ros::TransportHints&)
   Subscriber [01;36m[Ksubscribe[m[K(const std::string& topic, uint32_t queue_size, void(T::*fp)(M) const, T* obj,
              [01;36m[K^~~~~~~~~[m[K
[01m[K/opt/ros/melodic/include/ros/node_handle.h:413:14:[m[K [01;36m[Knote: [m[K  template argument deduction/substitution failed:
[01m[K/home/autolabor/catkin_ws/src/navigation/path_mark_plugin/src/path_mark_plugin.cpp:131:114:[m[K [01;36m[Knote: [m[K  mismatched types ‘[01m[Kvoid (T::*)(visualization_msgs::MarkerArray_<std::allocator<void> >) const[m[K’ and ‘[01m[Kvoid (*)(const ConstPtr&) {aka void (*)(const boost::shared_ptr<const visualization_msgs::MarkerArray_<std::allocator<void> > >&)}[m[K’
  photopoint_sub = nh_.subscribe<visualization_msgs::MarkerArray>("marker_array",10,&PathMarkPlugin::callback,this[01;36m[K)[m[K;
                                                                                                                  [01;36m[K^[m[K
In file included from [01m[K/opt/ros/melodic/include/ros/ros.h:45:0[m[K,
                 from [01m[K/home/autolabor/catkin_ws/src/navigation/path_mark_plugin/include/path_mark_plugin/path_mark_plugin.h:4[m[K,
                 from [01m[K/home/autolabor/catkin_ws/src/navigation/path_mark_plugin/src/path_mark_plugin.cpp:7[m[K:
[01m[K/opt/ros/melodic/include/ros/node_handle.h:465:14:[m[K [01;36m[Knote: [m[Kcandidate: template<class M, class T> ros::Subscriber ros::NodeHandle::subscribe(const string&, uint32_t, void (T::*)(const boost::shared_ptr<const M>&), T*, const ros::TransportHints&)
   Subscriber [01;36m[Ksubscribe[m[K(const std::string& topic, uint32_t queue_size,
              [01;36m[K^~~~~~~~~[m[K
[01m[K/opt/ros/melodic/include/ros/node_handle.h:465:14:[m[K [01;36m[Knote: [m[K  template argument deduction/substitution failed:
[01m[K/home/autolabor/catkin_ws/src/navigation/path_mark_plugin/src/path_mark_plugin.cpp:131:114:[m[K [01;36m[Knote: [m[K  mismatched types ‘[01m[Kvoid (T::*)(const boost::shared_ptr<const visualization_msgs::MarkerArray_<std::allocator<void> > >&)[m[K’ and ‘[01m[Kvoid (*)(const ConstPtr&) {aka void (*)(const boost::shared_ptr<const visualization_msgs::MarkerArray_<std::allocator<void> > >&)}[m[K’
  photopoint_sub = nh_.subscribe<visualization_msgs::MarkerArray>("marker_array",10,&PathMarkPlugin::callback,this[01;36m[K)[m[K;
                                                                                                                  [01;36m[K^[m[K
In file included from [01m[K/opt/ros/melodic/include/ros/ros.h:45:0[m[K,
                 from [01m[K/home/autolabor/catkin_ws/src/navigation/path_mark_plugin/include/path_mark_plugin/path_mark_plugin.h:4[m[K,
                 from [01m[K/home/autolabor/catkin_ws/src/navigation/path_mark_plugin/src/path_mark_plugin.cpp:7[m[K:
[01m[K/opt/ros/melodic/include/ros/node_handle.h:475:14:[m[K [01;36m[Knote: [m[Kcandidate: template<class M, class T> ros::Subscriber ros::NodeHandle::subscribe(const string&, uint32_t, void (T::*)(const boost::shared_ptr<const M>&) const, T*, const ros::TransportHints&)
   Subscriber [01;36m[Ksubscribe[m[K(const std::string& topic, uint32_t queue_size,
              [01;36m[K^~~~~~~~~[m[K
[01m[K/opt/ros/melodic/include/ros/node_handle.h:475:14:[m[K [01;36m[Knote: [m[K  template argument deduction/substitution failed:
[01m[K/home/autolabor/catkin_ws/src/navigation/path_mark_plugin/src/path_mark_plugin.cpp:131:114:[m[K [01;36m[Knote: [m[K  mismatched types ‘[01m[Kvoid (T::*)(const boost::shared_ptr<const visualization_msgs::MarkerArray_<std::allocator<void> > >&) const[m[K’ and ‘[01m[Kvoid (*)(const ConstPtr&) {aka void (*)(const boost::shared_ptr<const visualization_msgs::MarkerArray_<std::allocator<void> > >&)}[m[K’
  photopoint_sub = nh_.subscribe<visualization_msgs::MarkerArray>("marker_array",10,&PathMarkPlugin::callback,this[01;36m[K)[m[K;
                                                                                                                  [01;36m[K^[m[K
In file included from [01m[K/opt/ros/melodic/include/ros/ros.h:45:0[m[K,
                 from [01m[K/home/autolabor/catkin_ws/src/navigation/path_mark_plugin/include/path_mark_plugin/path_mark_plugin.h:4[m[K,
                 from [01m[K/home/autolabor/catkin_ws/src/navigation/path_mark_plugin/src/path_mark_plugin.cpp:7[m[K:
[01m[K/opt/ros/melodic/include/ros/node_handle.h:529:14:[m[K [01;36m[Knote: [m[Kcandidate: template<class M, class T> ros::Subscriber ros::NodeHandle::subscribe(const string&, uint32_t, void (T::*)(M), const boost::shared_ptr<U>&, const ros::TransportHints&)
   Subscriber [01;36m[Ksubscribe[m[K(const std::string& topic, uint32_t queue_size, void(T::*fp)(M),
              [01;36m[K^~~~~~~~~[m[K
[01m[K/opt/ros/melodic/include/ros/node_handle.h:529:14:[m[K [01;36m[Knote: [m[K  template argument deduction/substitution failed:
[01m[K/home/autolabor/catkin_ws/src/navigation/path_mark_plugin/src/path_mark_plugin.cpp:131:114:[m[K [01;36m[Knote: [m[K  mismatched types ‘[01m[Kvoid (T::*)(visualization_msgs::MarkerArray_<std::allocator<void> >)[m[K’ and ‘[01m[Kvoid (*)(const ConstPtr&) {aka void (*)(const boost::shared_ptr<const visualization_msgs::MarkerArray_<std::allocator<void> > >&)}[m[K’
  photopoint_sub = nh_.subscribe<visualization_msgs::MarkerArray>("marker_array",10,&PathMarkPlugin::callback,this[01;36m[K)[m[K;
                                                                                                                  [01;36m[K^[m[K
In file included from [01m[K/opt/ros/melodic/include/ros/ros.h:45:0[m[K,
                 from [01m[K/home/autolabor/catkin_ws/src/navigation/path_mark_plugin/include/path_mark_plugin/path_mark_plugin.h:4[m[K,
                 from [01m[K/home/autolabor/catkin_ws/src/navigation/path_mark_plugin/src/path_mark_plugin.cpp:7[m[K:
[01m[K/opt/ros/melodic/include/ros/node_handle.h:540:14:[m[K [01;36m[Knote: [m[Kcandidate: template<class M, class T> ros::Subscriber ros::NodeHandle::subscribe(const string&, uint32_t, void (T::*)(M) const, const boost::shared_ptr<U>&, const ros::TransportHints&)
   Subscriber [01;36m[Ksubscribe[m[K(const std::string& topic, uint32_t queue_size, void(T::*fp)(M) const,
              [01;36m[K^~~~~~~~~[m[K
[01m[K/opt/ros/melodic/include/ros/node_handle.h:540:14:[m[K [01;36m[Knote: [m[K  template argument deduction/substitution failed:
[01m[K/home/autolabor/catkin_ws/src/navigation/path_mark_plugin/src/path_mark_plugin.cpp:131:114:[m[K [01;36m[Knote: [m[K  mismatched types ‘[01m[Kvoid (T::*)(visualization_msgs::MarkerArray_<std::allocator<void> >) const[m[K’ and ‘[01m[Kvoid (*)(const ConstPtr&) {aka void (*)(const boost::shared_ptr<const visualization_msgs::MarkerArray_<std::allocator<void> > >&)}[m[K’
  photopoint_sub = nh_.subscribe<visualization_msgs::MarkerArray>("marker_array",10,&PathMarkPlugin::callback,this[01;36m[K)[m[K;
                                                                                                                  [01;36m[K^[m[K
In file included from [01m[K/opt/ros/melodic/include/ros/ros.h:45:0[m[K,
                 from [01m[K/home/autolabor/catkin_ws/src/navigation/path_mark_plugin/include/path_mark_plugin/path_mark_plugin.h:4[m[K,
                 from [01m[K/home/autolabor/catkin_ws/src/navigation/path_mark_plugin/src/path_mark_plugin.cpp:7[m[K:
[01m[K/opt/ros/melodic/include/ros/node_handle.h:594:14:[m[K [01;36m[Knote: [m[Kcandidate: template<class M, class T> ros::Subscriber ros::NodeHandle::subscribe(const string&, uint32_t, void (T::*)(const boost::shared_ptr<const M>&), const boost::shared_ptr<U>&, const ros::TransportHints&)
   Subscriber [01;36m[Ksubscribe[m[K(const std::string& topic, uint32_t queue_size,
              [01;36m[K^~~~~~~~~[m[K
[01m[K/opt/ros/melodic/include/ros/node_handle.h:594:14:[m[K [01;36m[Knote: [m[K  template argument deduction/substitution failed:
[01m[K/home/autolabor/catkin_ws/src/navigation/path_mark_plugin/src/path_mark_plugin.cpp:131:114:[m[K [01;36m[Knote: [m[K  mismatched types ‘[01m[Kvoid (T::*)(const boost::shared_ptr<const visualization_msgs::MarkerArray_<std::allocator<void> > >&)[m[K’ and ‘[01m[Kvoid (*)(const ConstPtr&) {aka void (*)(const boost::shared_ptr<const visualization_msgs::MarkerArray_<std::allocator<void> > >&)}[m[K’
  photopoint_sub = nh_.subscribe<visualization_msgs::MarkerArray>("marker_array",10,&PathMarkPlugin::callback,this[01;36m[K)[m[K;
                                                                                                                  [01;36m[K^[m[K
In file included from [01m[K/opt/ros/melodic/include/ros/ros.h:45:0[m[K,
                 from [01m[K/home/autolabor/catkin_ws/src/navigation/path_mark_plugin/include/path_mark_plugin/path_mark_plugin.h:4[m[K,
                 from [01m[K/home/autolabor/catkin_ws/src/navigation/path_mark_plugin/src/path_mark_plugin.cpp:7[m[K:
[01m[K/opt/ros/melodic/include/ros/node_handle.h:605:14:[m[K [01;36m[Knote: [m[Kcandidate: template<class M, class T> ros::Subscriber ros::NodeHandle::subscribe(const string&, uint32_t, void (T::*)(const boost::shared_ptr<const M>&) const, const boost::shared_ptr<U>&, const ros::TransportHints&)
   Subscriber [01;36m[Ksubscribe[m[K(const std::string& topic, uint32_t queue_size,
              [01;36m[K^~~~~~~~~[m[K
[01m[K/opt/ros/melodic/include/ros/node_handle.h:605:14:[m[K [01;36m[Knote: [m[K  template argument deduction/substitution failed:
[01m[K/home/autolabor/catkin_ws/src/navigation/path_mark_plugin/src/path_mark_plugin.cpp:131:114:[m[K [01;36m[Knote: [m[K  mismatched types ‘[01m[Kvoid (T::*)(const boost::shared_ptr<const visualization_msgs::MarkerArray_<std::allocator<void> > >&) const[m[K’ and ‘[01m[Kvoid (*)(const ConstPtr&) {aka void (*)(const boost::shared_ptr<const visualization_msgs::MarkerArray_<std::allocator<void> > >&)}[m[K’
  photopoint_sub = nh_.subscribe<visualization_msgs::MarkerArray>("marker_array",10,&PathMarkPlugin::callback,this[01;36m[K)[m[K;
                                                                                                                  [01;36m[K^[m[K
In file included from [01m[K/opt/ros/melodic/include/ros/ros.h:45:0[m[K,
                 from [01m[K/home/autolabor/catkin_ws/src/navigation/path_mark_plugin/include/path_mark_plugin/path_mark_plugin.h:4[m[K,
                 from [01m[K/home/autolabor/catkin_ws/src/navigation/path_mark_plugin/src/path_mark_plugin.cpp:7[m[K:
[01m[K/opt/ros/melodic/include/ros/node_handle.h:656:14:[m[K [01;36m[Knote: [m[Kcandidate: template<class M> ros::Subscriber ros::NodeHandle::subscribe(const string&, uint32_t, void (*)(M), const ros::TransportHints&)
   Subscriber [01;36m[Ksubscribe[m[K(const std::string& topic, uint32_t queue_size, void(*fp)(M), const TransportHints& transport_hints = TransportHints())
              [01;36m[K^~~~~~~~~[m[K
[01m[K/opt/ros/melodic/include/ros/node_handle.h:656:14:[m[K [01;36m[Knote: [m[K  template argument deduction/substitution failed:
[01m[K/home/autolabor/catkin_ws/src/navigation/path_mark_plugin/src/path_mark_plugin.cpp:131:84:[m[K [01;36m[Knote: [m[K  cannot convert ‘[01m[Kautolabor_plugin1::PathMarkPlugin::callback[m[K’ (type ‘[01m[Kvoid (*)(const ConstPtr&) {aka void (*)(const boost::shared_ptr<const visualization_msgs::MarkerArray_<std::allocator<void> > >&)}[m[K’) to type ‘[01m[Kvoid (*)(visualization_msgs::MarkerArray_<std::allocator<void> >)[m[K’
  photopoint_sub = nh_.subscribe<visualization_msgs::MarkerArray>("marker_array",10,[01;36m[K&PathMarkPlugin[m[K::callback,this);
                                                                                    [01;36m[K^~~~~~~~~~~~~~~[m[K
In file included from [01m[K/opt/ros/melodic/include/ros/ros.h:45:0[m[K,
                 from [01m[K/home/autolabor/catkin_ws/src/navigation/path_mark_plugin/include/path_mark_plugin/path_mark_plugin.h:4[m[K,
                 from [01m[K/home/autolabor/catkin_ws/src/navigation/path_mark_plugin/src/path_mark_plugin.cpp:7[m[K:
[01m[K/opt/ros/melodic/include/ros/node_handle.h:704:14:[m[K [01;36m[Knote: [m[Kcandidate: template<class M> ros::Subscriber ros::NodeHandle::subscribe(const string&, uint32_t, void (*)(const boost::shared_ptr<const M>&), const ros::TransportHints&)
   Subscriber [01;36m[Ksubscribe[m[K(const std::string& topic, uint32_t queue_size, void(*fp)(const boost::shared_ptr<M const>&), const TransportHints& transport_hints = TransportHints())
              [01;36m[K^~~~~~~~~[m[K
[01m[K/opt/ros/melodic/include/ros/node_handle.h:704:14:[m[K [01;36m[Knote: [m[K  template argument deduction/substitution failed:
[01m[K/home/autolabor/catkin_ws/src/navigation/path_mark_plugin/src/path_mark_plugin.cpp:131:114:[m[K [01;36m[Knote: [m[K  cannot convert ‘[01m[K(autolabor_plugin1::PathMarkPlugin*)this[m[K’ (type ‘[01m[Kautolabor_plugin1::PathMarkPlugin*[m[K’) to type ‘[01m[Kconst ros::TransportHints&[m[K’
  photopoint_sub = nh_.subscribe<visualization_msgs::MarkerArray>("marker_array",10,&PathMarkPlugin::callback,this[01;36m[K)[m[K;
                                                                                                                  [01;36m[K^[m[K
In file included from [01m[K/opt/ros/melodic/include/ros/ros.h:45:0[m[K,
                 from [01m[K/home/autolabor/catkin_ws/src/navigation/path_mark_plugin/include/path_mark_plugin/path_mark_plugin.h:4[m[K,
                 from [01m[K/home/autolabor/catkin_ws/src/navigation/path_mark_plugin/src/path_mark_plugin.cpp:7[m[K:
[01m[K/opt/ros/melodic/include/ros/node_handle.h:750:14:[m[K [01;36m[Knote: [m[Kcandidate: template<class M> ros::Subscriber ros::NodeHandle::subscribe(const string&, uint32_t, const boost::function<void(const boost::shared_ptr<const M>&)>&, const VoidConstPtr&, const ros::TransportHints&)
   Subscriber [01;36m[Ksubscribe[m[K(const std::string& topic, uint32_t queue_size, const boost::function<void (const boost::shared_ptr<M const>&)>& callback,
              [01;36m[K^~~~~~~~~[m[K
[01m[K/opt/ros/melodic/include/ros/node_handle.h:750:14:[m[K [01;36m[Knote: [m[K  template argument deduction/substitution failed:
[01m[K/home/autolabor/catkin_ws/src/navigation/path_mark_plugin/src/path_mark_plugin.cpp:131:114:[m[K [01;36m[Knote: [m[K  cannot convert ‘[01m[K(autolabor_plugin1::PathMarkPlugin*)this[m[K’ (type ‘[01m[Kautolabor_plugin1::PathMarkPlugin*[m[K’) to type ‘[01m[Kconst VoidConstPtr& {aka const boost::shared_ptr<const void>&}[m[K’
  photopoint_sub = nh_.subscribe<visualization_msgs::MarkerArray>("marker_array",10,&PathMarkPlugin::callback,this[01;36m[K)[m[K;
                                                                                                                  [01;36m[K^[m[K
In file included from [01m[K/opt/ros/melodic/include/ros/ros.h:45:0[m[K,
                 from [01m[K/home/autolabor/catkin_ws/src/navigation/path_mark_plugin/include/path_mark_plugin/path_mark_plugin.h:4[m[K,
                 from [01m[K/home/autolabor/catkin_ws/src/navigation/path_mark_plugin/src/path_mark_plugin.cpp:7[m[K:
[01m[K/opt/ros/melodic/include/ros/node_handle.h:799:14:[m[K [01;36m[Knote: [m[Kcandidate: template<class M, class C> ros::Subscriber ros::NodeHandle::subscribe(const string&, uint32_t, const boost::function<void(C)>&, const VoidConstPtr&, const ros::TransportHints&)
   Subscriber [01;36m[Ksubscribe[m[K(const std::string& topic, uint32_t queue_size, const boost::function<void (C)>& callback,
              [01;36m[K^~~~~~~~~[m[K
[01m[K/opt/ros/melodic/include/ros/node_handle.h:799:14:[m[K [01;36m[Knote: [m[K  template argument deduction/substitution failed:
[01m[K/home/autolabor/catkin_ws/src/navigation/path_mark_plugin/src/path_mark_plugin.cpp:131:114:[m[K [01;36m[Knote: [m[K  mismatched types ‘[01m[Kconst boost::function<void(C)>[m[K’ and ‘[01m[Kvoid (*)(const ConstPtr&) {aka void (*)(const boost::shared_ptr<const visualization_msgs::MarkerArray_<std::allocator<void> > >&)}[m[K’
  photopoint_sub = nh_.subscribe<visualization_msgs::MarkerArray>("marker_array",10,&PathMarkPlugin::callback,this[01;36m[K)[m[K;
                                                                                                                  [01;36m[K^[m[K
make[2]: *** [CMakeFiles/path_mark_plugin.dir/src/path_mark_plugin.cpp.o] Error 1
make[1]: *** [CMakeFiles/path_mark_plugin.dir/all] Error 2
make: *** [all] Error 2
