In file included from [01m[K/usr/include/x86_64-linux-gnu/qt5/QtCore/qsharedpointer.h:48:0[m[K,
                 from [01m[K/usr/include/x86_64-linux-gnu/qt5/QtGui/qpixmap.h:48[m[K,
                 from [01m[K/usr/include/x86_64-linux-gnu/qt5/QtGui/qbrush.h:52[m[K,
                 from [01m[K/usr/include/x86_64-linux-gnu/qt5/QtGui/qpalette.h:46[m[K,
                 from [01m[K/usr/include/x86_64-linux-gnu/qt5/QtWidgets/qwidget.h:48[m[K,
                 from [01m[K/usr/include/x86_64-linux-gnu/qt5/QtWidgets/QWidget:1[m[K,
                 from [01m[K/opt/ros/melodic/include/rviz/panel.h:32[m[K,
                 from [01m[K/opt/autolabor/ros/catkin_ws/build/path_mark_plugin/path_mark_plugin_autogen/S4CJDHEQGL/../../../../../../../../home/autolabor/catkin_ws/src/navigation/path_mark_plugin/include/path_mark_plugin/path_mark_plugin.h:5[m[K,
                 from [01m[K/opt/autolabor/ros/catkin_ws/build/path_mark_plugin/path_mark_plugin_autogen/S4CJDHEQGL/moc_path_mark_plugin.cpp:9[m[K,
                 from [01m[K/opt/autolabor/ros/catkin_ws/build/path_mark_plugin/path_mark_plugin_autogen/mocs_compilation.cpp:2[m[K:
[01m[K/usr/include/x86_64-linux-gnu/qt5/QtCore/qsharedpointer_impl.h:400:6:[m[K [01;31m[Kerror: [m[Kstray ‚Äò[01m[K\212[m[K‚Äô in program
     {[01;31m[Kä[m[K        return qSharedPointerCast<X, T>(*this);
      [01;31m[K^[m[K
In file included from [01m[K/usr/include/x86_64-linux-gnu/qt5/QtCore/qsharedpointer.h:48:0[m[K,
                 from [01m[K/usr/include/x86_64-linux-gnu/qt5/QtGui/qpixmap.h:48[m[K,
                 from [01m[K/usr/include/x86_64-linux-gnu/qt5/QtGui/qbrush.h:52[m[K,
                 from [01m[K/usr/include/x86_64-linux-gnu/qt5/QtGui/qpalette.h:46[m[K,
                 from [01m[K/usr/include/x86_64-linux-gnu/qt5/QtWidgets/qwidget.h:48[m[K,
                 from [01m[K/usr/include/x86_64-linux-gnu/qt5/QtWidgets/QWidget:1[m[K,
                 from [01m[K/opt/ros/melodic/include/rviz/panel.h:32[m[K,
                 from [01m[K/home/autolabor/catkin_ws/src/navigation/path_mark_plugin/include/path_mark_plugin/path_mark_plugin.h:5[m[K,
                 from [01m[K/home/autolabor/catkin_ws/src/navigation/path_mark_plugin/src/path_mark_plugin.cpp:8[m[K:
[01m[K/usr/include/x86_64-linux-gnu/qt5/QtCore/qsharedpointer_impl.h:400:6:[m[K [01;31m[Kerror: [m[Kstray ‚Äò[01m[K\212[m[K‚Äô in program
     {[01;31m[Kä[m[K        return qSharedPointerCast<X, T>(*this);
      [01;31m[K^[m[K
In file included from [01m[K/usr/include/x86_64-linux-gnu/qt5/QtCore/qsharedpointer.h:48:0[m[K,
                 from [01m[K/usr/include/x86_64-linux-gnu/qt5/QtGui/qpixmap.h:48[m[K,
                 from [01m[K/usr/include/x86_64-linux-gnu/qt5/QtGui/qbrush.h:52[m[K,
                 from [01m[K/usr/include/x86_64-linux-gnu/qt5/QtGui/qpalette.h:46[m[K,
                 from [01m[K/usr/include/x86_64-linux-gnu/qt5/QtWidgets/qwidget.h:48[m[K,
                 from [01m[K/usr/include/x86_64-linux-gnu/qt5/QtWidgets/QWidget:1[m[K,
                 from [01m[K/opt/ros/melodic/include/rviz/panel.h:32[m[K,
                 from [01m[K/opt/autolabor/ros/catkin_ws/build/path_mark_plugin/path_mark_plugin_autogen/S4CJDHEQGL/../../../../../../../../home/autolabor/catkin_ws/src/navigation/path_mark_plugin/include/path_mark_plugin/path_mark_plugin.h:5[m[K,
                 from [01m[K/opt/autolabor/ros/catkin_ws/build/path_mark_plugin/path_mark_plugin_autogen/S4CJDHEQGL/moc_path_mark_plugin.cpp:9[m[K,
                 from [01m[K/opt/autolabor/ros/catkin_ws/build/path_mark_plugin/path_mark_plugin_autogen/mocs_compilation.cpp:2[m[K:
[01m[K/usr/include/x86_64-linux-gnu/qt5/QtCore/qsharedpointer_impl.h:[m[K In static member function ‚Äò[01m[Kstatic QSharedPointer<T> QSharedPointer<T>::create(Args&& ...)[m[K‚Äô:
[01m[K/usr/include/x86_64-linux-gnu/qt5/QtCore/qsharedpointer_impl.h:430:17:[m[K [01;31m[Kerror: [m[K‚Äò[01m[KQtSharedPointer[m[K‚Äô does not name a type; did you mean ‚Äò[01m[KQSharedPointer[m[K‚Äô?
         typedef [01;31m[KQtSharedPointer[m[K*:ExternalRefCountWithContiguousData<T> Private;
                 [01;31m[K^~~~~~~~~~~~~~~[m[K
                 [32m[KQSharedPointer[m[K
[01m[K/usr/include/x86_64-linux-gnu/qt5/QtCore/qsharedpointer_impl.h:434:18:[m[K [01;31m[Kerror: [m[K‚Äò[01m[KPrivate[m[K‚Äô has not been declared
         typename [01;31m[KPrivate[m[K::DestroyerFn destroy = &Private::deleter;
                  [01;31m[K^~~~~~~[m[K
[01m[K/usr/include/x86_64-linux-gnu/qt5/QtCore/qsharedpointer_impl.h:434:39:[m[K [01;31m[Kerror: [m[Kexpected ‚Äò[01m[K([m[K‚Äô before ‚Äò[01m[Kdestroy[m[K‚Äô
         typename Private::DestroyerFn [01;31m[Kdestroy[m[K = &Private::deleter;
                                       [01;31m[K^~~~~~~[m[K
[01m[K/usr/include/x86_64-linux-gnu/qt5/QtCore/qsharedpointer_impl.h:436:18:[m[K [01;31m[Kerror: [m[K‚Äò[01m[KPrivate[m[K‚Äô has not been declared
         typename [01;31m[KPrivate[m[K::DestroyerFn noDestroy = &Private::noDeleter;
                  [01;31m[K^~~~~~~[m[K
[01m[K/usr/include/x86_64-linux-gnu/qt5/QtCore/qsharedpointer_impl.h:436:39:[m[K [01;31m[Kerror: [m[Kexpected ‚Äò[01m[K([m[K‚Äô before ‚Äò[01m[KnoDestroy[m[K‚Äô
         typename Private::DestroyerFn [01;31m[KnoDestroy[m[K = &Private::noDeleter;
                                       [01;31m[K^~~~~~~~~[m[K
[01m[K/usr/include/x86_64-linux-gnu/qt5/QtCore/qsharedpointer_impl.h:438:20:[m[K [01;31m[Kerror: [m[K‚Äò[01m[KPrivate[m[K‚Äô has not been declared
         result.d = [01;31m[KPrivate[m[K::create(&result.value, noDestroy);
                    [01;31m[K^~~~~~~[m[K
[01m[K/usr/include/x86_64-linux-gnu/qt5/QtCore/qsharedpointer_impl.h:438:51:[m[K [01;31m[Kerror: [m[K‚Äò[01m[KnoDestroy[m[K‚Äô was not declared in this scope
         result.d = Private::create(&result.value, [01;31m[KnoDestroy[m[K);
                                                   [01;31m[K^~~~~~~~~[m[K
[01m[K/usr/include/x86_64-linux-gnu/qt5/QtCore/qsharedpointer_impl.h:438:51:[m[K [01;36m[Knote: [m[Ksuggested alternative: ‚Äò[01m[Kgetentropy[m[K‚Äô
         result.d = Private::create(&result.value, [01;36m[KnoDestroy[m[K);
                                                   [01;36m[K^~~~~~~~~[m[K
                                                   [32m[Kgetentropy[m[K
[01m[K/usr/include/x86_64-linux-gnu/qt5/QtCore/qsharedpointer_impl.h:442:31:[m[K [01;31m[Kerror: [m[K‚Äò[01m[Kdestroy[m[K‚Äô was not declared in this scope
         result.d->destroyer = [01;31m[Kdestroy[m[K;
                               [01;31m[K^~~~~~~[m[K
In file included from [01m[K/usr/include/x86_64-linux-gnu/qt5/QtCore/qsharedpointer.h:48:0[m[K,
                 from [01m[K/usr/include/x86_64-linux-gnu/qt5/QtGui/qpixmap.h:48[m[K,
                 from [01m[K/usr/include/x86_64-linux-gnu/qt5/QtGui/qbrush.h:52[m[K,
                 from [01m[K/usr/include/x86_64-linux-gnu/qt5/QtGui/qpalette.h:46[m[K,
                 from [01m[K/usr/include/x86_64-linux-gnu/qt5/QtWidgets/qwidget.h:48[m[K,
                 from [01m[K/usr/include/x86_64-linux-gnu/qt5/QtWidgets/QWidget:1[m[K,
                 from [01m[K/opt/ros/melodic/include/rviz/panel.h:32[m[K,
                 from [01m[K/home/autolabor/catkin_ws/src/navigation/path_mark_plugin/include/path_mark_plugin/path_mark_plugin.h:5[m[K,
                 from [01m[K/home/autolabor/catkin_ws/src/navigation/path_mark_plugin/src/path_mark_plugin.cpp:8[m[K:
[01m[K/usr/include/x86_64-linux-gnu/qt5/QtCore/qsharedpointer_impl.h:[m[K In static member function ‚Äò[01m[Kstatic QSharedPointer<T> QSharedPointer<T>::create(Args&& ...)[m[K‚Äô:
[01m[K/usr/include/x86_64-linux-gnu/qt5/QtCore/qsharedpointer_impl.h:430:17:[m[K [01;31m[Kerror: [m[K‚Äò[01m[KQtSharedPointer[m[K‚Äô does not name a type; did you mean ‚Äò[01m[KQSharedPointer[m[K‚Äô?
         typedef [01;31m[KQtSharedPointer[m[K*:ExternalRefCountWithContiguousData<T> Private;
                 [01;31m[K^~~~~~~~~~~~~~~[m[K
                 [32m[KQSharedPointer[m[K
[01m[K/usr/include/x86_64-linux-gnu/qt5/QtCore/qsharedpointer_impl.h:434:18:[m[K [01;31m[Kerror: [m[K‚Äò[01m[KPrivate[m[K‚Äô has not been declared
         typename [01;31m[KPrivate[m[K::DestroyerFn destroy = &Private::deleter;
                  [01;31m[K^~~~~~~[m[K
[01m[K/usr/include/x86_64-linux-gnu/qt5/QtCore/qsharedpointer_impl.h:434:39:[m[K [01;31m[Kerror: [m[Kexpected ‚Äò[01m[K([m[K‚Äô before ‚Äò[01m[Kdestroy[m[K‚Äô
         typename Private::DestroyerFn [01;31m[Kdestroy[m[K = &Private::deleter;
                                       [01;31m[K^~~~~~~[m[K
[01m[K/usr/include/x86_64-linux-gnu/qt5/QtCore/qsharedpointer_impl.h:436:18:[m[K [01;31m[Kerror: [m[K‚Äò[01m[KPrivate[m[K‚Äô has not been declared
         typename [01;31m[KPrivate[m[K::DestroyerFn noDestroy = &Private::noDeleter;
                  [01;31m[K^~~~~~~[m[K
[01m[K/usr/include/x86_64-linux-gnu/qt5/QtCore/qsharedpointer_impl.h:436:39:[m[K [01;31m[Kerror: [m[Kexpected ‚Äò[01m[K([m[K‚Äô before ‚Äò[01m[KnoDestroy[m[K‚Äô
         typename Private::DestroyerFn [01;31m[KnoDestroy[m[K = &Private::noDeleter;
                                       [01;31m[K^~~~~~~~~[m[K
[01m[K/usr/include/x86_64-linux-gnu/qt5/QtCore/qsharedpointer_impl.h:438:20:[m[K [01;31m[Kerror: [m[K‚Äò[01m[KPrivate[m[K‚Äô has not been declared
         result.d = [01;31m[KPrivate[m[K::create(&result.value, noDestroy);
                    [01;31m[K^~~~~~~[m[K
[01m[K/usr/include/x86_64-linux-gnu/qt5/QtCore/qsharedpointer_impl.h:438:51:[m[K [01;31m[Kerror: [m[K‚Äò[01m[KnoDestroy[m[K‚Äô was not declared in this scope
         result.d = Private::create(&result.value, [01;31m[KnoDestroy[m[K);
                                                   [01;31m[K^~~~~~~~~[m[K
[01m[K/usr/include/x86_64-linux-gnu/qt5/QtCore/qsharedpointer_impl.h:438:51:[m[K [01;36m[Knote: [m[Ksuggested alternative: ‚Äò[01m[Kgetentropy[m[K‚Äô
         result.d = Private::create(&result.value, [01;36m[KnoDestroy[m[K);
                                                   [01;36m[K^~~~~~~~~[m[K
                                                   [32m[Kgetentropy[m[K
[01m[K/usr/include/x86_64-linux-gnu/qt5/QtCore/qsharedpointer_impl.h:442:31:[m[K [01;31m[Kerror: [m[K‚Äò[01m[Kdestroy[m[K‚Äô was not declared in this scope
         result.d->destroyer = [01;31m[Kdestroy[m[K;
                               [01;31m[K^~~~~~~[m[K
make[2]: *** [CMakeFiles/path_mark_plugin.dir/path_mark_plugin_autogen/mocs_compilation.cpp.o] Error 1
make[2]: *** Ê≠£Âú®Á≠âÂæÖÊú™ÂÆåÊàêÁöÑ‰ªªÂä°....
make[2]: *** [CMakeFiles/path_mark_plugin.dir/src/path_mark_plugin.cpp.o] Error 1
make[1]: *** [CMakeFiles/path_mark_plugin.dir/all] Error 2
make: *** [all] Error 2
