[01m[K/home/autolabor/catkin_ws/src/navigation/path_mark_plugin/src/path_mark_plugin.cpp:[m[K In member function ‘[01m[Kvoid autolabor_plugin1::PathMarkPlugin::start_task_callback()[m[K’:
[01m[K/home/autolabor/catkin_ws/src/navigation/path_mark_plugin/src/path_mark_plugin.cpp:134:92:[m[K [01;31m[Kerror: [m[Kinvalid use of non-static member function ‘[01m[Kvoid autolabor_plugin1::PathMarkPlugin::callback(const ConstPtr&)[m[K’
  photopoint_sub = nh_.subscribe<visualization_msgs::MarkerArray>("marker_array",10,callback[01;31m[K)[m[K;
                                                                                            [01;31m[K^[m[K
In file included from [01m[K/home/autolabor/catkin_ws/src/navigation/path_mark_plugin/src/path_mark_plugin.cpp:7:0[m[K:
[01m[K/home/autolabor/catkin_ws/src/navigation/path_mark_plugin/include/path_mark_plugin/path_mark_plugin.h:129:7:[m[K [01;36m[Knote: [m[Kdeclared here
  void [01;36m[Kcallback[m[K(const visualization_msgs::MarkerArray::ConstPtr &msg);
       [01;36m[K^~~~~~~~[m[K
[01m[K/home/autolabor/catkin_ws/src/navigation/path_mark_plugin/src/path_mark_plugin.cpp:[m[K In function ‘[01m[Kvoid autolabor_plugin1::callback(const ConstPtr&)[m[K’:
[01m[K/home/autolabor/catkin_ws/src/navigation/path_mark_plugin/src/path_mark_plugin.cpp:139:9:[m[K [01;31m[Kerror: [m[K‘[01m[KtfBuffer_[m[K’ was not declared in this scope
     if ([01;31m[KtfBuffer_[m[K.canTransform(target_frame, child_frame,
         [01;31m[K^~~~~~~~~[m[K
[01m[K/home/autolabor/catkin_ws/src/navigation/path_mark_plugin/src/path_mark_plugin.cpp:139:9:[m[K [01;36m[Knote: [m[Ksuggested alternative: ‘[01m[Ktowupper_l[m[K’
     if ([01;36m[KtfBuffer_[m[K.canTransform(target_frame, child_frame,
         [01;36m[K^~~~~~~~~[m[K
         [32m[Ktowupper_l[m[K
[01m[K/home/autolabor/catkin_ws/src/navigation/path_mark_plugin/src/path_mark_plugin.cpp:139:32:[m[K [01;31m[Kerror: [m[K‘[01m[Ktarget_frame[m[K’ was not declared in this scope
     if (tfBuffer_.canTransform([01;31m[Ktarget_frame[m[K, child_frame,
                                [01;31m[K^~~~~~~~~~~~[m[K
[01m[K/home/autolabor/catkin_ws/src/navigation/path_mark_plugin/src/path_mark_plugin.cpp:139:46:[m[K [01;31m[Kerror: [m[K‘[01m[Kchild_frame[m[K’ was not declared in this scope
     if (tfBuffer_.canTransform(target_frame, [01;31m[Kchild_frame[m[K,
                                              [01;31m[K^~~~~~~~~~~[m[K
[01m[K/home/autolabor/catkin_ws/src/navigation/path_mark_plugin/src/path_mark_plugin.cpp:149:6:[m[K [01;31m[Kerror: [m[K‘[01m[Kdistance[m[K’ was not declared in this scope
      [01;31m[Kdistance[m[K = sqrt((dx-x)*(dx-x)+(dy-y)*(dy-y));
      [01;31m[K^~~~~~~~[m[K
[01m[K/home/autolabor/catkin_ws/src/navigation/path_mark_plugin/src/path_mark_plugin.cpp:149:6:[m[K [01;36m[Knote: [m[Ksuggested alternatives:
In file included from [01m[K/usr/include/c++/7/bits/stl_algobase.h:66:0[m[K,
                 from [01m[K/usr/include/c++/7/bits/char_traits.h:39[m[K,
                 from [01m[K/usr/include/c++/7/string:40[m[K,
                 from [01m[K/opt/ros/melodic/include/tf/transform_datatypes.h:35[m[K,
                 from [01m[K/home/autolabor/catkin_ws/src/navigation/path_mark_plugin/src/path_mark_plugin.cpp:1[m[K:
[01m[K/usr/include/c++/7/bits/stl_iterator_base_funcs.h:138:5:[m[K [01;36m[Knote: [m[K  ‘[01m[Kstd::distance[m[K’
     [01;36m[Kdistance[m[K(_InputIterator __first, _InputIterator __last)
     [01;36m[K^~~~~~~~[m[K
In file included from [01m[K/usr/include/boost/range/functions.hpp:21:0[m[K,
                 from [01m[K/usr/include/boost/range/iterator_range_core.hpp:38[m[K,
                 from [01m[K/usr/include/boost/lexical_cast.hpp:30[m[K,
                 from [01m[K/opt/ros/melodic/include/ros/transport_hints.h:34[m[K,
                 from [01m[K/opt/ros/melodic/include/ros/subscribe_options.h:33[m[K,
                 from [01m[K/opt/ros/melodic/include/ros/node_handle.h:42[m[K,
                 from [01m[K/opt/ros/melodic/include/ros/ros.h:45[m[K,
                 from [01m[K/home/autolabor/catkin_ws/src/navigation/path_mark_plugin/include/path_mark_plugin/path_mark_plugin.h:4[m[K,
                 from [01m[K/home/autolabor/catkin_ws/src/navigation/path_mark_plugin/src/path_mark_plugin.cpp:7[m[K:
[01m[K/usr/include/boost/range/distance.hpp:27:5:[m[K [01;36m[Knote: [m[K  ‘[01m[Kboost::distance[m[K’
     [01;36m[Kdistance[m[K( const T& r )
     [01;36m[K^~~~~~~~[m[K
In file included from [01m[K/usr/include/boost/mpl/vector/aux_/iterator.hpp:22:0[m[K,
                 from [01m[K/usr/include/boost/mpl/vector/aux_/vector0.hpp:22[m[K,
                 from [01m[K/usr/include/boost/mpl/vector/aux_/clear.hpp:18[m[K,
                 from [01m[K/usr/include/boost/mpl/vector/vector0.hpp:24[m[K,
                 from [01m[K/usr/include/boost/mpl/vector/vector10.hpp:18[m[K,
                 from [01m[K/usr/include/boost/mpl/vector/vector20.hpp:18[m[K,
                 from [01m[K/usr/include/boost/mpl/vector.hpp:36[m[K,
                 from [01m[K/usr/include/boost/math/policies/policy.hpp:14[m[K,
                 from [01m[K/usr/include/boost/math/policies/error_handling.hpp:21[m[K,
                 from [01m[K/usr/include/boost/math/special_functions/round.hpp:14[m[K,
                 from [01m[K/opt/ros/melodic/include/ros/time.h:58[m[K,
                 from [01m[K/opt/ros/melodic/include/ros/serialization.h:34[m[K,
                 from [01m[K/opt/ros/melodic/include/geometry_msgs/PointStamped.h:14[m[K,
                 from [01m[K/opt/ros/melodic/include/tf/transform_datatypes.h:36[m[K,
                 from [01m[K/home/autolabor/catkin_ws/src/navigation/path_mark_plugin/src/path_mark_plugin.cpp:1[m[K:
[01m[K/usr/include/boost/mpl/distance_fwd.hpp:24:50:[m[K [01;36m[Knote: [m[K  ‘[01m[Kboost::mpl::distance[m[K’
 template< typename First, typename Last > struct [01;36m[Kdistance[m[K;
                                                  [01;36m[K^~~~~~~~[m[K
In file included from [01m[K/usr/include/c++/7/bits/stl_algobase.h:66:0[m[K,
                 from [01m[K/usr/include/c++/7/bits/char_traits.h:39[m[K,
                 from [01m[K/usr/include/c++/7/string:40[m[K,
                 from [01m[K/opt/ros/melodic/include/tf/transform_datatypes.h:35[m[K,
                 from [01m[K/home/autolabor/catkin_ws/src/navigation/path_mark_plugin/src/path_mark_plugin.cpp:1[m[K:
[01m[K/usr/include/c++/7/bits/stl_iterator_base_funcs.h:138:5:[m[K [01;36m[Knote: [m[K  ‘[01m[Kstd::distance[m[K’
     [01;36m[Kdistance[m[K(_InputIterator __first, _InputIterator __last)
     [01;36m[K^~~~~~~~[m[K
[01m[K/home/autolabor/catkin_ws/src/navigation/path_mark_plugin/src/path_mark_plugin.cpp:[m[K In member function ‘[01m[Kvoid autolabor_plugin1::PathMarkPlugin::photo_point_callback(int, int)[m[K’:
[01m[K/home/autolabor/catkin_ws/src/navigation/path_mark_plugin/src/path_mark_plugin.cpp:267:49:[m[K [01;31m[Kerror: [m[Kassignment of member ‘[01m[Kvisualization_msgs::Marker_<std::allocator<void> >::action[m[K’ in read-only object
     marker.action = visualization_msgs::Marker::[01;31m[KDELETE[m[K;
                                                 [01;31m[K^~~~~~[m[K
[01m[K/home/autolabor/catkin_ws/src/navigation/path_mark_plugin/src/path_mark_plugin.cpp:272:2:[m[K [01;31m[Kerror: [m[Kexpected ‘[01m[K}[m[K’ before ‘[01m[Kelse[m[K’
  [01;31m[Kelse[m[K
  [01;31m[K^~~~[m[K
make[2]: *** [CMakeFiles/path_mark_plugin.dir/src/path_mark_plugin.cpp.o] Error 1
make[1]: *** [CMakeFiles/path_mark_plugin.dir/all] Error 2
make: *** [all] Error 2
