[  0%] Built target roscpp_generate_messages_cpp
[  0%] Built target std_srvs_generate_messages_py
[  0%] Built target roscpp_generate_messages_nodejs
[  0%] Built target roscpp_generate_messages_py
[  0%] Built target roscpp_generate_messages_lisp
[  0%] Built target roscpp_generate_messages_eus
[  0%] Built target rosgraph_msgs_generate_messages_lisp
[  0%] Built target rosgraph_msgs_generate_messages_cpp
[  0%] Built target std_msgs_generate_messages_eus
[  0%] Built target rosgraph_msgs_generate_messages_py
[  0%] Built target rosgraph_msgs_generate_messages_eus
[  0%] Built target std_msgs_generate_messages_cpp
[  0%] Built target std_msgs_generate_messages_py
[  0%] Built target std_msgs_generate_messages_lisp
[  0%] Built target std_msgs_generate_messages_nodejs
[  0%] Built target rosgraph_msgs_generate_messages_nodejs
[  0%] Built target path_server_generate_messages_lisp
[  0%] Built target path_server_generate_messages_eus
[  0%] Built target path_server_generate_messages_cpp
[  0%] Built target rviz_generate_messages_cpp
[  0%] Built target geometry_msgs_generate_messages_nodejs
[  0%] Built target rviz_generate_messages_nodejs
[  0%] Built target geometry_msgs_generate_messages_eus
[  0%] Built target path_server_generate_messages_nodejs
[  0%] Built target path_server_generate_messages_py
[  0%] Built target rviz_generate_messages_lisp
[  0%] Built target rviz_generate_messages_eus
[  0%] Built target geometry_msgs_generate_messages_lisp
[  0%] Built target geometry_msgs_generate_messages_py
[  0%] Built target sensor_msgs_generate_messages_cpp
[  0%] Built target rviz_generate_messages_py
[  0%] Built target geometry_msgs_generate_messages_cpp
[  0%] Built target sensor_msgs_generate_messages_eus
[  0%] Built target sensor_msgs_generate_messages_lisp
[  0%] Built target sensor_msgs_generate_messages_py
[  0%] Built target tf_generate_messages_lisp
[  0%] Built target sensor_msgs_generate_messages_nodejs
[  0%] Built target tf_generate_messages_cpp
[  0%] Built target actionlib_generate_messages_eus
[  0%] Built target tf_generate_messages_eus
[  0%] Built target actionlib_generate_messages_nodejs
[  0%] Built target tf_generate_messages_nodejs
[  0%] Built target actionlib_generate_messages_cpp
[  0%] Built target tf_generate_messages_py
[  0%] Built target actionlib_generate_messages_lisp
[  0%] Built target actionlib_generate_messages_py
[  0%] Built target actionlib_msgs_generate_messages_cpp
[  0%] Built target actionlib_msgs_generate_messages_eus
[  0%] Built target actionlib_msgs_generate_messages_nodejs
[  0%] Built target actionlib_msgs_generate_messages_lisp
[  0%] Built target tf2_msgs_generate_messages_cpp
[  0%] Built target tf2_msgs_generate_messages_lisp
[  0%] Built target tf2_msgs_generate_messages_eus
[  0%] Built target actionlib_msgs_generate_messages_py
[  0%] Built target tf2_msgs_generate_messages_nodejs
[  0%] Built target tf2_msgs_generate_messages_py
[  0%] Built target map_msgs_generate_messages_cpp
[  0%] Built target visualization_msgs_generate_messages_eus
[  0%] Built target visualization_msgs_generate_messages_nodejs
[  0%] Built target visualization_msgs_generate_messages_cpp
[  0%] Built target visualization_msgs_generate_messages_py
[  0%] Built target visualization_msgs_generate_messages_lisp
[  0%] Built target map_msgs_generate_messages_lisp
[  0%] Built target map_msgs_generate_messages_eus
[  0%] Built target map_msgs_generate_messages_nodejs
[  0%] Built target nav_msgs_generate_messages_cpp
[  0%] Built target nav_msgs_generate_messages_lisp
[  0%] Built target map_msgs_generate_messages_py
[  0%] Built target nav_msgs_generate_messages_eus
[  0%] Built target nav_msgs_generate_messages_py
[  0%] Built target std_srvs_generate_messages_cpp
[  0%] Built target nav_msgs_generate_messages_nodejs
[  0%] Built target std_srvs_generate_messages_eus
[  0%] Built target std_srvs_generate_messages_nodejs
[  0%] Built target std_srvs_generate_messages_lisp
[ 25%] [34m[1mAutomatic MOC for target path_mark_plugin[0m
[ 25%] Built target path_mark_plugin_autogen
[ 50%] [32mBuilding CXX object CMakeFiles/path_mark_plugin.dir/path_mark_plugin_autogen/mocs_compilation.cpp.o[0m
[ 75%] [32mBuilding CXX object CMakeFiles/path_mark_plugin.dir/src/path_mark_plugin.cpp.o[0m
In file included from [01m[K/usr/include/x86_64-linux-gnu/qt5/QtGui/qpixmap.h:48:0[m[K,
                 from [01m[K/usr/include/x86_64-linux-gnu/qt5/QtGui/qbrush.h:52[m[K,
                 from [01m[K/usr/include/x86_64-linux-gnu/qt5/QtGui/qpalette.h:46[m[K,
                 from [01m[K/usr/include/x86_64-linux-gnu/qt5/QtWidgets/qwidget.h:48[m[K,
                 from [01m[K/usr/include/x86_64-linux-gnu/qt5/QtWidgets/QWidget:1[m[K,
                 from [01m[K/opt/ros/melodic/include/rviz/panel.h:32[m[K,
                 from [01m[K/opt/autolabor/ros/catkin_ws/build/path_mark_plugin/path_mark_plugin_autogen/S4CJDHEQGL/../../../../../../../../home/autolabor/catkin_ws/src/navigation/path_mark_plugin/include/path_mark_plugin/path_mark_plugin.h:5[m[K,
                 from [01m[K/opt/autolabor/ros/catkin_ws/build/path_mark_plugin/path_mark_plugin_autogen/S4CJDHEQGL/moc_path_mark_plugin.cpp:9[m[K,
                 from [01m[K/opt/autolabor/ros/catkin_ws/build/path_mark_plugin/path_mark_plugin_autogen/mocs_compilation.cpp:2[m[K:
[01m[K/usr/include/x86_64-linux-gnu/qt5/QtCore/qsharedpointer.h:48:11:[m[K [01;31m[Kfatal error: [m[K/usr/include/x86_64-linux-gnu/qt5/QtCore/qsharedpointer_impl.h: æƒé™ä¸å¤Ÿ
 # include [01;31m[K<QtCore/qsharedpointer_impl.h>[m[K
           [01;31m[K^~~~~~~~~~~~~~~~~~~~~~~~~~~~~~[m[K
compilation terminated.
In file included from [01m[K/usr/include/x86_64-linux-gnu/qt5/QtGui/qpixmap.h:48:0[m[K,
                 from [01m[K/usr/include/x86_64-linux-gnu/qt5/QtGui/qbrush.h:52[m[K,
                 from [01m[K/usr/include/x86_64-linux-gnu/qt5/QtGui/qpalette.h:46[m[K,
                 from [01m[K/usr/include/x86_64-linux-gnu/qt5/QtWidgets/qwidget.h:48[m[K,
                 from [01m[K/usr/include/x86_64-linux-gnu/qt5/QtWidgets/QWidget:1[m[K,
                 from [01m[K/opt/ros/melodic/include/rviz/panel.h:32[m[K,
                 from [01m[K/home/autolabor/catkin_ws/src/navigation/path_mark_plugin/include/path_mark_plugin/path_mark_plugin.h:5[m[K,
                 from [01m[K/home/autolabor/catkin_ws/src/navigation/path_mark_plugin/src/path_mark_plugin.cpp:8[m[K:
[01m[K/usr/include/x86_64-linux-gnu/qt5/QtCore/qsharedpointer.h:48:11:[m[K [01;31m[Kfatal error: [m[K/usr/include/x86_64-linux-gnu/qt5/QtCore/qsharedpointer_impl.h: æƒé™ä¸å¤Ÿ
 # include [01;31m[K<QtCore/qsharedpointer_impl.h>[m[K
           [01;31m[K^~~~~~~~~~~~~~~~~~~~~~~~~~~~~~[m[K
compilation terminated.
CMakeFiles/path_mark_plugin.dir/build.make:75: recipe for target 'CMakeFiles/path_mark_plugin.dir/path_mark_plugin_autogen/mocs_compilation.cpp.o' failed
make[2]: *** [CMakeFiles/path_mark_plugin.dir/path_mark_plugin_autogen/mocs_compilation.cpp.o] Error 1
make[2]: *** æ­£åœ¨ç­‰å¾…æœªå®Œæˆçš„ä»»åŠ¡....
CMakeFiles/path_mark_plugin.dir/build.make:89: recipe for target 'CMakeFiles/path_mark_plugin.dir/src/path_mark_plugin.cpp.o' failed
make[2]: *** [CMakeFiles/path_mark_plugin.dir/src/path_mark_plugin.cpp.o] Error 1
CMakeFiles/Makefile2:2368: recipe for target 'CMakeFiles/path_mark_plugin.dir/all' failed
make[1]: *** [CMakeFiles/path_mark_plugin.dir/all] Error 2
Makefile:145: recipe for target 'all' failed
make: *** [all] Error 2
