[01m[K/home/autolabor/catkin_ws/src/navigation/path_mark_plugin/src/path_mark_plugin.cpp:[m[K In function ‘[01m[Kvoid autolabor_plugin1::callback(const ConstPtr&)[m[K’:
[01m[K/home/autolabor/catkin_ws/src/navigation/path_mark_plugin/src/path_mark_plugin.cpp:150:6:[m[K [01;31m[Kerror: [m[K‘[01m[Kdistance[m[K’ was not declared in this scope
      [01;31m[Kdistance[m[K = sqrt((dx-x)*(dx-x)+(dy-y)*(dy-y));
      [01;31m[K^~~~~~~~[m[K
[01m[K/home/autolabor/catkin_ws/src/navigation/path_mark_plugin/src/path_mark_plugin.cpp:150:6:[m[K [01;36m[Knote: [m[Ksuggested alternatives:
In file included from [01m[K/usr/include/c++/7/bits/stl_algobase.h:66:0[m[K,
                 from [01m[K/usr/include/c++/7/bits/char_traits.h:39[m[K,
                 from [01m[K/usr/include/c++/7/string:40[m[K,
                 from [01m[K/opt/ros/melodic/include/tf/transform_datatypes.h:35[m[K,
                 from [01m[K/home/autolabor/catkin_ws/src/navigation/path_mark_plugin/src/path_mark_plugin.cpp:1[m[K:
[01m[K/usr/include/c++/7/bits/stl_iterator_base_funcs.h:138:5:[m[K [01;36m[Knote: [m[K  ‘[01m[Kstd::distance[m[K’
     [01;36m[Kdistance[m[K(_InputIterator __first, _InputIterator __last)
     [01;36m[K^~~~~~~~[m[K
In file included from [01m[K/usr/include/boost/range/functions.hpp:21:0[m[K,
                 from [01m[K/usr/include/boost/range/iterator_range_core.hpp:38[m[K,
                 from [01m[K/usr/include/boost/lexical_cast.hpp:30[m[K,
                 from [01m[K/opt/ros/melodic/include/ros/transport_hints.h:34[m[K,
                 from [01m[K/opt/ros/melodic/include/ros/subscribe_options.h:33[m[K,
                 from [01m[K/opt/ros/melodic/include/ros/node_handle.h:42[m[K,
                 from [01m[K/opt/ros/melodic/include/ros/ros.h:45[m[K,
                 from [01m[K/home/autolabor/catkin_ws/src/navigation/path_mark_plugin/include/path_mark_plugin/path_mark_plugin.h:4[m[K,
                 from [01m[K/home/autolabor/catkin_ws/src/navigation/path_mark_plugin/src/path_mark_plugin.cpp:7[m[K:
[01m[K/usr/include/boost/range/distance.hpp:27:5:[m[K [01;36m[Knote: [m[K  ‘[01m[Kboost::distance[m[K’
     [01;36m[Kdistance[m[K( const T& r )
     [01;36m[K^~~~~~~~[m[K
In file included from [01m[K/usr/include/boost/mpl/vector/aux_/iterator.hpp:22:0[m[K,
                 from [01m[K/usr/include/boost/mpl/vector/aux_/vector0.hpp:22[m[K,
                 from [01m[K/usr/include/boost/mpl/vector/aux_/clear.hpp:18[m[K,
                 from [01m[K/usr/include/boost/mpl/vector/vector0.hpp:24[m[K,
                 from [01m[K/usr/include/boost/mpl/vector/vector10.hpp:18[m[K,
                 from [01m[K/usr/include/boost/mpl/vector/vector20.hpp:18[m[K,
                 from [01m[K/usr/include/boost/mpl/vector.hpp:36[m[K,
                 from [01m[K/usr/include/boost/math/policies/policy.hpp:14[m[K,
                 from [01m[K/usr/include/boost/math/policies/error_handling.hpp:21[m[K,
                 from [01m[K/usr/include/boost/math/special_functions/round.hpp:14[m[K,
                 from [01m[K/opt/ros/melodic/include/ros/time.h:58[m[K,
                 from [01m[K/opt/ros/melodic/include/ros/serialization.h:34[m[K,
                 from [01m[K/opt/ros/melodic/include/geometry_msgs/PointStamped.h:14[m[K,
                 from [01m[K/opt/ros/melodic/include/tf/transform_datatypes.h:36[m[K,
                 from [01m[K/home/autolabor/catkin_ws/src/navigation/path_mark_plugin/src/path_mark_plugin.cpp:1[m[K:
[01m[K/usr/include/boost/mpl/distance_fwd.hpp:24:50:[m[K [01;36m[Knote: [m[K  ‘[01m[Kboost::mpl::distance[m[K’
 template< typename First, typename Last > struct [01;36m[Kdistance[m[K;
                                                  [01;36m[K^~~~~~~~[m[K
In file included from [01m[K/usr/include/c++/7/bits/stl_algobase.h:66:0[m[K,
                 from [01m[K/usr/include/c++/7/bits/char_traits.h:39[m[K,
                 from [01m[K/usr/include/c++/7/string:40[m[K,
                 from [01m[K/opt/ros/melodic/include/tf/transform_datatypes.h:35[m[K,
                 from [01m[K/home/autolabor/catkin_ws/src/navigation/path_mark_plugin/src/path_mark_plugin.cpp:1[m[K:
[01m[K/usr/include/c++/7/bits/stl_iterator_base_funcs.h:138:5:[m[K [01;36m[Knote: [m[K  ‘[01m[Kstd::distance[m[K’
     [01;36m[Kdistance[m[K(_InputIterator __first, _InputIterator __last)
     [01;36m[K^~~~~~~~[m[K
[01m[K/home/autolabor/catkin_ws/src/navigation/path_mark_plugin/src/path_mark_plugin.cpp:[m[K In member function ‘[01m[Kvoid autolabor_plugin1::PathMarkPlugin::photo_point_callback(int, int)[m[K’:
[01m[K/home/autolabor/catkin_ws/src/navigation/path_mark_plugin/src/path_mark_plugin.cpp:268:49:[m[K [01;31m[Kerror: [m[Kassignment of member ‘[01m[Kvisualization_msgs::Marker_<std::allocator<void> >::action[m[K’ in read-only object
     marker.action = visualization_msgs::Marker::[01;31m[KDELETE[m[K;
                                                 [01;31m[K^~~~~~[m[K
[01m[K/home/autolabor/catkin_ws/src/navigation/path_mark_plugin/src/path_mark_plugin.cpp:273:2:[m[K [01;31m[Kerror: [m[Kexpected ‘[01m[K}[m[K’ before ‘[01m[Kelse[m[K’
  [01;31m[Kelse[m[K
  [01;31m[K^~~~[m[K
[01m[K/home/autolabor/catkin_ws/src/navigation/path_mark_plugin/src/path_mark_plugin.cpp:273:2:[m[K [01;31m[Kerror: [m[Kexpected ‘[01m[K}[m[K’ before ‘[01m[Kelse[m[K’
In file included from [01m[K/opt/ros/melodic/include/class_loader/class_loader.hpp:47:0[m[K,
                 from [01m[K/opt/ros/melodic/include/pluginlib/./class_list_macros.hpp:40[m[K,
                 from [01m[K/opt/ros/melodic/include/pluginlib/class_list_macros.h:35[m[K,
                 from [01m[K/home/autolabor/catkin_ws/src/navigation/path_mark_plugin/src/path_mark_plugin.cpp:280[m[K:
[01m[K/home/autolabor/catkin_ws/src/navigation/path_mark_plugin/src/path_mark_plugin.cpp:[m[K At global scope:
[01m[K/opt/ros/melodic/include/class_loader/register_macro.hpp:53:3:[m[K [01;31m[Kerror: [m[Kexpected ‘[01m[K}[m[K’ at end of input
   [01;31m[K}[m[K  // namespace
   [01;31m[K^[m[K
[01m[K/opt/ros/melodic/include/class_loader/register_macro.hpp:56:3:[m[K [01;36m[Knote: [m[Kin expansion of macro ‘[01m[KCLASS_LOADER_REGISTER_CLASS_INTERNAL_WITH_MESSAGE[m[K’
   [01;36m[KCLASS_LOADER_REGISTER_CLASS_INTERNAL_WITH_MESSAGE[m[K(Derived, Base, UniqueID, Message)
   [01;36m[K^~~~~~~~~~~~~~~~~~~~~~~~~~~~~~~~~~~~~~~~~~~~~~~~~[m[K
[01m[K/opt/ros/melodic/include/class_loader/register_macro.hpp:63:3:[m[K [01;36m[Knote: [m[Kin expansion of macro ‘[01m[KCLASS_LOADER_REGISTER_CLASS_INTERNAL_HOP1_WITH_MESSAGE[m[K’
   [01;36m[KCLASS_LOADER_REGISTER_CLASS_INTERNAL_HOP1_WITH_MESSAGE[m[K(Derived, Base, __COUNTER__, Message)
   [01;36m[K^~~~~~~~~~~~~~~~~~~~~~~~~~~~~~~~~~~~~~~~~~~~~~~~~~~~~~[m[K
[01m[K/opt/ros/melodic/include/class_loader/register_macro.hpp:70:3:[m[K [01;36m[Knote: [m[Kin expansion of macro ‘[01m[KCLASS_LOADER_REGISTER_CLASS_WITH_MESSAGE[m[K’
   [01;36m[KCLASS_LOADER_REGISTER_CLASS_WITH_MESSAGE[m[K(Derived, Base, "")
   [01;36m[K^~~~~~~~~~~~~~~~~~~~~~~~~~~~~~~~~~~~~~~~[m[K
[01m[K/opt/ros/melodic/include/pluginlib/./class_list_macros.hpp:49:3:[m[K [01;36m[Knote: [m[Kin expansion of macro ‘[01m[KCLASS_LOADER_REGISTER_CLASS[m[K’
   [01;36m[KCLASS_LOADER_REGISTER_CLASS[m[K(class_type, base_class_type)
   [01;36m[K^~~~~~~~~~~~~~~~~~~~~~~~~~~[m[K
[01m[K/home/autolabor/catkin_ws/src/navigation/path_mark_plugin/src/path_mark_plugin.cpp:282:1:[m[K [01;36m[Knote: [m[Kin expansion of macro ‘[01m[KPLUGINLIB_EXPORT_CLASS[m[K’
 [01;36m[KP[m[KLUGINLIB_EXPORT_CLASS(autolabor_plugin1::PathMarkPlugin, rviz::Panel)
 [01;36m[K^[m[K
make[2]: *** [CMakeFiles/path_mark_plugin.dir/src/path_mark_plugin.cpp.o] Error 1
make[1]: *** [CMakeFiles/path_mark_plugin.dir/all] Error 2
make: *** [all] Error 2
