[  0%] Built target cartographer_detect_changes
[35m[1mConsolidate compiler generated dependencies of target cartographer[0m
[ 55%] Built target cartographer
[35m[1mConsolidate compiler generated dependencies of target cartographer_autogenerate_ground_truth[0m
[ 55%] Built target cartographer_autogenerate_ground_truth
[35m[1mConsolidate compiler generated dependencies of target cartographer_compute_relations_metrics[0m
[ 56%] Built target cartographer_compute_relations_metrics
[35m[1mConsolidate compiler generated dependencies of target cartographer_pbstream[0m
[ 57%] Built target cartographer_pbstream
[35m[1mConsolidate compiler generated dependencies of target cartographer_print_configuration[0m
[ 57%] Built target cartographer_print_configuration
[35m[1mConsolidate compiler generated dependencies of target cartographer_grpc_server[0m
[ 57%] Built target cartographer_grpc_server
[35m[1mConsolidate compiler generated dependencies of target cartographer_test_library[0m
[ 59%] Built target cartographer_test_library
[35m[1mConsolidate compiler generated dependencies of target cartographer.cloud.internal.client_server_test[0m
[ 60%] Built target cartographer.cloud.internal.client_server_test
[35m[1mConsolidate compiler generated dependencies of target cartographer.cloud.internal.handlers.add_fixed_frame_pose_data_handler_test[0m
[ 60%] Built target cartographer.cloud.internal.handlers.add_fixed_frame_pose_data_handler_test
[35m[1mConsolidate compiler generated dependencies of target cartographer.cloud.internal.handlers.add_imu_data_handler_test[0m
[ 61%] Built target cartographer.cloud.internal.handlers.add_imu_data_handler_test
[35m[1mConsolidate compiler generated dependencies of target cartographer.cloud.internal.handlers.add_landmark_data_handler_test[0m
[ 61%] Built target cartographer.cloud.internal.handlers.add_landmark_data_handler_test
[35m[1mConsolidate compiler generated dependencies of target cartographer.cloud.internal.handlers.add_odometry_data_handler_test[0m
[ 62%] Built target cartographer.cloud.internal.handlers.add_odometry_data_handler_test
[35m[1mConsolidate compiler generated dependencies of target cartographer.cloud.internal.handlers.add_rangefinder_data_handler_test[0m
[ 62%] Built target cartographer.cloud.internal.handlers.add_rangefinder_data_handler_test
[35m[1mConsolidate compiler generated dependencies of target cartographer.cloud.internal.handlers.add_trajectory_handler_test[0m
[ 62%] Built target cartographer.cloud.internal.handlers.add_trajectory_handler_test
[35m[1mConsolidate compiler generated dependencies of target cartographer.cloud.internal.handlers.get_landmark_poses_handler_test[0m
[ 63%] Built target cartographer.cloud.internal.handlers.get_landmark_poses_handler_test
[35m[1mConsolidate compiler generated dependencies of target cartographer.cloud.internal.handlers.set_landmark_pose_handler_test[0m
[ 63%] Built target cartographer.cloud.internal.handlers.set_landmark_pose_handler_test
[35m[1mConsolidate compiler generated dependencies of target cartographer.cloud.internal.local_trajectory_uploader_test[0m
[ 64%] Built target cartographer.cloud.internal.local_trajectory_uploader_test
[35m[1mConsolidate compiler generated dependencies of target cartographer.common.configuration_files_test[0m
[ 64%] Built target cartographer.common.configuration_files_test
[35m[1mConsolidate compiler generated dependencies of target cartographer.common.fixed_ratio_sampler_test[0m
[ 65%] Built target cartographer.common.fixed_ratio_sampler_test
[35m[1mConsolidate compiler generated dependencies of target cartographer.common.internal.blocking_queue_test[0m
[ 65%] Built target cartographer.common.internal.blocking_queue_test
[35m[1mConsolidate compiler generated dependencies of target cartographer.common.internal.rate_timer_test[0m
[ 66%] Built target cartographer.common.internal.rate_timer_test
[35m[1mConsolidate compiler generated dependencies of target cartographer.common.lua_parameter_dictionary_test[0m
[ 66%] Built target cartographer.common.lua_parameter_dictionary_test
[35m[1mConsolidate compiler generated dependencies of target cartographer.common.math_test[0m
[ 66%] Built target cartographer.common.math_test
[35m[1mConsolidate compiler generated dependencies of target cartographer.common.task_test[0m
[ 67%] Built target cartographer.common.task_test
[35m[1mConsolidate compiler generated dependencies of target cartographer.common.thread_pool_test[0m
[ 67%] Built target cartographer.common.thread_pool_test
[35m[1mConsolidate compiler generated dependencies of target cartographer.io.fake_file_writer_test[0m
[ 68%] Built target cartographer.io.fake_file_writer_test
[35m[1mConsolidate compiler generated dependencies of target cartographer.io.internal.in_memory_proto_stream_test[0m
[ 68%] Built target cartographer.io.internal.in_memory_proto_stream_test
[35m[1mConsolidate compiler generated dependencies of target cartographer.io.points_processor_pipeline_builder_test[0m
[ 69%] Built target cartographer.io.points_processor_pipeline_builder_test
[35m[1mConsolidate compiler generated dependencies of target cartographer.io.probability_grid_points_processor_test[0m
[ 69%] Built target cartographer.io.probability_grid_points_processor_test
[35m[1mConsolidate compiler generated dependencies of target cartographer.io.proto_stream_deserializer_test[0m
[ 70%] Built target cartographer.io.proto_stream_deserializer_test
[35m[1mConsolidate compiler generated dependencies of target cartographer.io.proto_stream_test[0m
[ 70%] Built target cartographer.io.proto_stream_test
[35m[1mConsolidate compiler generated dependencies of target cartographer.io.serialization_format_migration_test[0m
[ 71%] Built target cartographer.io.serialization_format_migration_test
[35m[1mConsolidate compiler generated dependencies of target cartographer.mapping.2d.map_limits_test[0m
[ 71%] Built target cartographer.mapping.2d.map_limits_test
[35m[1mConsolidate compiler generated dependencies of target cartographer.mapping.2d.probability_grid_test[0m
[ 71%] Built target cartographer.mapping.2d.probability_grid_test
[35m[1mConsolidate compiler generated dependencies of target cartographer.mapping.2d.range_data_inserter_2d_test[0m
[ 72%] Built target cartographer.mapping.2d.range_data_inserter_2d_test
[35m[1mConsolidate compiler generated dependencies of target cartographer.mapping.2d.submap_2d_test[0m
[ 72%] Built target cartographer.mapping.2d.submap_2d_test
[35m[1mConsolidate compiler generated dependencies of target cartographer.mapping.2d.xy_index_test[0m
[ 73%] Built target cartographer.mapping.2d.xy_index_test
[35m[1mConsolidate compiler generated dependencies of target cartographer.mapping.3d.hybrid_grid_test[0m
[ 73%] Built target cartographer.mapping.3d.hybrid_grid_test
[35m[1mConsolidate compiler generated dependencies of target cartographer.mapping.3d.range_data_inserter_3d_test[0m
[ 74%] Built target cartographer.mapping.3d.range_data_inserter_3d_test
[35m[1mConsolidate compiler generated dependencies of target cartographer.mapping.3d.submap_3d_test[0m
[ 74%] Built target cartographer.mapping.3d.submap_3d_test
[35m[1mConsolidate compiler generated dependencies of target cartographer.mapping.id_test[0m
[ 75%] Built target cartographer.mapping.id_test
[35m[1mConsolidate compiler generated dependencies of target cartographer.mapping.imu_tracker_test[0m
[ 75%] Built target cartographer.mapping.imu_tracker_test
[35m[1mConsolidate compiler generated dependencies of target cartographer.mapping.internal.2d.normal_estimation_2d_test[0m
[ 76%] Built target cartographer.mapping.internal.2d.normal_estimation_2d_test
[35m[1mConsolidate compiler generated dependencies of target cartographer.mapping.internal.2d.overlapping_submaps_trimmer_2d_test[0m
[ 76%] Built target cartographer.mapping.internal.2d.overlapping_submaps_trimmer_2d_test
[35m[1mConsolidate compiler generated dependencies of target cartographer.mapping.internal.2d.pose_graph_2d_test[0m
[ 76%] Built target cartographer.mapping.internal.2d.pose_graph_2d_test
[35m[1mConsolidate compiler generated dependencies of target cartographer.mapping.internal.2d.ray_to_pixel_mask_test[0m
[ 77%] Built target cartographer.mapping.internal.2d.ray_to_pixel_mask_test
[35m[1mConsolidate compiler generated dependencies of target cartographer.mapping.internal.2d.scan_matching.ceres_scan_matcher_2d_test[0m
[ 77%] Built target cartographer.mapping.internal.2d.scan_matching.ceres_scan_matcher_2d_test
[35m[1mConsolidate compiler generated dependencies of target cartographer.mapping.internal.2d.scan_matching.correlative_scan_matcher_test[0m
[ 78%] Built target cartographer.mapping.internal.2d.scan_matching.correlative_scan_matcher_test
[35m[1mConsolidate compiler generated dependencies of target cartographer.mapping.internal.2d.scan_matching.fast_correlative_scan_matcher_2d_test[0m
[ 78%] Built target cartographer.mapping.internal.2d.scan_matching.fast_correlative_scan_matcher_2d_test
[35m[1mConsolidate compiler generated dependencies of target cartographer.mapping.internal.2d.scan_matching.interpolated_tsdf_2d_test[0m
[ 79%] Built target cartographer.mapping.internal.2d.scan_matching.interpolated_tsdf_2d_test
[35m[1mConsolidate compiler generated dependencies of target cartographer.mapping.internal.2d.scan_matching.occupied_space_cost_function_2d_test[0m
[ 79%] Built target cartographer.mapping.internal.2d.scan_matching.occupied_space_cost_function_2d_test
[35m[1mConsolidate compiler generated dependencies of target cartographer.mapping.internal.2d.scan_matching.real_time_correlative_scan_matcher_2d_test[0m
[ 80%] Built target cartographer.mapping.internal.2d.scan_matching.real_time_correlative_scan_matcher_2d_test
[35m[1mConsolidate compiler generated dependencies of target cartographer.mapping.internal.2d.scan_matching.tsdf_match_cost_function_2d_test[0m
[ 80%] Built target cartographer.mapping.internal.2d.scan_matching.tsdf_match_cost_function_2d_test
[35m[1mConsolidate compiler generated dependencies of target cartographer.mapping.internal.2d.tsd_value_converter_test[0m
[ 80%] Built target cartographer.mapping.internal.2d.tsd_value_converter_test
[35m[1mConsolidate compiler generated dependencies of target cartographer.mapping.internal.2d.tsdf_2d_test[0m
[ 81%] Built target cartographer.mapping.internal.2d.tsdf_2d_test
[35m[1mConsolidate compiler generated dependencies of target cartographer.mapping.internal.2d.tsdf_range_data_inserter_2d_test[0m
[ 81%] Built target cartographer.mapping.internal.2d.tsdf_range_data_inserter_2d_test
[35m[1mConsolidate compiler generated dependencies of target cartographer.mapping.internal.3d.local_trajectory_builder_3d_test[0m
[ 82%] Built target cartographer.mapping.internal.3d.local_trajectory_builder_3d_test
[35m[1mConsolidate compiler generated dependencies of target cartographer.mapping.internal.3d.pose_graph_3d_test[0m
[ 82%] Built target cartographer.mapping.internal.3d.pose_graph_3d_test
[35m[1mConsolidate compiler generated dependencies of target cartographer.mapping.internal.3d.scan_matching.ceres_scan_matcher_3d_test[0m
[ 83%] Built target cartographer.mapping.internal.3d.scan_matching.ceres_scan_matcher_3d_test
[35m[1mConsolidate compiler generated dependencies of target cartographer.mapping.internal.3d.scan_matching.fast_correlative_scan_matcher_3d_test[0m
[ 83%] Built target cartographer.mapping.internal.3d.scan_matching.fast_correlative_scan_matcher_3d_test
[35m[1mConsolidate compiler generated dependencies of target cartographer.mapping.internal.3d.scan_matching.intensity_cost_function_3d_test[0m
[ 84%] Built target cartographer.mapping.internal.3d.scan_matching.intensity_cost_function_3d_test
[35m[1mConsolidate compiler generated dependencies of target cartographer.mapping.internal.3d.scan_matching.interpolated_grid_test[0m
[ 84%] Built target cartographer.mapping.internal.3d.scan_matching.interpolated_grid_test
[35m[1mConsolidate compiler generated dependencies of target cartographer.mapping.internal.3d.scan_matching.precomputation_grid_3d_test[0m
[ 85%] Built target cartographer.mapping.internal.3d.scan_matching.precomputation_grid_3d_test
[35m[1mConsolidate compiler generated dependencies of target cartographer.mapping.internal.3d.scan_matching.real_time_correlative_scan_matcher_3d_test[0m
[ 85%] Built target cartographer.mapping.internal.3d.scan_matching.real_time_correlative_scan_matcher_3d_test
[35m[1mConsolidate compiler generated dependencies of target cartographer.mapping.internal.3d.scan_matching.rotation_delta_cost_functor_3d_test[0m
[ 85%] Built target cartographer.mapping.internal.3d.scan_matching.rotation_delta_cost_functor_3d_test
[35m[1mConsolidate compiler generated dependencies of target cartographer.mapping.internal.3d.scan_matching.rotational_scan_matcher_test[0m
[ 86%] Built target cartographer.mapping.internal.3d.scan_matching.rotational_scan_matcher_test
[35m[1mConsolidate compiler generated dependencies of target cartographer.mapping.internal.connected_components_test[0m
[ 86%] Built target cartographer.mapping.internal.connected_components_test
[35m[1mConsolidate compiler generated dependencies of target cartographer.mapping.internal.constraints.constraint_builder_2d_test[0m
[ 87%] Built target cartographer.mapping.internal.constraints.constraint_builder_2d_test
[35m[1mConsolidate compiler generated dependencies of target cartographer.mapping.internal.constraints.constraint_builder_3d_test[0m
[ 87%] Built target cartographer.mapping.internal.constraints.constraint_builder_3d_test
[35m[1mConsolidate compiler generated dependencies of target cartographer.mapping.internal.motion_filter_test[0m
[ 88%] Built target cartographer.mapping.internal.motion_filter_test
[35m[1mConsolidate compiler generated dependencies of target cartographer.mapping.internal.optimization.cost_functions.landmark_cost_function_2d_test[0m
[ 88%] Built target cartographer.mapping.internal.optimization.cost_functions.landmark_cost_function_2d_test
[35m[1mConsolidate compiler generated dependencies of target cartographer.mapping.internal.optimization.cost_functions.landmark_cost_function_3d_test[0m
[ 89%] Built target cartographer.mapping.internal.optimization.cost_functions.landmark_cost_function_3d_test
[35m[1mConsolidate compiler generated dependencies of target cartographer.mapping.internal.optimization.cost_functions.spa_cost_function_2d_test[0m
[ 89%] Built target cartographer.mapping.internal.optimization.cost_functions.spa_cost_function_2d_test
[35m[1mConsolidate compiler generated dependencies of target cartographer.mapping.internal.optimization.optimization_problem_3d_test[0m
[ 90%] Built target cartographer.mapping.internal.optimization.optimization_problem_3d_test
[35m[1mConsolidate compiler generated dependencies of target cartographer.mapping.internal.range_data_collator_test[0m
[ 90%] Built target cartographer.mapping.internal.range_data_collator_test
[35m[1mConsolidate compiler generated dependencies of target cartographer.mapping.internal.trajectory_connectivity_state_test[0m
[ 90%] Built target cartographer.mapping.internal.trajectory_connectivity_state_test
[35m[1mConsolidate compiler generated dependencies of target cartographer.mapping.map_builder_test[0m
[ 91%] Built target cartographer.mapping.map_builder_test
[35m[1mConsolidate compiler generated dependencies of target cartographer.mapping.pose_extrapolator_test[0m
[ 91%] Built target cartographer.mapping.pose_extrapolator_test
[35m[1mConsolidate compiler generated dependencies of target cartographer.mapping.pose_graph_test[0m
[ 92%] Built target cartographer.mapping.pose_graph_test
[35m[1mConsolidate compiler generated dependencies of target cartographer.mapping.pose_graph_trimmer_test[0m
[ 92%] Built target cartographer.mapping.pose_graph_trimmer_test
[35m[1mConsolidate compiler generated dependencies of target cartographer.mapping.probability_values_test[0m
[ 93%] Built target cartographer.mapping.probability_values_test
[35m[1mConsolidate compiler generated dependencies of target cartographer.mapping.submaps_test[0m
[ 93%] Built target cartographer.mapping.submaps_test
[35m[1mConsolidate compiler generated dependencies of target cartographer.mapping.trajectory_node_test[0m
[ 94%] Built target cartographer.mapping.trajectory_node_test
[35m[1mConsolidate compiler generated dependencies of target cartographer.mapping.value_conversion_tables_test[0m
[ 94%] Built target cartographer.mapping.value_conversion_tables_test
[35m[1mConsolidate compiler generated dependencies of target cartographer.sensor.compressed_point_cloud_test[0m
[ 94%] Built target cartographer.sensor.compressed_point_cloud_test
[35m[1mConsolidate compiler generated dependencies of target cartographer.sensor.internal.collator_test[0m
[ 95%] Built target cartographer.sensor.internal.collator_test
[35m[1mConsolidate compiler generated dependencies of target cartographer.sensor.internal.ordered_multi_queue_test[0m
[ 95%] Built target cartographer.sensor.internal.ordered_multi_queue_test
[35m[1mConsolidate compiler generated dependencies of target cartographer.sensor.internal.trajectory_collator_test[0m
[ 96%] Built target cartographer.sensor.internal.trajectory_collator_test
[35m[1mConsolidate compiler generated dependencies of target cartographer.sensor.internal.voxel_filter_test[0m
[ 96%] Built target cartographer.sensor.internal.voxel_filter_test
[35m[1mConsolidate compiler generated dependencies of target cartographer.sensor.landmark_data_test[0m
[ 97%] Built target cartographer.sensor.landmark_data_test
[35m[1mConsolidate compiler generated dependencies of target cartographer.sensor.map_by_time_test[0m
[ 97%] Built target cartographer.sensor.map_by_time_test
[35m[1mConsolidate compiler generated dependencies of target cartographer.sensor.point_cloud_test[0m
[ 98%] Built target cartographer.sensor.point_cloud_test
[35m[1mConsolidate compiler generated dependencies of target cartographer.sensor.range_data_test[0m
[ 98%] Built target cartographer.sensor.range_data_test
[35m[1mConsolidate compiler generated dependencies of target cartographer.transform.rigid_transform_test[0m
[ 99%] Built target cartographer.transform.rigid_transform_test
[35m[1mConsolidate compiler generated dependencies of target cartographer.transform.timestamped_transform_test[0m
[ 99%] Built target cartographer.transform.timestamped_transform_test
[35m[1mConsolidate compiler generated dependencies of target cartographer.transform.transform_interpolation_buffer_test[0m
[ 99%] Built target cartographer.transform.transform_interpolation_buffer_test
[35m[1mConsolidate compiler generated dependencies of target cartographer.transform.transform_test[0m
[100%] Built target cartographer.transform.transform_test
[100%] [34m[1mBuilding documentation.[0m
[01mRunning Sphinx v1.6.7[39;49;00m
[01mloading pickled environment... [39;49;00mdone
[01mbuilding [mo]: [39;49;00mtargets for 0 po files that are out of date
[01mbuilding [html][39;49;00m: targets for 0 source files that are out of date
[01mupdating environment: [39;49;00m0 added, 0 changed, 0 removed
[01mlooking for now-outdated files... [39;49;00mnone found
[01mno targets are out of date.[39;49;00m
[01mbuild succeeded.[39;49;00m
[100%] Built target build_doc
[36mInstall the project...[0m
-- Install configuration: "Release"
-- Installing: /home/autolabor/catkin_ws/devel/share/cartographer/package.xml
-- Installing: /home/autolabor/catkin_ws/devel/share/cartographer//configuration_files
-- Installing: /home/autolabor/catkin_ws/devel/share/cartographer//configuration_files/trajectory_builder_2d.lua
-- Installing: /home/autolabor/catkin_ws/devel/share/cartographer//configuration_files/map_builder.lua
-- Installing: /home/autolabor/catkin_ws/devel/share/cartographer//configuration_files/pose_graph.lua
-- Installing: /home/autolabor/catkin_ws/devel/share/cartographer//configuration_files/trajectory_builder.lua
-- Installing: /home/autolabor/catkin_ws/devel/share/cartographer//configuration_files/trajectory_builder_3d.lua
-- Installing: /home/autolabor/catkin_ws/devel/share/cartographer//configuration_files/map_builder_server.lua
-- Installing: /home/autolabor/catkin_ws/devel/share/cartographer//cmake
-- Installing: /home/autolabor/catkin_ws/devel/share/cartographer//cmake/functions.cmake
-- Installing: /home/autolabor/catkin_ws/devel/share/cartographer//cmake/modules
-- Installing: /home/autolabor/catkin_ws/devel/share/cartographer//cmake/modules/FindGMock.cmake
-- Installing: /home/autolabor/catkin_ws/devel/share/cartographer//cmake/modules/FindSphinx.cmake
-- Installing: /home/autolabor/catkin_ws/devel/share/cartographer//cmake/modules/FindEigen3.cmake
-- Installing: /home/autolabor/catkin_ws/devel/share/cartographer//cmake/modules/FindLuaGoogle.cmake
-- Installing: /home/autolabor/catkin_ws/devel/bin/cartographer_autogenerate_ground_truth
-- Set runtime path of "/home/autolabor/catkin_ws/devel/bin/cartographer_autogenerate_ground_truth" to ""
-- Installing: /home/autolabor/catkin_ws/devel/bin/cartographer_compute_relations_metrics
-- Set runtime path of "/home/autolabor/catkin_ws/devel/bin/cartographer_compute_relations_metrics" to ""
-- Installing: /home/autolabor/catkin_ws/devel/bin/cartographer_pbstream
-- Set runtime path of "/home/autolabor/catkin_ws/devel/bin/cartographer_pbstream" to ""
-- Installing: /home/autolabor/catkin_ws/devel/bin/cartographer_print_configuration
-- Set runtime path of "/home/autolabor/catkin_ws/devel/bin/cartographer_print_configuration" to ""
-- Installing: /home/autolabor/catkin_ws/devel/bin/cartographer_grpc_server
-- Set runtime path of "/home/autolabor/catkin_ws/devel/bin/cartographer_grpc_server" to ""
-- Installing: /home/autolabor/catkin_ws/devel/lib/libcartographer.a
-- Installing: /home/autolabor/catkin_ws/devel/include/cartographer/cloud/client/map_builder_stub.h
-- Installing: /home/autolabor/catkin_ws/devel/include/cartographer/cloud/map_builder_server_interface.h
-- Installing: /home/autolabor/catkin_ws/devel/include/cartographer/cloud/map_builder_server_options.h
-- Installing: /home/autolabor/catkin_ws/devel/include/cartographer/common/configuration_file_resolver.h
-- Installing: /home/autolabor/catkin_ws/devel/include/cartographer/common/fixed_ratio_sampler.h
-- Installing: /home/autolabor/catkin_ws/devel/include/cartographer/common/histogram.h
-- Installing: /home/autolabor/catkin_ws/devel/include/cartographer/common/lua.h
-- Installing: /home/autolabor/catkin_ws/devel/include/cartographer/common/lua_parameter_dictionary.h
-- Installing: /home/autolabor/catkin_ws/devel/include/cartographer/common/math.h
-- Installing: /home/autolabor/catkin_ws/devel/include/cartographer/common/port.h
-- Installing: /home/autolabor/catkin_ws/devel/include/cartographer/common/task.h
-- Installing: /home/autolabor/catkin_ws/devel/include/cartographer/common/thread_pool.h
-- Installing: /home/autolabor/catkin_ws/devel/include/cartographer/common/time.h
-- Installing: /home/autolabor/catkin_ws/devel/include/cartographer/ground_truth/autogenerate_ground_truth.h
-- Installing: /home/autolabor/catkin_ws/devel/include/cartographer/ground_truth/relations_text_file.h
-- Installing: /home/autolabor/catkin_ws/devel/include/cartographer/io/color.h
-- Installing: /home/autolabor/catkin_ws/devel/include/cartographer/io/coloring_points_processor.h
-- Installing: /home/autolabor/catkin_ws/devel/include/cartographer/io/counting_points_processor.h
-- Installing: /home/autolabor/catkin_ws/devel/include/cartographer/io/draw_trajectories.h
-- Installing: /home/autolabor/catkin_ws/devel/include/cartographer/io/file_writer.h
-- Installing: /home/autolabor/catkin_ws/devel/include/cartographer/io/fixed_ratio_sampling_points_processor.h
-- Installing: /home/autolabor/catkin_ws/devel/include/cartographer/io/frame_id_filtering_points_processor.h
-- Installing: /home/autolabor/catkin_ws/devel/include/cartographer/io/hybrid_grid_points_processor.h
-- Installing: /home/autolabor/catkin_ws/devel/include/cartographer/io/image.h
-- Installing: /home/autolabor/catkin_ws/devel/include/cartographer/io/intensity_to_color_points_processor.h
-- Installing: /home/autolabor/catkin_ws/devel/include/cartographer/io/min_max_range_filtering_points_processor.h
-- Installing: /home/autolabor/catkin_ws/devel/include/cartographer/io/null_points_processor.h
-- Installing: /home/autolabor/catkin_ws/devel/include/cartographer/io/outlier_removing_points_processor.h
-- Installing: /home/autolabor/catkin_ws/devel/include/cartographer/io/pcd_writing_points_processor.h
-- Installing: /home/autolabor/catkin_ws/devel/include/cartographer/io/ply_writing_points_processor.h
-- Installing: /home/autolabor/catkin_ws/devel/include/cartographer/io/points_batch.h
-- Installing: /home/autolabor/catkin_ws/devel/include/cartographer/io/points_processor.h
-- Installing: /home/autolabor/catkin_ws/devel/include/cartographer/io/points_processor_pipeline_builder.h
-- Installing: /home/autolabor/catkin_ws/devel/include/cartographer/io/probability_grid_points_processor.h
-- Installing: /home/autolabor/catkin_ws/devel/include/cartographer/io/proto_stream.h
-- Installing: /home/autolabor/catkin_ws/devel/include/cartographer/io/proto_stream_deserializer.h
-- Installing: /home/autolabor/catkin_ws/devel/include/cartographer/io/proto_stream_interface.h
-- Installing: /home/autolabor/catkin_ws/devel/include/cartographer/io/serialization_format_migration.h
-- Installing: /home/autolabor/catkin_ws/devel/include/cartographer/io/submap_painter.h
-- Installing: /home/autolabor/catkin_ws/devel/include/cartographer/io/vertical_range_filtering_points_processor.h
-- Installing: /home/autolabor/catkin_ws/devel/include/cartographer/io/xray_points_processor.h
-- Installing: /home/autolabor/catkin_ws/devel/include/cartographer/io/xyz_writing_points_processor.h
-- Installing: /home/autolabor/catkin_ws/devel/include/cartographer/mapping/2d/grid_2d.h
-- Installing: /home/autolabor/catkin_ws/devel/include/cartographer/mapping/2d/map_limits.h
-- Installing: /home/autolabor/catkin_ws/devel/include/cartographer/mapping/2d/probability_grid.h
-- Installing: /home/autolabor/catkin_ws/devel/include/cartographer/mapping/2d/probability_grid_range_data_inserter_2d.h
-- Installing: /home/autolabor/catkin_ws/devel/include/cartographer/mapping/2d/submap_2d.h
-- Installing: /home/autolabor/catkin_ws/devel/include/cartographer/mapping/2d/xy_index.h
-- Installing: /home/autolabor/catkin_ws/devel/include/cartographer/mapping/3d/hybrid_grid.h
-- Installing: /home/autolabor/catkin_ws/devel/include/cartographer/mapping/3d/range_data_inserter_3d.h
-- Installing: /home/autolabor/catkin_ws/devel/include/cartographer/mapping/3d/submap_3d.h
-- Installing: /home/autolabor/catkin_ws/devel/include/cartographer/mapping/detect_floors.h
-- Installing: /home/autolabor/catkin_ws/devel/include/cartographer/mapping/grid_interface.h
-- Installing: /home/autolabor/catkin_ws/devel/include/cartographer/mapping/id.h
-- Installing: /home/autolabor/catkin_ws/devel/include/cartographer/mapping/imu_tracker.h
-- Installing: /home/autolabor/catkin_ws/devel/include/cartographer/mapping/map_builder.h
-- Installing: /home/autolabor/catkin_ws/devel/include/cartographer/mapping/map_builder_interface.h
-- Installing: /home/autolabor/catkin_ws/devel/include/cartographer/mapping/pose_extrapolator.h
-- Installing: /home/autolabor/catkin_ws/devel/include/cartographer/mapping/pose_extrapolator_interface.h
-- Installing: /home/autolabor/catkin_ws/devel/include/cartographer/mapping/pose_graph.h
-- Installing: /home/autolabor/catkin_ws/devel/include/cartographer/mapping/pose_graph_interface.h
-- Installing: /home/autolabor/catkin_ws/devel/include/cartographer/mapping/pose_graph_trimmer.h
-- Installing: /home/autolabor/catkin_ws/devel/include/cartographer/mapping/probability_values.h
-- Installing: /home/autolabor/catkin_ws/devel/include/cartographer/mapping/range_data_inserter_interface.h
-- Installing: /home/autolabor/catkin_ws/devel/include/cartographer/mapping/submaps.h
-- Installing: /home/autolabor/catkin_ws/devel/include/cartographer/mapping/trajectory_builder_interface.h
-- Installing: /home/autolabor/catkin_ws/devel/include/cartographer/mapping/trajectory_node.h
-- Installing: /home/autolabor/catkin_ws/devel/include/cartographer/mapping/value_conversion_tables.h
-- Installing: /home/autolabor/catkin_ws/devel/include/cartographer/metrics/counter.h
-- Installing: /home/autolabor/catkin_ws/devel/include/cartographer/metrics/family_factory.h
-- Installing: /home/autolabor/catkin_ws/devel/include/cartographer/metrics/gauge.h
-- Installing: /home/autolabor/catkin_ws/devel/include/cartographer/metrics/histogram.h
-- Installing: /home/autolabor/catkin_ws/devel/include/cartographer/metrics/register.h
-- Installing: /home/autolabor/catkin_ws/devel/include/cartographer/sensor/collator_interface.h
-- Installing: /home/autolabor/catkin_ws/devel/include/cartographer/sensor/compressed_point_cloud.h
-- Installing: /home/autolabor/catkin_ws/devel/include/cartographer/sensor/data.h
-- Installing: /home/autolabor/catkin_ws/devel/include/cartographer/sensor/fixed_frame_pose_data.h
-- Installing: /home/autolabor/catkin_ws/devel/include/cartographer/sensor/imu_data.h
-- Installing: /home/autolabor/catkin_ws/devel/include/cartographer/sensor/landmark_data.h
-- Installing: /home/autolabor/catkin_ws/devel/include/cartographer/sensor/map_by_time.h
-- Installing: /home/autolabor/catkin_ws/devel/include/cartographer/sensor/odometry_data.h
-- Installing: /home/autolabor/catkin_ws/devel/include/cartographer/sensor/point_cloud.h
-- Installing: /home/autolabor/catkin_ws/devel/include/cartographer/sensor/range_data.h
-- Installing: /home/autolabor/catkin_ws/devel/include/cartographer/sensor/rangefinder_point.h
-- Installing: /home/autolabor/catkin_ws/devel/include/cartographer/sensor/timed_point_cloud_data.h
-- Installing: /home/autolabor/catkin_ws/devel/include/cartographer/transform/rigid_transform.h
-- Installing: /home/autolabor/catkin_ws/devel/include/cartographer/transform/timestamped_transform.h
-- Installing: /home/autolabor/catkin_ws/devel/include/cartographer/transform/transform.h
-- Installing: /home/autolabor/catkin_ws/devel/include/cartographer/transform/transform_interpolation_buffer.h
-- Installing: /home/autolabor/catkin_ws/devel/include/cartographer/io/fake_file_writer.h
-- Installing: /home/autolabor/catkin_ws/devel/include/cartographer/transform/rigid_transform_test_helpers.h
-- Installing: /home/autolabor/catkin_ws/devel/include/cartographer/cloud/proto/map_builder_server_options.pb.h
-- Installing: /home/autolabor/catkin_ws/devel/include/cartographer/cloud/proto/map_builder_service.pb.h
-- Installing: /home/autolabor/catkin_ws/devel/include/cartographer/common/proto/ceres_solver_options.pb.h
-- Installing: /home/autolabor/catkin_ws/devel/include/cartographer/ground_truth/proto/relations.pb.h
-- Installing: /home/autolabor/catkin_ws/devel/include/cartographer/mapping/proto/cell_limits_2d.pb.h
-- Installing: /home/autolabor/catkin_ws/devel/include/cartographer/mapping/proto/connected_components.pb.h
-- Installing: /home/autolabor/catkin_ws/devel/include/cartographer/mapping/proto/grid_2d.pb.h
-- Installing: /home/autolabor/catkin_ws/devel/include/cartographer/mapping/proto/grid_2d_options.pb.h
-- Installing: /home/autolabor/catkin_ws/devel/include/cartographer/mapping/proto/hybrid_grid.pb.h
-- Installing: /home/autolabor/catkin_ws/devel/include/cartographer/mapping/proto/local_trajectory_builder_options_2d.pb.h
-- Installing: /home/autolabor/catkin_ws/devel/include/cartographer/mapping/proto/local_trajectory_builder_options_3d.pb.h
-- Installing: /home/autolabor/catkin_ws/devel/include/cartographer/mapping/proto/map_builder_options.pb.h
-- Installing: /home/autolabor/catkin_ws/devel/include/cartographer/mapping/proto/map_limits.pb.h
-- Installing: /home/autolabor/catkin_ws/devel/include/cartographer/mapping/proto/motion_filter_options.pb.h
-- Installing: /home/autolabor/catkin_ws/devel/include/cartographer/mapping/proto/normal_estimation_options_2d.pb.h
-- Installing: /home/autolabor/catkin_ws/devel/include/cartographer/mapping/proto/pose_extrapolator_options.pb.h
-- Installing: /home/autolabor/catkin_ws/devel/include/cartographer/mapping/proto/pose_graph.pb.h
-- Installing: /home/autolabor/catkin_ws/devel/include/cartographer/mapping/proto/pose_graph/constraint_builder_options.pb.h
-- Installing: /home/autolabor/catkin_ws/devel/include/cartographer/mapping/proto/pose_graph/optimization_problem_options.pb.h
-- Installing: /home/autolabor/catkin_ws/devel/include/cartographer/mapping/proto/pose_graph_options.pb.h
-- Installing: /home/autolabor/catkin_ws/devel/include/cartographer/mapping/proto/probability_grid.pb.h
-- Installing: /home/autolabor/catkin_ws/devel/include/cartographer/mapping/proto/probability_grid_range_data_inserter_options_2d.pb.h
-- Installing: /home/autolabor/catkin_ws/devel/include/cartographer/mapping/proto/range_data_inserter_options.pb.h
-- Installing: /home/autolabor/catkin_ws/devel/include/cartographer/mapping/proto/range_data_inserter_options_3d.pb.h
-- Installing: /home/autolabor/catkin_ws/devel/include/cartographer/mapping/proto/scan_matching/ceres_scan_matcher_options_2d.pb.h
-- Installing: /home/autolabor/catkin_ws/devel/include/cartographer/mapping/proto/scan_matching/ceres_scan_matcher_options_3d.pb.h
-- Installing: /home/autolabor/catkin_ws/devel/include/cartographer/mapping/proto/scan_matching/fast_correlative_scan_matcher_options_2d.pb.h
-- Installing: /home/autolabor/catkin_ws/devel/include/cartographer/mapping/proto/scan_matching/fast_correlative_scan_matcher_options_3d.pb.h
-- Installing: /home/autolabor/catkin_ws/devel/include/cartographer/mapping/proto/scan_matching/real_time_correlative_scan_matcher_options.pb.h
-- Installing: /home/autolabor/catkin_ws/devel/include/cartographer/mapping/proto/serialization.pb.h
-- Installing: /home/autolabor/catkin_ws/devel/include/cartographer/mapping/proto/submap.pb.h
-- Installing: /home/autolabor/catkin_ws/devel/include/cartographer/mapping/proto/submap_visualization.pb.h
-- Installing: /home/autolabor/catkin_ws/devel/include/cartographer/mapping/proto/submaps_options_2d.pb.h
-- Installing: /home/autolabor/catkin_ws/devel/include/cartographer/mapping/proto/submaps_options_3d.pb.h
-- Installing: /home/autolabor/catkin_ws/devel/include/cartographer/mapping/proto/trajectory.pb.h
-- Installing: /home/autolabor/catkin_ws/devel/include/cartographer/mapping/proto/trajectory_builder_options.pb.h
-- Installing: /home/autolabor/catkin_ws/devel/include/cartographer/mapping/proto/trajectory_node_data.pb.h
-- Installing: /home/autolabor/catkin_ws/devel/include/cartographer/mapping/proto/tsdf_2d.pb.h
-- Installing: /home/autolabor/catkin_ws/devel/include/cartographer/mapping/proto/tsdf_range_data_inserter_options_2d.pb.h
-- Installing: /home/autolabor/catkin_ws/devel/include/cartographer/sensor/proto/adaptive_voxel_filter_options.pb.h
-- Installing: /home/autolabor/catkin_ws/devel/include/cartographer/sensor/proto/sensor.pb.h
-- Installing: /home/autolabor/catkin_ws/devel/include/cartographer/transform/proto/timestamped_transform.pb.h
-- Installing: /home/autolabor/catkin_ws/devel/include/cartographer/transform/proto/transform.pb.h
-- Up-to-date: /home/autolabor/catkin_ws/devel/include/cartographer/cloud/proto/map_builder_service.pb.h
-- Installing: /home/autolabor/catkin_ws/devel/share/cartographer/cmake/CartographerTargets.cmake
-- Installing: /home/autolabor/catkin_ws/devel/share/cartographer/cmake/CartographerTargets-release.cmake
-- Installing: /home/autolabor/catkin_ws/devel/share/cartographer/cartographer-config.cmake
