[  0%] Built target _wiimote_generate_messages_check_deps_TimedSwitch
[  0%] Built target geometry_msgs_generate_messages_py
[  0%] Built target std_msgs_generate_messages_py
[  0%] Built target sensor_msgs_generate_messages_py
[  0%] Built target _wiimote_generate_messages_check_deps_State
[  0%] Built target geometry_msgs_generate_messages_cpp
[  0%] Built target _wiimote_generate_messages_check_deps_IrSourceInfo
[  0%] Built target std_msgs_generate_messages_cpp
[  0%] Built target sensor_msgs_generate_messages_cpp
[  0%] Built target std_msgs_generate_messages_eus
[  0%] Built target geometry_msgs_generate_messages_eus
[  0%] Built target sensor_msgs_generate_messages_eus
[  0%] Built target geometry_msgs_generate_messages_lisp
[  0%] Built target std_msgs_generate_messages_lisp
[  0%] Built target sensor_msgs_generate_messages_lisp
[  0%] Built target geometry_msgs_generate_messages_nodejs
[  0%] Built target std_msgs_generate_messages_nodejs
[  0%] Built target sensor_msgs_generate_messages_nodejs
[ 18%] Built target wiimote_generate_messages_py
[ 31%] Built target wiimote_generate_messages_cpp
[ 50%] Built target wiimote_generate_messages_eus
[ 63%] Built target wiimote_generate_messages_lisp
[ 77%] Built target wiimote_generate_messages_nodejs
[35m[1mConsolidate compiler generated dependencies of target wiimote_node[0m
[35m[1mConsolidate compiler generated dependencies of target teleop_wiimote[0m
[ 90%] Built target wiimote_node
[ 90%] Built target wiimote_generate_messages
[100%] Built target teleop_wiimote
