[ 15%] Built target autolabor_pro1_driver_gencfg
[ 15%] Built target roscpp_generate_messages_cpp
[ 15%] Built target _autolabor_pro1_driver_generate_messages_check_deps_Encode
[ 15%] Built target roscpp_generate_messages_eus
[ 15%] Built target roscpp_generate_messages_lisp
[ 15%] Built target roscpp_generate_messages_py
[ 15%] Built target roscpp_generate_messages_nodejs
[ 15%] Built target rosgraph_msgs_generate_messages_cpp
[ 15%] Built target rosgraph_msgs_generate_messages_eus
[ 15%] Built target rosgraph_msgs_generate_messages_lisp
[ 15%] Built target rosgraph_msgs_generate_messages_nodejs
[ 15%] Built target rosgraph_msgs_generate_messages_py
[ 15%] Built target std_msgs_generate_messages_cpp
[ 15%] Built target std_msgs_generate_messages_eus
[ 15%] Built target std_msgs_generate_messages_lisp
[ 15%] Built target std_msgs_generate_messages_nodejs
[ 15%] Built target std_msgs_generate_messages_py
[ 15%] Built target dynamic_reconfigure_generate_messages_cpp
[ 15%] Built target dynamic_reconfigure_generate_messages_eus
[ 15%] Built target dynamic_reconfigure_generate_messages_lisp
[ 15%] Built target dynamic_reconfigure_generate_messages_nodejs
[ 15%] Built target dynamic_reconfigure_generate_messages_py
[ 15%] Built target dynamic_reconfigure_gencfg
[ 15%] Built target tf_generate_messages_cpp
[ 15%] Built target tf_generate_messages_eus
[ 15%] Built target tf_generate_messages_lisp
[ 15%] Built target tf_generate_messages_nodejs
[ 15%] Built target tf_generate_messages_py
[ 15%] Built target geometry_msgs_generate_messages_cpp
[ 15%] Built target geometry_msgs_generate_messages_eus
[ 15%] Built target geometry_msgs_generate_messages_lisp
[ 15%] Built target geometry_msgs_generate_messages_py
[ 15%] Built target geometry_msgs_generate_messages_nodejs
[ 15%] Built target sensor_msgs_generate_messages_cpp
[ 15%] Built target sensor_msgs_generate_messages_eus
[ 15%] Built target sensor_msgs_generate_messages_lisp
[ 15%] Built target sensor_msgs_generate_messages_nodejs
[ 15%] Built target sensor_msgs_generate_messages_py
[ 15%] Built target actionlib_generate_messages_cpp
[ 15%] Built target actionlib_generate_messages_lisp
[ 15%] Built target actionlib_generate_messages_eus
[ 15%] Built target actionlib_generate_messages_nodejs
[ 15%] Built target actionlib_generate_messages_py
[ 15%] Built target actionlib_msgs_generate_messages_cpp
[ 15%] Built target actionlib_msgs_generate_messages_eus
[ 15%] Built target actionlib_msgs_generate_messages_lisp
[ 15%] Built target actionlib_msgs_generate_messages_nodejs
[ 15%] Built target actionlib_msgs_generate_messages_py
[ 15%] Built target tf2_msgs_generate_messages_cpp
[ 15%] Built target tf2_msgs_generate_messages_eus
[ 15%] Built target tf2_msgs_generate_messages_lisp
[ 15%] Built target tf2_msgs_generate_messages_py
[ 23%] Built target tf2_msgs_generate_messages_nodejs
[ 30%] Built target autolabor_pro1_driver_generate_messages_py
[ 38%] Built target autolabor_pro1_driver_generate_messages_cpp
[ 53%] Built target autolabor_pro1_driver_generate_messages_eus
[ 61%] Built target autolabor_pro1_driver_generate_messages_nodejs
[ 69%] Built target autolabor_pro1_driver_generate_messages_lisp
[35m[1mConsolidate compiler generated dependencies of target autolabor_pro1_driver[0m
[35m[1mConsolidate compiler generated dependencies of target sim_autolabor_pro1_driver[0m
[ 69%] Built target autolabor_pro1_driver_generate_messages
[ 84%] Built target autolabor_pro1_driver
[100%] Built target sim_autolabor_pro1_driver
