Not searching for unused variables given on the command line.
[36m--[0m The C compiler identification is GNU 9.4.0
[36m--[0m The CXX compiler identification is GNU 7.5.0
[36m--[0m Detecting C compiler ABI info
[36m--[0m Detecting C compiler ABI info - done
[36m--[0m Check for working C compiler: /usr/bin/cc - skipped
[36m--[0m Detecting C compile features
[36m--[0m Detecting C compile features - done
[36m--[0m Detecting CXX compiler ABI info
[36m--[0m Detecting CXX compiler ABI info - done
[36m--[0m Check for working CXX compiler: /usr/bin/c++ - skipped
[36m--[0m Detecting CXX compile features
[36m--[0m Detecting CXX compile features - done
[36m--[0m Using CATKIN_DEVEL_PREFIX: /home/autolabor/catkin_ws/devel/.private/navfn
[36m--[0m Using CMAKE_PREFIX_PATH: /home/autolabor/catkin_ws/devel;/opt/ros/melodic
[36m--[0m This workspace overlays: /home/autolabor/catkin_ws/devel;/opt/ros/melodic
[36m--[0m Found PythonInterp: /usr/bin/python2 (found suitable version "2.7.17", minimum required is "2")
[36m--[0m Using PYTHON_EXECUTABLE: /usr/bin/python2
[36m--[0m Using Debian Python package layout
[36m--[0m Using empy: /usr/bin/empy
[36m--[0m Using CATKIN_ENABLE_TESTING: ON
[36m--[0m Call enable_testing()
[36m--[0m Using CATKIN_TEST_RESULTS_DIR: /opt/autolabor/ros/catkin_ws/build/navfn/test_results
[36m--[0m Forcing gtest/gmock from source, though one was otherwise available.
[36m--[0m Found gtest sources under '/usr/src/googletest': gtests will be built
[36m--[0m Found gmock sources under '/usr/src/googletest': gmock will be built
[36m--[0m Found PythonInterp: /usr/bin/python2 (found version "2.7.17")
[36m--[0m Found Threads: TRUE
[36m--[0m Using Python nosetests: /usr/bin/nosetests-2.7
[36m--[0m catkin 0.7.29
[36m--[0m BUILD_SHARED_LIBS is on
[36m--[0m Using these message generators: gencpp;geneus;genlisp;gennodejs;genpy
[36m--[0m navfn: 0 messages, 2 services
[36m--[0m Looking for sys/time.h
[36m--[0m Looking for sys/time.h - found
[36m--[0m Looking for C++ include FL/Fl.H
[36m--[0m Looking for C++ include FL/Fl.H - not found
[36m--[0m Looking for C++ include pgm.h
[36m--[0m Looking for C++ include pgm.h - found
[36m--[0m NAVFN_HAVE_FLTK: , NETPBM: 1
[36m--[0m FLTK orf NETPBM not found: cannot build navtest
[36m--[0m Configuring done
[36m--[0m Generating done
[36m--[0m Build files have been written to: /opt/autolabor/ros/catkin_ws/build/navfn
