Performing C SOURCE FILE Test CMAKE_HAVE_LIBC_PTHREAD failed with the following output:
Change Dir: /opt/autolabor/ros/catkin_ws/build/wiimote/CMakeFiles/CMakeTmp

Run Build Command(s):/usr/bin/make -f Makefile cmTC_c6243/fast && /usr/bin/make  -f CMakeFiles/cmTC_c6243.dir/build.make CMakeFiles/cmTC_c6243.dir/build
make[1]: 进入目录“/opt/autolabor/ros/catkin_ws/build/wiimote/CMakeFiles/CMakeTmp”
Building C object CMakeFiles/cmTC_c6243.dir/src.c.o
/usr/bin/cc -DCMAKE_HAVE_LIBC_PTHREAD   -o CMakeFiles/cmTC_c6243.dir/src.c.o -c /opt/autolabor/ros/catkin_ws/build/wiimote/CMakeFiles/CMakeTmp/src.c
Linking C executable cmTC_c6243
/usr/bin/cmake -E cmake_link_script CMakeFiles/cmTC_c6243.dir/link.txt --verbose=1
/usr/bin/cc -pie -z noexecstack -z relro -z now  CMakeFiles/cmTC_c6243.dir/src.c.o -o cmTC_c6243 
CMakeFiles/cmTC_c6243.dir/src.c.o：在函数‘main’中：
src.c:(.text+0x3e)：对‘pthread_create’未定义的引用
src.c:(.text+0x4a)：对‘pthread_detach’未定义的引用
src.c:(.text+0x56)：对‘pthread_cancel’未定义的引用
src.c:(.text+0x67)：对‘pthread_join’未定义的引用
src.c:(.text+0x7b)：对‘pthread_atfork’未定义的引用
collect2: error: ld returned 1 exit status
CMakeFiles/cmTC_c6243.dir/build.make:98: recipe for target 'cmTC_c6243' failed
make[1]: *** [cmTC_c6243] Error 1
make[1]: 离开目录“/opt/autolabor/ros/catkin_ws/build/wiimote/CMakeFiles/CMakeTmp”
Makefile:127: recipe for target 'cmTC_c6243/fast' failed
make: *** [cmTC_c6243/fast] Error 2


Source file was:
#include <pthread.h>

static void* test_func(void* data)
{
  return data;
}

int main(void)
{
  pthread_t thread;
  pthread_create(&thread, NULL, test_func, NULL);
  pthread_detach(thread);
  pthread_cancel(thread);
  pthread_join(thread, NULL);
  pthread_atfork(NULL, NULL, NULL);
  pthread_exit(NULL);

  return 0;
}

Determining if the function pthread_create exists in the pthreads failed with the following output:
Change Dir: /opt/autolabor/ros/catkin_ws/build/wiimote/CMakeFiles/CMakeTmp

Run Build Command(s):/usr/bin/make -f Makefile cmTC_57771/fast && /usr/bin/make  -f CMakeFiles/cmTC_57771.dir/build.make CMakeFiles/cmTC_57771.dir/build
make[1]: 进入目录“/opt/autolabor/ros/catkin_ws/build/wiimote/CMakeFiles/CMakeTmp”
Building C object CMakeFiles/cmTC_57771.dir/CheckFunctionExists.c.o
/usr/bin/cc   -DCHECK_FUNCTION_EXISTS=pthread_create -o CMakeFiles/cmTC_57771.dir/CheckFunctionExists.c.o -c /usr/share/cmake-3.23/Modules/CheckFunctionExists.c
Linking C executable cmTC_57771
/usr/bin/cmake -E cmake_link_script CMakeFiles/cmTC_57771.dir/link.txt --verbose=1
/usr/bin/cc  -DCHECK_FUNCTION_EXISTS=pthread_create -pie -z noexecstack -z relro -z now  CMakeFiles/cmTC_57771.dir/CheckFunctionExists.c.o -o cmTC_57771  -lpthreads 
/usr/bin/ld: 找不到 -lpthreads
collect2: error: ld returned 1 exit status
CMakeFiles/cmTC_57771.dir/build.make:98: recipe for target 'cmTC_57771' failed
make[1]: *** [cmTC_57771] Error 1
make[1]: 离开目录“/opt/autolabor/ros/catkin_ws/build/wiimote/CMakeFiles/CMakeTmp”
Makefile:127: recipe for target 'cmTC_57771/fast' failed
make: *** [cmTC_57771/fast] Error 2



