Performing C++ SOURCE FILE Test CMAKE_HAVE_LIBC_PTHREAD failed with the following output:
Change Dir: /opt/autolabor/ros/catkin_ws/build/kinect2_registration/CMakeFiles/CMakeTmp

Run Build Command(s):/usr/bin/make -f Makefile cmTC_79eba/fast && /usr/bin/make  -f CMakeFiles/cmTC_79eba.dir/build.make CMakeFiles/cmTC_79eba.dir/build
make[1]: 进入目录“/opt/autolabor/ros/catkin_ws/build/kinect2_registration/CMakeFiles/CMakeTmp”
Building CXX object CMakeFiles/cmTC_79eba.dir/src.cxx.o
/usr/bin/c++ -DCMAKE_HAVE_LIBC_PTHREAD  -DBT_USE_DOUBLE_PRECISION -Wall -Wuninitialized -Winit-self -Wunused-function -Wunused-label -Wunused-variable -Wunused-but-set-variable -Wunused-but-set-parameter -Warray-bounds -Wtype-limits -Wreturn-type -Wsequence-point -Wparentheses -Wmissing-braces -Wchar-subscripts -Wswitch -Wwrite-strings -Wenum-compare -Wempty-body -std=c++11  -o CMakeFiles/cmTC_79eba.dir/src.cxx.o -c /opt/autolabor/ros/catkin_ws/build/kinect2_registration/CMakeFiles/CMakeTmp/src.cxx
Linking CXX executable cmTC_79eba
/usr/bin/cmake -E cmake_link_script CMakeFiles/cmTC_79eba.dir/link.txt --verbose=1
/usr/bin/c++  -DBT_USE_DOUBLE_PRECISION -Wall -Wuninitialized -Winit-self -Wunused-function -Wunused-label -Wunused-variable -Wunused-but-set-variable -Wunused-but-set-parameter -Warray-bounds -Wtype-limits -Wreturn-type -Wsequence-point -Wparentheses -Wmissing-braces -Wchar-subscripts -Wswitch -Wwrite-strings -Wenum-compare -Wempty-body -std=c++11  CMakeFiles/cmTC_79eba.dir/src.cxx.o -o cmTC_79eba 
CMakeFiles/cmTC_79eba.dir/src.cxx.o：在函数‘main’中：
src.cxx:(.text+0x3e)：对‘pthread_create’未定义的引用
src.cxx:(.text+0x4a)：对‘pthread_detach’未定义的引用
src.cxx:(.text+0x56)：对‘pthread_cancel’未定义的引用
src.cxx:(.text+0x67)：对‘pthread_join’未定义的引用
src.cxx:(.text+0x7b)：对‘pthread_atfork’未定义的引用
collect2: error: ld returned 1 exit status
CMakeFiles/cmTC_79eba.dir/build.make:98: recipe for target 'cmTC_79eba' failed
make[1]: *** [cmTC_79eba] Error 1
make[1]: 离开目录“/opt/autolabor/ros/catkin_ws/build/kinect2_registration/CMakeFiles/CMakeTmp”
Makefile:127: recipe for target 'cmTC_79eba/fast' failed
make: *** [cmTC_79eba/fast] Error 2


Source file was:
#include <pthread.h>

static void* test_func(void* data)
{
  return data;
}

int main(void)
{
  pthread_t thread;
  pthread_create(&thread, NULL, test_func, NULL);
  pthread_detach(thread);
  pthread_cancel(thread);
  pthread_join(thread, NULL);
  pthread_atfork(NULL, NULL, NULL);
  pthread_exit(NULL);

  return 0;
}

Determining if the function pthread_create exists in the pthreads failed with the following output:
Change Dir: /opt/autolabor/ros/catkin_ws/build/kinect2_registration/CMakeFiles/CMakeTmp

Run Build Command(s):/usr/bin/make -f Makefile cmTC_7cd50/fast && /usr/bin/make  -f CMakeFiles/cmTC_7cd50.dir/build.make CMakeFiles/cmTC_7cd50.dir/build
make[1]: 进入目录“/opt/autolabor/ros/catkin_ws/build/kinect2_registration/CMakeFiles/CMakeTmp”
Building CXX object CMakeFiles/cmTC_7cd50.dir/CheckFunctionExists.cxx.o
/usr/bin/c++   -DBT_USE_DOUBLE_PRECISION -Wall -Wuninitialized -Winit-self -Wunused-function -Wunused-label -Wunused-variable -Wunused-but-set-variable -Wunused-but-set-parameter -Warray-bounds -Wtype-limits -Wreturn-type -Wsequence-point -Wparentheses -Wmissing-braces -Wchar-subscripts -Wswitch -Wwrite-strings -Wenum-compare -Wempty-body -std=c++11 -DCHECK_FUNCTION_EXISTS=pthread_create -o CMakeFiles/cmTC_7cd50.dir/CheckFunctionExists.cxx.o -c /opt/autolabor/ros/catkin_ws/build/kinect2_registration/CMakeFiles/CheckLibraryExists/CheckFunctionExists.cxx
Linking CXX executable cmTC_7cd50
/usr/bin/cmake -E cmake_link_script CMakeFiles/cmTC_7cd50.dir/link.txt --verbose=1
/usr/bin/c++  -DBT_USE_DOUBLE_PRECISION -Wall -Wuninitialized -Winit-self -Wunused-function -Wunused-label -Wunused-variable -Wunused-but-set-variable -Wunused-but-set-parameter -Warray-bounds -Wtype-limits -Wreturn-type -Wsequence-point -Wparentheses -Wmissing-braces -Wchar-subscripts -Wswitch -Wwrite-strings -Wenum-compare -Wempty-body -std=c++11 -DCHECK_FUNCTION_EXISTS=pthread_create CMakeFiles/cmTC_7cd50.dir/CheckFunctionExists.cxx.o -o cmTC_7cd50  -lpthreads 
/usr/bin/ld: 找不到 -lpthreads
collect2: error: ld returned 1 exit status
CMakeFiles/cmTC_7cd50.dir/build.make:98: recipe for target 'cmTC_7cd50' failed
make[1]: *** [cmTC_7cd50] Error 1
make[1]: 离开目录“/opt/autolabor/ros/catkin_ws/build/kinect2_registration/CMakeFiles/CMakeTmp”
Makefile:127: recipe for target 'cmTC_7cd50/fast' failed
make: *** [cmTC_7cd50/fast] Error 2



Determining if the CL_VERSION_2_0 exist failed with the following output:
Change Dir: /opt/autolabor/ros/catkin_ws/build/kinect2_registration/CMakeFiles/CMakeTmp

Run Build Command(s):/usr/bin/make -f Makefile cmTC_0650b/fast && /usr/bin/make  -f CMakeFiles/cmTC_0650b.dir/build.make CMakeFiles/cmTC_0650b.dir/build
make[1]: 进入目录“/opt/autolabor/ros/catkin_ws/build/kinect2_registration/CMakeFiles/CMakeTmp”
Building CXX object CMakeFiles/cmTC_0650b.dir/CheckSymbolExists.cxx.o
/usr/bin/c++   -DBT_USE_DOUBLE_PRECISION -Wall -Wuninitialized -Winit-self -Wunused-function -Wunused-label -Wunused-variable -Wunused-but-set-variable -Wunused-but-set-parameter -Warray-bounds -Wtype-limits -Wreturn-type -Wsequence-point -Wparentheses -Wmissing-braces -Wchar-subscripts -Wswitch -Wwrite-strings -Wenum-compare -Wempty-body -std=c++11  -o CMakeFiles/cmTC_0650b.dir/CheckSymbolExists.cxx.o -c /opt/autolabor/ros/catkin_ws/build/kinect2_registration/CMakeFiles/CMakeTmp/CheckSymbolExists.cxx
/opt/autolabor/ros/catkin_ws/build/kinect2_registration/CMakeFiles/CMakeTmp/CheckSymbolExists.cxx:2:10: fatal error: OpenCL_INCLUDE_DIR-NOTFOUND/CL/cl.h: 没有那个文件或目录
 #include <OpenCL_INCLUDE_DIR-NOTFOUND/CL/cl.h>
          ^~~~~~~~~~~~~~~~~~~~~~~~~~~~~~~~~~~~~
compilation terminated.
CMakeFiles/cmTC_0650b.dir/build.make:77: recipe for target 'CMakeFiles/cmTC_0650b.dir/CheckSymbolExists.cxx.o' failed
make[1]: *** [CMakeFiles/cmTC_0650b.dir/CheckSymbolExists.cxx.o] Error 1
make[1]: 离开目录“/opt/autolabor/ros/catkin_ws/build/kinect2_registration/CMakeFiles/CMakeTmp”
Makefile:127: recipe for target 'cmTC_0650b/fast' failed
make: *** [cmTC_0650b/fast] Error 2


File /opt/autolabor/ros/catkin_ws/build/kinect2_registration/CMakeFiles/CMakeTmp/CheckSymbolExists.cxx:
/* */
#include <OpenCL_INCLUDE_DIR-NOTFOUND/CL/cl.h>

int main(int argc, char** argv)
{
  (void)argv;
#ifndef CL_VERSION_2_0
  return ((int*)(&CL_VERSION_2_0))[argc];
#else
  (void)argc;
  return 0;
#endif
}
Determining if the CL_VERSION_1_2 exist failed with the following output:
Change Dir: /opt/autolabor/ros/catkin_ws/build/kinect2_registration/CMakeFiles/CMakeTmp

Run Build Command(s):/usr/bin/make -f Makefile cmTC_78c08/fast && /usr/bin/make  -f CMakeFiles/cmTC_78c08.dir/build.make CMakeFiles/cmTC_78c08.dir/build
make[1]: 进入目录“/opt/autolabor/ros/catkin_ws/build/kinect2_registration/CMakeFiles/CMakeTmp”
Building CXX object CMakeFiles/cmTC_78c08.dir/CheckSymbolExists.cxx.o
/usr/bin/c++   -DBT_USE_DOUBLE_PRECISION -Wall -Wuninitialized -Winit-self -Wunused-function -Wunused-label -Wunused-variable -Wunused-but-set-variable -Wunused-but-set-parameter -Warray-bounds -Wtype-limits -Wreturn-type -Wsequence-point -Wparentheses -Wmissing-braces -Wchar-subscripts -Wswitch -Wwrite-strings -Wenum-compare -Wempty-body -std=c++11  -o CMakeFiles/cmTC_78c08.dir/CheckSymbolExists.cxx.o -c /opt/autolabor/ros/catkin_ws/build/kinect2_registration/CMakeFiles/CMakeTmp/CheckSymbolExists.cxx
/opt/autolabor/ros/catkin_ws/build/kinect2_registration/CMakeFiles/CMakeTmp/CheckSymbolExists.cxx:2:10: fatal error: OpenCL_INCLUDE_DIR-NOTFOUND/CL/cl.h: 没有那个文件或目录
 #include <OpenCL_INCLUDE_DIR-NOTFOUND/CL/cl.h>
          ^~~~~~~~~~~~~~~~~~~~~~~~~~~~~~~~~~~~~
compilation terminated.
CMakeFiles/cmTC_78c08.dir/build.make:77: recipe for target 'CMakeFiles/cmTC_78c08.dir/CheckSymbolExists.cxx.o' failed
make[1]: *** [CMakeFiles/cmTC_78c08.dir/CheckSymbolExists.cxx.o] Error 1
make[1]: 离开目录“/opt/autolabor/ros/catkin_ws/build/kinect2_registration/CMakeFiles/CMakeTmp”
Makefile:127: recipe for target 'cmTC_78c08/fast' failed
make: *** [cmTC_78c08/fast] Error 2


File /opt/autolabor/ros/catkin_ws/build/kinect2_registration/CMakeFiles/CMakeTmp/CheckSymbolExists.cxx:
/* */
#include <OpenCL_INCLUDE_DIR-NOTFOUND/CL/cl.h>

int main(int argc, char** argv)
{
  (void)argv;
#ifndef CL_VERSION_1_2
  return ((int*)(&CL_VERSION_1_2))[argc];
#else
  (void)argc;
  return 0;
#endif
}
Determining if the CL_VERSION_1_1 exist failed with the following output:
Change Dir: /opt/autolabor/ros/catkin_ws/build/kinect2_registration/CMakeFiles/CMakeTmp

Run Build Command(s):/usr/bin/make -f Makefile cmTC_17b47/fast && /usr/bin/make  -f CMakeFiles/cmTC_17b47.dir/build.make CMakeFiles/cmTC_17b47.dir/build
make[1]: 进入目录“/opt/autolabor/ros/catkin_ws/build/kinect2_registration/CMakeFiles/CMakeTmp”
Building CXX object CMakeFiles/cmTC_17b47.dir/CheckSymbolExists.cxx.o
/usr/bin/c++   -DBT_USE_DOUBLE_PRECISION -Wall -Wuninitialized -Winit-self -Wunused-function -Wunused-label -Wunused-variable -Wunused-but-set-variable -Wunused-but-set-parameter -Warray-bounds -Wtype-limits -Wreturn-type -Wsequence-point -Wparentheses -Wmissing-braces -Wchar-subscripts -Wswitch -Wwrite-strings -Wenum-compare -Wempty-body -std=c++11  -o CMakeFiles/cmTC_17b47.dir/CheckSymbolExists.cxx.o -c /opt/autolabor/ros/catkin_ws/build/kinect2_registration/CMakeFiles/CMakeTmp/CheckSymbolExists.cxx
/opt/autolabor/ros/catkin_ws/build/kinect2_registration/CMakeFiles/CMakeTmp/CheckSymbolExists.cxx:2:10: fatal error: OpenCL_INCLUDE_DIR-NOTFOUND/CL/cl.h: 没有那个文件或目录
 #include <OpenCL_INCLUDE_DIR-NOTFOUND/CL/cl.h>
          ^~~~~~~~~~~~~~~~~~~~~~~~~~~~~~~~~~~~~
compilation terminated.
CMakeFiles/cmTC_17b47.dir/build.make:77: recipe for target 'CMakeFiles/cmTC_17b47.dir/CheckSymbolExists.cxx.o' failed
make[1]: *** [CMakeFiles/cmTC_17b47.dir/CheckSymbolExists.cxx.o] Error 1
make[1]: 离开目录“/opt/autolabor/ros/catkin_ws/build/kinect2_registration/CMakeFiles/CMakeTmp”
Makefile:127: recipe for target 'cmTC_17b47/fast' failed
make: *** [cmTC_17b47/fast] Error 2


File /opt/autolabor/ros/catkin_ws/build/kinect2_registration/CMakeFiles/CMakeTmp/CheckSymbolExists.cxx:
/* */
#include <OpenCL_INCLUDE_DIR-NOTFOUND/CL/cl.h>

int main(int argc, char** argv)
{
  (void)argv;
#ifndef CL_VERSION_1_1
  return ((int*)(&CL_VERSION_1_1))[argc];
#else
  (void)argc;
  return 0;
#endif
}
Determining if the CL_VERSION_1_0 exist failed with the following output:
Change Dir: /opt/autolabor/ros/catkin_ws/build/kinect2_registration/CMakeFiles/CMakeTmp

Run Build Command(s):/usr/bin/make -f Makefile cmTC_8f2c3/fast && /usr/bin/make  -f CMakeFiles/cmTC_8f2c3.dir/build.make CMakeFiles/cmTC_8f2c3.dir/build
make[1]: 进入目录“/opt/autolabor/ros/catkin_ws/build/kinect2_registration/CMakeFiles/CMakeTmp”
Building CXX object CMakeFiles/cmTC_8f2c3.dir/CheckSymbolExists.cxx.o
/usr/bin/c++   -DBT_USE_DOUBLE_PRECISION -Wall -Wuninitialized -Winit-self -Wunused-function -Wunused-label -Wunused-variable -Wunused-but-set-variable -Wunused-but-set-parameter -Warray-bounds -Wtype-limits -Wreturn-type -Wsequence-point -Wparentheses -Wmissing-braces -Wchar-subscripts -Wswitch -Wwrite-strings -Wenum-compare -Wempty-body -std=c++11  -o CMakeFiles/cmTC_8f2c3.dir/CheckSymbolExists.cxx.o -c /opt/autolabor/ros/catkin_ws/build/kinect2_registration/CMakeFiles/CMakeTmp/CheckSymbolExists.cxx
/opt/autolabor/ros/catkin_ws/build/kinect2_registration/CMakeFiles/CMakeTmp/CheckSymbolExists.cxx:2:10: fatal error: OpenCL_INCLUDE_DIR-NOTFOUND/CL/cl.h: 没有那个文件或目录
 #include <OpenCL_INCLUDE_DIR-NOTFOUND/CL/cl.h>
          ^~~~~~~~~~~~~~~~~~~~~~~~~~~~~~~~~~~~~
compilation terminated.
CMakeFiles/cmTC_8f2c3.dir/build.make:77: recipe for target 'CMakeFiles/cmTC_8f2c3.dir/CheckSymbolExists.cxx.o' failed
make[1]: *** [CMakeFiles/cmTC_8f2c3.dir/CheckSymbolExists.cxx.o] Error 1
make[1]: 离开目录“/opt/autolabor/ros/catkin_ws/build/kinect2_registration/CMakeFiles/CMakeTmp”
Makefile:127: recipe for target 'cmTC_8f2c3/fast' failed
make: *** [cmTC_8f2c3/fast] Error 2


File /opt/autolabor/ros/catkin_ws/build/kinect2_registration/CMakeFiles/CMakeTmp/CheckSymbolExists.cxx:
/* */
#include <OpenCL_INCLUDE_DIR-NOTFOUND/CL/cl.h>

int main(int argc, char** argv)
{
  (void)argv;
#ifndef CL_VERSION_1_0
  return ((int*)(&CL_VERSION_1_0))[argc];
#else
  (void)argc;
  return 0;
#endif
}
