Not searching for unused variables given on the command line.
[36m--[0m The C compiler identification is GNU 9.4.0
[36m--[0m The CXX compiler identification is GNU 7.5.0
[36m--[0m Detecting C compiler ABI info
[36m--[0m Detecting C compiler ABI info - done
[36m--[0m Check for working C compiler: /usr/bin/cc - skipped
[36m--[0m Detecting C compile features
[36m--[0m Detecting C compile features - done
[36m--[0m Detecting CXX compiler ABI info
[36m--[0m Detecting CXX compiler ABI info - done
[36m--[0m Check for working CXX compiler: /usr/bin/c++ - skipped
[36m--[0m Detecting CXX compile features
[36m--[0m Detecting CXX compile features - done
[36m--[0m Using CATKIN_DEVEL_PREFIX: /home/autolabor/catkin_ws/devel/.private/teb_local_planner
[36m--[0m Using CMAKE_PREFIX_PATH: /home/autolabor/catkin_ws/devel;/opt/ros/melodic
[36m--[0m This workspace overlays: /home/autolabor/catkin_ws/devel;/opt/ros/melodic
[36m--[0m Found PythonInterp: /usr/bin/python2 (found suitable version "2.7.17", minimum required is "2")
[36m--[0m Using PYTHON_EXECUTABLE: /usr/bin/python2
[36m--[0m Using Debian Python package layout
[36m--[0m Using empy: /usr/bin/empy
[36m--[0m Using CATKIN_ENABLE_TESTING: ON
[36m--[0m Call enable_testing()
[36m--[0m Using CATKIN_TEST_RESULTS_DIR: /opt/autolabor/ros/catkin_ws/build/teb_local_planner/test_results
[36m--[0m Forcing gtest/gmock from source, though one was otherwise available.
[36m--[0m Found gtest sources under '/usr/src/googletest': gtests will be built
[36m--[0m Found gmock sources under '/usr/src/googletest': gmock will be built
[36m--[0m Found PythonInterp: /usr/bin/python2 (found version "2.7.17")
[36m--[0m Found Threads: TRUE
[36m--[0m Using Python nosetests: /usr/bin/nosetests-2.7
[36m--[0m catkin 0.7.29
[36m--[0m BUILD_SHARED_LIBS is on
[36m--[0m Using these message generators: gencpp;geneus;genlisp;gennodejs;genpy
[36m--[0m System: Linux-5.4.0-77-generic
[36m--[0m /opt/ros/melodic/share/cmake_modules/cmake/../../../share/cmake_modules/cmake/Modules;/home/autolabor/catkin_ws/src/navigation/teb_local_planner/cmake_modules
[36m--[0m Found Boost: /usr/include (found version "1.65.1") found components: system thread graph chrono date_time atomic
[36m--[0m Found SuiteSparse
[36m--[0m Searching for g2o ...
[36m--[0m Found g2o headers in: /opt/ros/melodic/include/g2o
[36m--[0m Found libg2o: /opt/ros/melodic/lib/libg2o_csparse_extension.so;/opt/ros/melodic/lib/libg2o_core.so;/opt/ros/melodic/lib/libg2o_stuff.so;/opt/ros/melodic/lib/libg2o_types_slam2d.so;/opt/ros/melodic/lib/libg2o_types_slam3d.so;/opt/ros/melodic/lib/libg2o_solver_cholmod.so;/opt/ros/melodic/lib/libg2o_solver_pcg.so;/opt/ros/melodic/lib/libg2o_solver_csparse.so;/opt/ros/melodic/lib/libg2o_incremental.so
[36m--[0m Performing Test COMPILER_SUPPORTS_CXX11
[36m--[0m Performing Test COMPILER_SUPPORTS_CXX11 - Success
[36m--[0m Performing Test COMPILER_SUPPORTS_CXX0X
[36m--[0m Performing Test COMPILER_SUPPORTS_CXX0X - Success
[36m--[0m teb_local_planner: 3 messages, 0 services
[36m--[0m Configuring done
[36m--[0m Generating done
[36m--[0m Build files have been written to: /opt/autolabor/ros/catkin_ws/build/teb_local_planner
