Linked: (/home/autolabor/catkin_ws/devel/.private/al_rtk_ros_driver/include/nmea_msgs/Gpgsv.h, /home/autolabor/catkin_ws/devel/include/nmea_msgs/Gpgsv.h)
Linked: (/home/autolabor/catkin_ws/devel/.private/al_rtk_ros_driver/include/nmea_msgs/Sentence.h, /home/autolabor/catkin_ws/devel/include/nmea_msgs/Sentence.h)
Linked: (/home/autolabor/catkin_ws/devel/.private/al_rtk_ros_driver/include/nmea_msgs/Gpgsa.h, /home/autolabor/catkin_ws/devel/include/nmea_msgs/Gpgsa.h)
Linked: (/home/autolabor/catkin_ws/devel/.private/al_rtk_ros_driver/include/nmea_msgs/GpgsvSatellite.h, /home/autolabor/catkin_ws/devel/include/nmea_msgs/GpgsvSatellite.h)
Linked: (/home/autolabor/catkin_ws/devel/.private/al_rtk_ros_driver/include/nmea_msgs/Gpgga.h, /home/autolabor/catkin_ws/devel/include/nmea_msgs/Gpgga.h)
Linked: (/home/autolabor/catkin_ws/devel/.private/al_rtk_ros_driver/include/nmea_msgs/Gpgst.h, /home/autolabor/catkin_ws/devel/include/nmea_msgs/Gpgst.h)
Linked: (/home/autolabor/catkin_ws/devel/.private/al_rtk_ros_driver/include/nmea_msgs/Gprmc.h, /home/autolabor/catkin_ws/devel/include/nmea_msgs/Gprmc.h)
Linked: (/home/autolabor/catkin_ws/devel/.private/al_rtk_ros_driver/share/gennodejs/ros/nmea_msgs/_index.js, /home/autolabor/catkin_ws/devel/share/gennodejs/ros/nmea_msgs/_index.js)
Linked: (/home/autolabor/catkin_ws/devel/.private/al_rtk_ros_driver/share/gennodejs/ros/nmea_msgs/msg/Gprmc.js, /home/autolabor/catkin_ws/devel/share/gennodejs/ros/nmea_msgs/msg/Gprmc.js)
Linked: (/home/autolabor/catkin_ws/devel/.private/al_rtk_ros_driver/share/gennodejs/ros/nmea_msgs/msg/Sentence.js, /home/autolabor/catkin_ws/devel/share/gennodejs/ros/nmea_msgs/msg/Sentence.js)
Linked: (/home/autolabor/catkin_ws/devel/.private/al_rtk_ros_driver/share/gennodejs/ros/nmea_msgs/msg/_index.js, /home/autolabor/catkin_ws/devel/share/gennodejs/ros/nmea_msgs/msg/_index.js)
Linked: (/home/autolabor/catkin_ws/devel/.private/al_rtk_ros_driver/share/gennodejs/ros/nmea_msgs/msg/GpgsvSatellite.js, /home/autolabor/catkin_ws/devel/share/gennodejs/ros/nmea_msgs/msg/GpgsvSatellite.js)
Linked: (/home/autolabor/catkin_ws/devel/.private/al_rtk_ros_driver/share/gennodejs/ros/nmea_msgs/msg/Gpgsa.js, /home/autolabor/catkin_ws/devel/share/gennodejs/ros/nmea_msgs/msg/Gpgsa.js)
Linked: (/home/autolabor/catkin_ws/devel/.private/al_rtk_ros_driver/share/gennodejs/ros/nmea_msgs/msg/Gpgga.js, /home/autolabor/catkin_ws/devel/share/gennodejs/ros/nmea_msgs/msg/Gpgga.js)
Linked: (/home/autolabor/catkin_ws/devel/.private/al_rtk_ros_driver/share/gennodejs/ros/nmea_msgs/msg/Gpgst.js, /home/autolabor/catkin_ws/devel/share/gennodejs/ros/nmea_msgs/msg/Gpgst.js)
Linked: (/home/autolabor/catkin_ws/devel/.private/al_rtk_ros_driver/share/gennodejs/ros/nmea_msgs/msg/Gpgsv.js, /home/autolabor/catkin_ws/devel/share/gennodejs/ros/nmea_msgs/msg/Gpgsv.js)
Linked: (/home/autolabor/catkin_ws/devel/.private/al_rtk_ros_driver/share/nmea_msgs/cmake/nmea_msgs-msg-paths.cmake, /home/autolabor/catkin_ws/devel/share/nmea_msgs/cmake/nmea_msgs-msg-paths.cmake)
Linked: (/home/autolabor/catkin_ws/devel/.private/al_rtk_ros_driver/share/nmea_msgs/cmake/nmea_msgsConfig-version.cmake, /home/autolabor/catkin_ws/devel/share/nmea_msgs/cmake/nmea_msgsConfig-version.cmake)
Linked: (/home/autolabor/catkin_ws/devel/.private/al_rtk_ros_driver/share/nmea_msgs/cmake/nmea_msgsConfig.cmake, /home/autolabor/catkin_ws/devel/share/nmea_msgs/cmake/nmea_msgsConfig.cmake)
Linked: (/home/autolabor/catkin_ws/devel/.private/al_rtk_ros_driver/share/nmea_msgs/cmake/nmea_msgs-msg-extras.cmake, /home/autolabor/catkin_ws/devel/share/nmea_msgs/cmake/nmea_msgs-msg-extras.cmake)
Linked: (/home/autolabor/catkin_ws/devel/.private/al_rtk_ros_driver/share/common-lisp/ros/nmea_msgs/msg/Gpgga.lisp, /home/autolabor/catkin_ws/devel/share/common-lisp/ros/nmea_msgs/msg/Gpgga.lisp)
Linked: (/home/autolabor/catkin_ws/devel/.private/al_rtk_ros_driver/share/common-lisp/ros/nmea_msgs/msg/_package_Gpgsv.lisp, /home/autolabor/catkin_ws/devel/share/common-lisp/ros/nmea_msgs/msg/_package_Gpgsv.lisp)
Linked: (/home/autolabor/catkin_ws/devel/.private/al_rtk_ros_driver/share/common-lisp/ros/nmea_msgs/msg/Gprmc.lisp, /home/autolabor/catkin_ws/devel/share/common-lisp/ros/nmea_msgs/msg/Gprmc.lisp)
Linked: (/home/autolabor/catkin_ws/devel/.private/al_rtk_ros_driver/share/common-lisp/ros/nmea_msgs/msg/_package_Gpgsa.lisp, /home/autolabor/catkin_ws/devel/share/common-lisp/ros/nmea_msgs/msg/_package_Gpgsa.lisp)
Linked: (/home/autolabor/catkin_ws/devel/.private/al_rtk_ros_driver/share/common-lisp/ros/nmea_msgs/msg/Gpgsa.lisp, /home/autolabor/catkin_ws/devel/share/common-lisp/ros/nmea_msgs/msg/Gpgsa.lisp)
Linked: (/home/autolabor/catkin_ws/devel/.private/al_rtk_ros_driver/share/common-lisp/ros/nmea_msgs/msg/_package_Sentence.lisp, /home/autolabor/catkin_ws/devel/share/common-lisp/ros/nmea_msgs/msg/_package_Sentence.lisp)
Linked: (/home/autolabor/catkin_ws/devel/.private/al_rtk_ros_driver/share/common-lisp/ros/nmea_msgs/msg/_package_GpgsvSatellite.lisp, /home/autolabor/catkin_ws/devel/share/common-lisp/ros/nmea_msgs/msg/_package_GpgsvSatellite.lisp)
Linked: (/home/autolabor/catkin_ws/devel/.private/al_rtk_ros_driver/share/common-lisp/ros/nmea_msgs/msg/_package.lisp, /home/autolabor/catkin_ws/devel/share/common-lisp/ros/nmea_msgs/msg/_package.lisp)
Linked: (/home/autolabor/catkin_ws/devel/.private/al_rtk_ros_driver/share/common-lisp/ros/nmea_msgs/msg/_package_Gpgst.lisp, /home/autolabor/catkin_ws/devel/share/common-lisp/ros/nmea_msgs/msg/_package_Gpgst.lisp)
Linked: (/home/autolabor/catkin_ws/devel/.private/al_rtk_ros_driver/share/common-lisp/ros/nmea_msgs/msg/nmea_msgs-msg.asd, /home/autolabor/catkin_ws/devel/share/common-lisp/ros/nmea_msgs/msg/nmea_msgs-msg.asd)
Linked: (/home/autolabor/catkin_ws/devel/.private/al_rtk_ros_driver/share/common-lisp/ros/nmea_msgs/msg/GpgsvSatellite.lisp, /home/autolabor/catkin_ws/devel/share/common-lisp/ros/nmea_msgs/msg/GpgsvSatellite.lisp)
Linked: (/home/autolabor/catkin_ws/devel/.private/al_rtk_ros_driver/share/common-lisp/ros/nmea_msgs/msg/Gpgsv.lisp, /home/autolabor/catkin_ws/devel/share/common-lisp/ros/nmea_msgs/msg/Gpgsv.lisp)
Linked: (/home/autolabor/catkin_ws/devel/.private/al_rtk_ros_driver/share/common-lisp/ros/nmea_msgs/msg/Gpgst.lisp, /home/autolabor/catkin_ws/devel/share/common-lisp/ros/nmea_msgs/msg/Gpgst.lisp)
Linked: (/home/autolabor/catkin_ws/devel/.private/al_rtk_ros_driver/share/common-lisp/ros/nmea_msgs/msg/_package_Gpgga.lisp, /home/autolabor/catkin_ws/devel/share/common-lisp/ros/nmea_msgs/msg/_package_Gpgga.lisp)
Linked: (/home/autolabor/catkin_ws/devel/.private/al_rtk_ros_driver/share/common-lisp/ros/nmea_msgs/msg/Sentence.lisp, /home/autolabor/catkin_ws/devel/share/common-lisp/ros/nmea_msgs/msg/Sentence.lisp)
Linked: (/home/autolabor/catkin_ws/devel/.private/al_rtk_ros_driver/share/common-lisp/ros/nmea_msgs/msg/_package_Gprmc.lisp, /home/autolabor/catkin_ws/devel/share/common-lisp/ros/nmea_msgs/msg/_package_Gprmc.lisp)
Linked: (/home/autolabor/catkin_ws/devel/.private/al_rtk_ros_driver/share/al_rtk_ros_driver/cmake/al_rtk_ros_driverConfig-version.cmake, /home/autolabor/catkin_ws/devel/share/al_rtk_ros_driver/cmake/al_rtk_ros_driverConfig-version.cmake)
Linked: (/home/autolabor/catkin_ws/devel/.private/al_rtk_ros_driver/share/al_rtk_ros_driver/cmake/al_rtk_ros_driverConfig.cmake, /home/autolabor/catkin_ws/devel/share/al_rtk_ros_driver/cmake/al_rtk_ros_driverConfig.cmake)
Linked: (/home/autolabor/catkin_ws/devel/.private/al_rtk_ros_driver/share/roseus/ros/nmea_msgs/manifest.l, /home/autolabor/catkin_ws/devel/share/roseus/ros/nmea_msgs/manifest.l)
Linked: (/home/autolabor/catkin_ws/devel/.private/al_rtk_ros_driver/share/roseus/ros/nmea_msgs/msg/Gpgga.l, /home/autolabor/catkin_ws/devel/share/roseus/ros/nmea_msgs/msg/Gpgga.l)
Linked: (/home/autolabor/catkin_ws/devel/.private/al_rtk_ros_driver/share/roseus/ros/nmea_msgs/msg/Sentence.l, /home/autolabor/catkin_ws/devel/share/roseus/ros/nmea_msgs/msg/Sentence.l)
Linked: (/home/autolabor/catkin_ws/devel/.private/al_rtk_ros_driver/share/roseus/ros/nmea_msgs/msg/Gpgsv.l, /home/autolabor/catkin_ws/devel/share/roseus/ros/nmea_msgs/msg/Gpgsv.l)
Linked: (/home/autolabor/catkin_ws/devel/.private/al_rtk_ros_driver/share/roseus/ros/nmea_msgs/msg/GpgsvSatellite.l, /home/autolabor/catkin_ws/devel/share/roseus/ros/nmea_msgs/msg/GpgsvSatellite.l)
Linked: (/home/autolabor/catkin_ws/devel/.private/al_rtk_ros_driver/share/roseus/ros/nmea_msgs/msg/Gprmc.l, /home/autolabor/catkin_ws/devel/share/roseus/ros/nmea_msgs/msg/Gprmc.l)
Linked: (/home/autolabor/catkin_ws/devel/.private/al_rtk_ros_driver/share/roseus/ros/nmea_msgs/msg/Gpgsa.l, /home/autolabor/catkin_ws/devel/share/roseus/ros/nmea_msgs/msg/Gpgsa.l)
Linked: (/home/autolabor/catkin_ws/devel/.private/al_rtk_ros_driver/share/roseus/ros/nmea_msgs/msg/Gpgst.l, /home/autolabor/catkin_ws/devel/share/roseus/ros/nmea_msgs/msg/Gpgst.l)
Linked: (/home/autolabor/catkin_ws/devel/.private/al_rtk_ros_driver/lib/al_rtk_ros_driver/al_rtk_ros_driver, /home/autolabor/catkin_ws/devel/lib/al_rtk_ros_driver/al_rtk_ros_driver)
Linked: (/home/autolabor/catkin_ws/devel/.private/al_rtk_ros_driver/lib/python2.7/dist-packages/nmea_msgs/__init__.py, /home/autolabor/catkin_ws/devel/lib/python2.7/dist-packages/nmea_msgs/__init__.py)
Linked: (/home/autolabor/catkin_ws/devel/.private/al_rtk_ros_driver/lib/python2.7/dist-packages/nmea_msgs/msg/_Gpgst.py, /home/autolabor/catkin_ws/devel/lib/python2.7/dist-packages/nmea_msgs/msg/_Gpgst.py)
Linked: (/home/autolabor/catkin_ws/devel/.private/al_rtk_ros_driver/lib/python2.7/dist-packages/nmea_msgs/msg/_GpgsvSatellite.py, /home/autolabor/catkin_ws/devel/lib/python2.7/dist-packages/nmea_msgs/msg/_GpgsvSatellite.py)
Linked: (/home/autolabor/catkin_ws/devel/.private/al_rtk_ros_driver/lib/python2.7/dist-packages/nmea_msgs/msg/_Sentence.py, /home/autolabor/catkin_ws/devel/lib/python2.7/dist-packages/nmea_msgs/msg/_Sentence.py)
Linked: (/home/autolabor/catkin_ws/devel/.private/al_rtk_ros_driver/lib/python2.7/dist-packages/nmea_msgs/msg/__init__.py, /home/autolabor/catkin_ws/devel/lib/python2.7/dist-packages/nmea_msgs/msg/__init__.py)
Linked: (/home/autolabor/catkin_ws/devel/.private/al_rtk_ros_driver/lib/python2.7/dist-packages/nmea_msgs/msg/_Gpgsa.py, /home/autolabor/catkin_ws/devel/lib/python2.7/dist-packages/nmea_msgs/msg/_Gpgsa.py)
Linked: (/home/autolabor/catkin_ws/devel/.private/al_rtk_ros_driver/lib/python2.7/dist-packages/nmea_msgs/msg/_Gpgga.py, /home/autolabor/catkin_ws/devel/lib/python2.7/dist-packages/nmea_msgs/msg/_Gpgga.py)
Linked: (/home/autolabor/catkin_ws/devel/.private/al_rtk_ros_driver/lib/python2.7/dist-packages/nmea_msgs/msg/_Gpgsv.py, /home/autolabor/catkin_ws/devel/lib/python2.7/dist-packages/nmea_msgs/msg/_Gpgsv.py)
Linked: (/home/autolabor/catkin_ws/devel/.private/al_rtk_ros_driver/lib/python2.7/dist-packages/nmea_msgs/msg/_Gprmc.py, /home/autolabor/catkin_ws/devel/lib/python2.7/dist-packages/nmea_msgs/msg/_Gprmc.py)
Linked: (/home/autolabor/catkin_ws/devel/.private/al_rtk_ros_driver/lib/pkgconfig/nmea_msgs.pc, /home/autolabor/catkin_ws/devel/lib/pkgconfig/nmea_msgs.pc)
Linked: (/home/autolabor/catkin_ws/devel/.private/al_rtk_ros_driver/lib/pkgconfig/al_rtk_ros_driver.pc, /home/autolabor/catkin_ws/devel/lib/pkgconfig/al_rtk_ros_driver.pc)
