[  0%] Built target _nmea_msgs_generate_messages_check_deps_GpgsvSatellite
[  0%] Built target std_msgs_generate_messages_cpp
[  0%] Built target _nmea_msgs_generate_messages_check_deps_Sentence
[  0%] Built target _nmea_msgs_generate_messages_check_deps_Gpgsa
[  0%] Built target _nmea_msgs_generate_messages_check_deps_Gprmc
[  0%] Built target _nmea_msgs_generate_messages_check_deps_Gpgga
[  0%] Built target _nmea_msgs_generate_messages_check_deps_Gpgst
[  0%] Built target _nmea_msgs_generate_messages_check_deps_Gpgsv
[  1%] [32mBuilding CXX object al_rtk_raw_driver/glog/CMakeFiles/glogbase.dir/src/demangle.cc.o[0m
[  2%] [32mBuilding CXX object al_rtk_raw_driver/glog/CMakeFiles/glogbase.dir/src/logging.cc.o[0m
[  3%] [32mBuilding CXX object al_rtk_raw_driver/glog/CMakeFiles/glogbase.dir/src/raw_logging.cc.o[0m
[  5%] [32mBuilding CXX object al_rtk_raw_driver/glog/CMakeFiles/glogbase.dir/src/symbolize.cc.o[0m
[  6%] [32mBuilding CXX object configor/examples/CMakeFiles/configor_example.dir/main.cpp.o[0m
[  7%] [32mBuilding CXX object al_rtk_raw_driver/glog/CMakeFiles/glogbase.dir/src/utilities.cc.o[0m
[  9%] [32mBuilding CXX object al_rtk_raw_driver/glog/CMakeFiles/glogbase.dir/src/vlog_is_on.cc.o[0m
[ 10%] [32mBuilding CXX object al_rtk_raw_driver/glog/CMakeFiles/glogbase.dir/src/signalhandler.cc.o[0m
[ 10%] Built target glogbase
[ 11%] [32mBuilding CXX object configor/examples/CMakeFiles/configor_example.dir/user_info.cpp.o[0m
[ 11%] Built target std_msgs_generate_messages_py
[ 11%] Built target std_msgs_generate_messages_eus
[ 11%] Built target std_msgs_generate_messages_lisp
[ 11%] Built target std_msgs_generate_messages_nodejs
[ 13%] [34m[1mGenerating C++ code from nmea_msgs/Gpgga.msg[0m
[ 14%] [34m[1mGenerating C++ code from nmea_msgs/Gpgsa.msg[0m
[ 15%] [34m[1mGenerating C++ code from nmea_msgs/Gpgst.msg[0m
[ 17%] [34m[1mGenerating C++ code from nmea_msgs/Gpgsv.msg[0m
[ 18%] [34m[1mGenerating C++ code from nmea_msgs/GpgsvSatellite.msg[0m
[ 19%] [32m[1mLinking CXX executable configor_example[0m
[ 21%] [34m[1mGenerating C++ code from nmea_msgs/Gprmc.msg[0m
[ 21%] Built target configor_example
[ 22%] [34m[1mGenerating C++ code from nmea_msgs/Sentence.msg[0m
[ 23%] [32m[1mLinking CXX shared library libglog.so[0m
[ 23%] Built target nmea_msgs_generate_messages_cpp
[ 23%] Built target glog
[ 25%] [32m[1mLinking CXX static library libglogtest.a[0m
[ 26%] [34m[1mGenerating Python from MSG nmea_msgs/Gpgga[0m
[ 26%] Built target glogtest
[ 27%] [34m[1mGenerating Python from MSG nmea_msgs/Gpgsa[0m
[ 28%] [34m[1mGenerating Python from MSG nmea_msgs/Gpgst[0m
[ 30%] [34m[1mGenerating EusLisp manifest code for nmea_msgs[0m
[ 31%] [34m[1mGenerating Python from MSG nmea_msgs/Gpgsv[0m
[ 32%] [34m[1mGenerating Python from MSG nmea_msgs/GpgsvSatellite[0m
[ 34%] [34m[1mGenerating Python from MSG nmea_msgs/Gprmc[0m
[ 35%] [34m[1mGenerating Python from MSG nmea_msgs/Sentence[0m
[ 36%] [34m[1mGenerating Python msg __init__.py for nmea_msgs[0m
[33m[WARNING] nmea_msgs is not found in workspace[0m
[ 38%] [34m[1mGenerating EusLisp code from nmea_msgs/Gpgga.msg[0m
[ 39%] [34m[1mGenerating EusLisp code from nmea_msgs/Gpgsa.msg[0m
[ 39%] Built target nmea_msgs_generate_messages_py
[ 40%] [34m[1mGenerating EusLisp code from nmea_msgs/Gpgst.msg[0m
[ 42%] [34m[1mGenerating Lisp code from nmea_msgs/Gpgga.msg[0m
[ 43%] [34m[1mGenerating Lisp code from nmea_msgs/Gpgsa.msg[0m
[ 44%] [34m[1mGenerating EusLisp code from nmea_msgs/Gpgsv.msg[0m
[ 46%] [34m[1mGenerating Lisp code from nmea_msgs/Gpgst.msg[0m
[ 47%] [34m[1mGenerating EusLisp code from nmea_msgs/GpgsvSatellite.msg[0m
[ 48%] [34m[1mGenerating Lisp code from nmea_msgs/Gpgsv.msg[0m
[ 50%] [34m[1mGenerating Lisp code from nmea_msgs/GpgsvSatellite.msg[0m
[ 51%] [34m[1mGenerating EusLisp code from nmea_msgs/Gprmc.msg[0m
[ 52%] [34m[1mGenerating Lisp code from nmea_msgs/Gprmc.msg[0m
[ 53%] [34m[1mGenerating Lisp code from nmea_msgs/Sentence.msg[0m
[ 55%] [34m[1mGenerating EusLisp code from nmea_msgs/Sentence.msg[0m
[ 55%] Built target nmea_msgs_generate_messages_lisp
[ 56%] [34m[1mGenerating Javascript code from nmea_msgs/Gpgga.msg[0m
[ 56%] Built target nmea_msgs_generate_messages_eus
[ 57%] [34m[1mGenerating Javascript code from nmea_msgs/Gpgsa.msg[0m
[ 57%] Built target nmea_msgs_gencpp
[ 59%] [34m[1mGenerating Javascript code from nmea_msgs/Gpgst.msg[0m
[ 60%] [32mBuilding CXX object al_rtk_raw_driver/CMakeFiles/al_rtk_raw_driver.dir/src/al_rtk_raw_driver.cpp.o[0m
[ 61%] [34m[1mGenerating Javascript code from nmea_msgs/Gpgsv.msg[0m
[ 63%] [34m[1mGenerating Javascript code from nmea_msgs/GpgsvSatellite.msg[0m
[ 64%] [34m[1mGenerating Javascript code from nmea_msgs/Gprmc.msg[0m
[ 65%] [34m[1mGenerating Javascript code from nmea_msgs/Sentence.msg[0m
[ 65%] Built target nmea_msgs_generate_messages_nodejs
[ 67%] [32mBuilding CXX object al_rtk_raw_driver/CMakeFiles/al_rtk_raw_driver.dir/src/base64.cpp.o[0m
[ 68%] [32mBuilding CXX object al_rtk_raw_driver/glog/CMakeFiles/logging_unittest.dir/src/logging_unittest.cc.o[0m
[ 69%] [32m[1mLinking CXX static library libal_rtk_raw_driver.a[0m
[ 69%] Built target al_rtk_raw_driver
[ 71%] [32mBuilding CXX object al_rtk_raw_driver/glog/CMakeFiles/logging_custom_prefix_unittest.dir/src/logging_custom_prefix_unittest.cc.o[0m
[ 72%] [32m[1mLinking CXX executable /home/autolabor/catkin_ws/src/driver/location/al_rtk_ros_driver/al_rtk_raw_driver/bin/logging_unittest[0m
[ 72%] Built target logging_unittest
[ 73%] [32mBuilding CXX object al_rtk_raw_driver/glog/CMakeFiles/stl_logging_unittest.dir/src/stl_logging_unittest.cc.o[0m
[ 75%] [32m[1mLinking CXX executable /home/autolabor/catkin_ws/src/driver/location/al_rtk_ros_driver/al_rtk_raw_driver/bin/logging_custom_prefix_unittest[0m
[ 75%] Built target logging_custom_prefix_unittest
[ 76%] [32mBuilding CXX object al_rtk_raw_driver/glog/CMakeFiles/symbolize_unittest.dir/src/symbolize_unittest.cc.o[0m
[ 77%] [32m[1mLinking CXX executable /home/autolabor/catkin_ws/src/driver/location/al_rtk_ros_driver/al_rtk_raw_driver/bin/symbolize_unittest[0m
[ 77%] Built target symbolize_unittest
[ 78%] [32mBuilding CXX object al_rtk_raw_driver/glog/CMakeFiles/demangle_unittest.dir/src/demangle_unittest.cc.o[0m
[ 80%] [32m[1mLinking CXX executable /home/autolabor/catkin_ws/src/driver/location/al_rtk_ros_driver/al_rtk_raw_driver/bin/stl_logging_unittest[0m
[ 80%] Built target stl_logging_unittest
[ 81%] [32mBuilding CXX object al_rtk_raw_driver/glog/CMakeFiles/stacktrace_unittest.dir/src/stacktrace_unittest.cc.o[0m
[ 82%] [32m[1mLinking CXX executable /home/autolabor/catkin_ws/src/driver/location/al_rtk_ros_driver/al_rtk_raw_driver/bin/demangle_unittest[0m
[ 82%] Built target demangle_unittest
[ 84%] [32mBuilding CXX object al_rtk_raw_driver/glog/CMakeFiles/utilities_unittest.dir/src/utilities_unittest.cc.o[0m
[ 85%] [32m[1mLinking CXX executable /home/autolabor/catkin_ws/src/driver/location/al_rtk_ros_driver/al_rtk_raw_driver/bin/stacktrace_unittest[0m
[ 85%] Built target stacktrace_unittest
[ 86%] [32mBuilding CXX object al_rtk_raw_driver/glog/CMakeFiles/signalhandler_unittest.dir/src/signalhandler_unittest.cc.o[0m
[ 88%] [32m[1mLinking CXX executable /home/autolabor/catkin_ws/src/driver/location/al_rtk_ros_driver/al_rtk_raw_driver/bin/utilities_unittest[0m
[ 88%] Built target utilities_unittest
[ 89%] [32m[1mLinking CXX executable /home/autolabor/catkin_ws/src/driver/location/al_rtk_ros_driver/al_rtk_raw_driver/bin/signalhandler_unittest[0m
[ 90%] [32mBuilding CXX object al_rtk_raw_driver/glog/CMakeFiles/cleanup_immediately_unittest.dir/src/cleanup_immediately_unittest.cc.o[0m
[ 90%] Built target signalhandler_unittest
[ 92%] [32mBuilding CXX object al_rtk_raw_driver/glog/CMakeFiles/cleanup_with_absolute_prefix_unittest.dir/src/cleanup_with_absolute_prefix_unittest.cc.o[0m
[ 93%] [32m[1mLinking CXX executable /home/autolabor/catkin_ws/src/driver/location/al_rtk_ros_driver/al_rtk_raw_driver/bin/cleanup_immediately_unittest[0m
[ 93%] Built target cleanup_immediately_unittest
[ 94%] [32m[1mLinking CXX executable /home/autolabor/catkin_ws/src/driver/location/al_rtk_ros_driver/al_rtk_raw_driver/bin/cleanup_with_absolute_prefix_unittest[0m
[ 96%] [32mBuilding CXX object al_rtk_raw_driver/glog/CMakeFiles/cleanup_with_relative_prefix_unittest.dir/src/cleanup_with_relative_prefix_unittest.cc.o[0m
[ 96%] Built target cleanup_with_absolute_prefix_unittest
[ 96%] Built target nmea_msgs_generate_messages
[ 97%] [32mBuilding CXX object CMakeFiles/al_rtk_ros_driver.dir/src/al_rtk_driver_node.cpp.o[0m
[ 98%] [32m[1mLinking CXX executable /home/autolabor/catkin_ws/src/driver/location/al_rtk_ros_driver/al_rtk_raw_driver/bin/cleanup_with_relative_prefix_unittest[0m
[ 98%] Built target cleanup_with_relative_prefix_unittest
[100%] [32m[1mLinking CXX executable /home/autolabor/catkin_ws/devel/.private/al_rtk_ros_driver/lib/al_rtk_ros_driver/al_rtk_ros_driver[0m
[100%] Built target al_rtk_ros_driver
