[  0%] Built target _nmea_msgs_generate_messages_check_deps_GpgsvSatellite
[  0%] Built target std_msgs_generate_messages_cpp
[  0%] Built target _nmea_msgs_generate_messages_check_deps_Sentence
[  0%] Built target _nmea_msgs_generate_messages_check_deps_Gpgsa
[  0%] Built target _nmea_msgs_generate_messages_check_deps_Gprmc
[  0%] Built target _nmea_msgs_generate_messages_check_deps_Gpgga
[  0%] Built target _nmea_msgs_generate_messages_check_deps_Gpgst
[  0%] Built target _nmea_msgs_generate_messages_check_deps_Gpgsv
[35m[1mConsolidate compiler generated dependencies of target glogbase[0m
[35m[1mConsolidate compiler generated dependencies of target configor_example[0m
[  3%] Built target configor_example
[ 13%] Built target glogbase
[ 13%] Built target std_msgs_generate_messages_py
[ 13%] Built target std_msgs_generate_messages_eus
[ 13%] Built target std_msgs_generate_messages_lisp
[ 13%] Built target std_msgs_generate_messages_nodejs
[ 22%] Built target nmea_msgs_generate_messages_cpp
[ 23%] Built target glog
[ 25%] Built target glogtest
[ 35%] Built target nmea_msgs_generate_messages_py
[ 46%] Built target nmea_msgs_generate_messages_eus
[ 55%] Built target nmea_msgs_generate_messages_lisp
[ 64%] Built target nmea_msgs_generate_messages_nodejs
[ 64%] Built target nmea_msgs_gencpp
[35m[1mConsolidate compiler generated dependencies of target al_rtk_raw_driver[0m
[35m[1mConsolidate compiler generated dependencies of target logging_unittest[0m
[ 68%] Built target al_rtk_raw_driver
[ 71%] Built target logging_unittest
[35m[1mConsolidate compiler generated dependencies of target logging_custom_prefix_unittest[0m
[ 73%] Built target logging_custom_prefix_unittest
[35m[1mConsolidate compiler generated dependencies of target stl_logging_unittest[0m
[35m[1mConsolidate compiler generated dependencies of target symbolize_unittest[0m
[ 76%] Built target symbolize_unittest
[ 78%] Built target stl_logging_unittest
[35m[1mConsolidate compiler generated dependencies of target demangle_unittest[0m
[ 81%] Built target demangle_unittest
[35m[1mConsolidate compiler generated dependencies of target stacktrace_unittest[0m
[35m[1mConsolidate compiler generated dependencies of target utilities_unittest[0m
[ 84%] Built target stacktrace_unittest
[ 86%] Built target utilities_unittest
[35m[1mConsolidate compiler generated dependencies of target signalhandler_unittest[0m
[35m[1mConsolidate compiler generated dependencies of target cleanup_immediately_unittest[0m
[ 89%] Built target signalhandler_unittest
[ 92%] Built target cleanup_immediately_unittest
[35m[1mConsolidate compiler generated dependencies of target cleanup_with_absolute_prefix_unittest[0m
[35m[1mConsolidate compiler generated dependencies of target cleanup_with_relative_prefix_unittest[0m
[ 94%] Built target cleanup_with_absolute_prefix_unittest
[ 97%] Built target cleanup_with_relative_prefix_unittest
[ 97%] Built target nmea_msgs_generate_messages
[35m[1mConsolidate compiler generated dependencies of target al_rtk_ros_driver[0m
[100%] Built target al_rtk_ros_driver
