Not searching for unused variables given on the command line.
[36m--[0m The C compiler identification is GNU 9.4.0
[36m--[0m The CXX compiler identification is GNU 7.5.0
[36m--[0m Detecting C compiler ABI info
[36m--[0m Detecting C compiler ABI info - done
[36m--[0m Check for working C compiler: /usr/bin/cc - skipped
[36m--[0m Detecting C compile features
[36m--[0m Detecting C compile features - done
[36m--[0m Detecting CXX compiler ABI info
[36m--[0m Detecting CXX compiler ABI info - done
[36m--[0m Check for working CXX compiler: /usr/bin/c++ - skipped
[36m--[0m Detecting CXX compile features
[36m--[0m Detecting CXX compile features - done
[36m--[0m Could NOT find GTest (missing: GTest_DIR)
[36m--[0m Looking for gflags namespace
[36m--[0m Looking for gflags namespace - gflags
[36m--[0m Looking for pthread.h
[36m--[0m Looking for pthread.h - found
[36m--[0m Performing Test CMAKE_HAVE_LIBC_PTHREAD
[36m--[0m Performing Test CMAKE_HAVE_LIBC_PTHREAD - Failed
[36m--[0m Looking for pthread_create in pthreads
[36m--[0m Looking for pthread_create in pthreads - not found
[36m--[0m Looking for pthread_create in pthread
[36m--[0m Looking for pthread_create in pthread - found
[36m--[0m Found Threads: TRUE
[36m--[0m Could NOT find Unwind (missing: Unwind_INCLUDE_DIR Unwind_LIBRARY)
[36m--[0m Looking for C++ include unwind.h
[36m--[0m Looking for C++ include unwind.h - found
[36m--[0m Looking for _Unwind_Backtrace
[36m--[0m Looking for _Unwind_Backtrace - found
[36m--[0m Looking for C++ include dlfcn.h
[36m--[0m Looking for C++ include dlfcn.h - found
[36m--[0m Looking for C++ include execinfo.h
[36m--[0m Looking for C++ include execinfo.h - found
[36m--[0m Looking for C++ include glob.h
[36m--[0m Looking for C++ include glob.h - found
[36m--[0m Looking for C++ include inttypes.h
[36m--[0m Looking for C++ include inttypes.h - found
[36m--[0m Looking for C++ include memory.h
[36m--[0m Looking for C++ include memory.h - found
[36m--[0m Looking for C++ include pwd.h
[36m--[0m Looking for C++ include pwd.h - found
[36m--[0m Looking for C++ include stdint.h
[36m--[0m Looking for C++ include stdint.h - found
[36m--[0m Looking for C++ include strings.h
[36m--[0m Looking for C++ include strings.h - found
[36m--[0m Looking for C++ include sys/stat.h
[36m--[0m Looking for C++ include sys/stat.h - found
[36m--[0m Looking for C++ include sys/syscall.h
[36m--[0m Looking for C++ include sys/syscall.h - found
[36m--[0m Looking for C++ include sys/time.h
[36m--[0m Looking for C++ include sys/time.h - found
[36m--[0m Looking for C++ include sys/types.h
[36m--[0m Looking for C++ include sys/types.h - found
[36m--[0m Looking for C++ include sys/utsname.h
[36m--[0m Looking for C++ include sys/utsname.h - found
[36m--[0m Looking for C++ include sys/wait.h
[36m--[0m Looking for C++ include sys/wait.h - found
[36m--[0m Looking for C++ include syscall.h
[36m--[0m Looking for C++ include syscall.h - found
[36m--[0m Looking for C++ include syslog.h
[36m--[0m Looking for C++ include syslog.h - found
[36m--[0m Looking for C++ include ucontext.h
[36m--[0m Looking for C++ include ucontext.h - found
[36m--[0m Looking for C++ include unistd.h
[36m--[0m Looking for C++ include unistd.h - found
[36m--[0m Looking for C++ include ext/hash_map
[36m--[0m Looking for C++ include ext/hash_map - found
[36m--[0m Looking for C++ include ext/hash_set
[36m--[0m Looking for C++ include ext/hash_set - found
[36m--[0m Looking for C++ include ext/slist
[36m--[0m Looking for C++ include ext/slist - found
[36m--[0m Looking for C++ include tr1/unordered_map
[36m--[0m Looking for C++ include tr1/unordered_map - found
[36m--[0m Looking for C++ include tr1/unordered_set
[36m--[0m Looking for C++ include tr1/unordered_set - found
[36m--[0m Looking for C++ include unordered_map
[36m--[0m Looking for C++ include unordered_map - found
[36m--[0m Looking for C++ include unordered_set
[36m--[0m Looking for C++ include unordered_set - found
[36m--[0m Looking for C++ include stddef.h
[36m--[0m Looking for C++ include stddef.h - found
[36m--[0m Check size of unsigned __int16
[36m--[0m Check size of unsigned __int16 - failed
[36m--[0m Check size of u_int16_t
[36m--[0m Check size of u_int16_t - done
[36m--[0m Check size of uint16_t
[36m--[0m Check size of uint16_t - done
[36m--[0m Looking for dladdr
[36m--[0m Looking for dladdr - not found
[36m--[0m Looking for fcntl
[36m--[0m Looking for fcntl - found
[36m--[0m Looking for pread
[36m--[0m Looking for pread - found
[36m--[0m Looking for pwrite
[36m--[0m Looking for pwrite - found
[36m--[0m Looking for sigaction
[36m--[0m Looking for sigaction - found
[36m--[0m Looking for sigaltstack
[36m--[0m Looking for sigaltstack - found
[36m--[0m Performing Test HAVE_NO_DEPRECATED
[36m--[0m Performing Test HAVE_NO_DEPRECATED - Success
[36m--[0m Performing Test HAVE_NO_UNNAMED_TYPE_TEMPLATE_ARGS
[36m--[0m Performing Test HAVE_NO_UNNAMED_TYPE_TEMPLATE_ARGS - Failed
[36m--[0m Looking for pthread_threadid_np
[36m--[0m Looking for pthread_threadid_np - not found
[36m--[0m Looking for snprintf
[36m--[0m Looking for snprintf - found
[36m--[0m Looking for UnDecorateSymbolName in dbghelp
[36m--[0m Looking for UnDecorateSymbolName in dbghelp - not found
[36m--[0m Performing Test HAVE___ATTRIBUTE__
[36m--[0m Performing Test HAVE___ATTRIBUTE__ - Success
[36m--[0m Performing Test HAVE___ATTRIBUTE__VISIBILITY_DEFAULT
[36m--[0m Performing Test HAVE___ATTRIBUTE__VISIBILITY_DEFAULT - Success
[36m--[0m Performing Test HAVE___ATTRIBUTE__VISIBILITY_HIDDEN
[36m--[0m Performing Test HAVE___ATTRIBUTE__VISIBILITY_HIDDEN - Success
[36m--[0m Performing Test HAVE___BUILTIN_EXPECT
[36m--[0m Performing Test HAVE___BUILTIN_EXPECT - Success
[36m--[0m Performing Test HAVE___SYNC_VAL_COMPARE_AND_SWAP
[36m--[0m Performing Test HAVE___SYNC_VAL_COMPARE_AND_SWAP - Success
[36m--[0m Performing Test HAVE_RWLOCK
[36m--[0m Performing Test HAVE_RWLOCK - Success
[36m--[0m Performing Test HAVE___DECLSPEC
[36m--[0m Performing Test HAVE___DECLSPEC - Failed
[36m--[0m Performing Test STL_NO_NAMESPACE
[36m--[0m Performing Test STL_NO_NAMESPACE - Failed
[36m--[0m Performing Test STL_STD_NAMESPACE
[36m--[0m Performing Test STL_STD_NAMESPACE - Success
[36m--[0m Performing Test HAVE_USING_OPERATOR
[36m--[0m Performing Test HAVE_USING_OPERATOR - Success
[36m--[0m Performing Test HAVE_NAMESPACES
[36m--[0m Performing Test HAVE_NAMESPACES - Success
[36m--[0m Performing Test HAVE_GCC_TLS
[36m--[0m Performing Test HAVE_GCC_TLS - Success
[36m--[0m Performing Test HAVE_MSVC_TLS
[36m--[0m Performing Test HAVE_MSVC_TLS - Failed
[36m--[0m Performing Test HAVE_CXX11_TLS
[36m--[0m Performing Test HAVE_CXX11_TLS - Success
[36m--[0m Performing Test HAVE_ALIGNED_STORAGE
[36m--[0m Performing Test HAVE_ALIGNED_STORAGE - Success
[36m--[0m Performing Test HAVE_CXX11_ATOMIC
[36m--[0m Performing Test HAVE_CXX11_ATOMIC - Success
[36m--[0m Performing Test HAVE_CXX11_CONSTEXPR
[36m--[0m Performing Test HAVE_CXX11_CONSTEXPR - Success
[36m--[0m Performing Test HAVE_CXX11_CHRONO
[36m--[0m Performing Test HAVE_CXX11_CHRONO - Success
[36m--[0m Performing Test HAVE_CXX11_NULLPTR_T
[36m--[0m Performing Test HAVE_CXX11_NULLPTR_T - Success
[36m--[0m Performing Test HAVE_LOCALTIME_R
[36m--[0m Performing Test HAVE_LOCALTIME_R - Success
[36m--[0m Performing Test COMPILER_HAS_HIDDEN_VISIBILITY
[36m--[0m Performing Test COMPILER_HAS_HIDDEN_VISIBILITY - Success
[36m--[0m Performing Test COMPILER_HAS_HIDDEN_INLINE_VISIBILITY
[36m--[0m Performing Test COMPILER_HAS_HIDDEN_INLINE_VISIBILITY - Success
[36m--[0m Performing Test COMPILER_HAS_DEPRECATED_ATTR
[36m--[0m Performing Test COMPILER_HAS_DEPRECATED_ATTR - Success
[36m--[0m Using CATKIN_DEVEL_PREFIX: /home/autolabor/catkin_ws/devel/.private/al_rtk_ros_driver
[36m--[0m Using CMAKE_PREFIX_PATH: /home/autolabor/catkin_ws/devel;/opt/ros/melodic
[36m--[0m This workspace overlays: /home/autolabor/catkin_ws/devel;/opt/ros/melodic
[36m--[0m Found PythonInterp: /usr/bin/python2 (found suitable version "2.7.17", minimum required is "2")
[36m--[0m Using PYTHON_EXECUTABLE: /usr/bin/python2
[36m--[0m Using Debian Python package layout
[36m--[0m Using empy: /usr/bin/empy
[36m--[0m Using CATKIN_ENABLE_TESTING: ON
[36m--[0m Call enable_testing()
[36m--[0m Using CATKIN_TEST_RESULTS_DIR: /opt/autolabor/ros/catkin_ws/build/al_rtk_ros_driver/test_results
[36m--[0m Forcing gtest/gmock from source, though one was otherwise available.
[36m--[0m Found gtest sources under '/usr/src/googletest': gtests will be built
[36m--[0m Found gmock sources under '/usr/src/googletest': gmock will be built
[36m--[0m Found PythonInterp: /usr/bin/python2 (found version "2.7.17")
[36m--[0m Using Python nosetests: /usr/bin/nosetests-2.7
[36m--[0m catkin 0.7.29
[36m--[0m BUILD_SHARED_LIBS is on
[36m--[0m Using these message generators: gencpp;geneus;genlisp;gennodejs;genpy
[36m--[0m nmea_msgs: 7 messages, 0 services
[36m--[0m Using CATKIN_DEVEL_PREFIX: /home/autolabor/catkin_ws/devel/.private/al_rtk_ros_driver
[36m--[0m Using CMAKE_PREFIX_PATH: /home/autolabor/catkin_ws/devel;/opt/ros/melodic
[36m--[0m This workspace overlays: /home/autolabor/catkin_ws/devel;/opt/ros/melodic
[36m--[0m Found PythonInterp: /usr/bin/python2 (found suitable version "2.7.17", minimum required is "2")
[36m--[0m Using PYTHON_EXECUTABLE: /usr/bin/python2
[36m--[0m Using Debian Python package layout
[36m--[0m Using empy: /usr/bin/empy
[36m--[0m Using CATKIN_ENABLE_TESTING: ON
[36m--[0m Call enable_testing()
[36m--[0m Using CATKIN_TEST_RESULTS_DIR: /opt/autolabor/ros/catkin_ws/build/al_rtk_ros_driver/test_results
[36m--[0m Found gmock: gmock and gtests will be built
[36m--[0m Using Python nosetests: /usr/bin/nosetests-2.7
[36m--[0m catkin 0.7.29
[36m--[0m BUILD_SHARED_LIBS is on
[36m--[0m Using these message generators: gencpp;geneus;genlisp;gennodejs;genpy
[36m--[0m Configuring done
[36m--[0m Generating done
[36m--[0m Build files have been written to: /opt/autolabor/ros/catkin_ws/build/al_rtk_ros_driver
