Not searching for unused variables given on the command line.
[36m--[0m The C compiler identification is GNU 9.4.0
[36m--[0m The CXX compiler identification is GNU 7.5.0
[36m--[0m Detecting C compiler ABI info
[36m--[0m Detecting C compiler ABI info - done
[36m--[0m Check for working C compiler: /usr/bin/cc - skipped
[36m--[0m Detecting C compile features
[36m--[0m Detecting C compile features - done
[36m--[0m Detecting CXX compiler ABI info
[36m--[0m Detecting CXX compiler ABI info - done
[36m--[0m Check for working CXX compiler: /usr/bin/c++ - skipped
[36m--[0m Detecting CXX compile features
[36m--[0m Detecting CXX compile features - done
[36m--[0m Found Threads: TRUE
[36m--[0m Found AMD headers in: /usr/include/suitesparse
[36m--[0m Found AMD library: /usr/lib/x86_64-linux-gnu/libamd.so
[36m--[0m Found CAMD headers in: /usr/include/suitesparse
[36m--[0m Found CAMD library: /usr/lib/x86_64-linux-gnu/libcamd.so
[36m--[0m Found CCOLAMD headers in: /usr/include/suitesparse
[36m--[0m Found CCOLAMD library: /usr/lib/x86_64-linux-gnu/libccolamd.so
[36m--[0m Found CHOLMOD headers in: /usr/include/suitesparse
[36m--[0m Found CHOLMOD library: /usr/lib/x86_64-linux-gnu/libcholmod.so
[36m--[0m Found COLAMD headers in: /usr/include/suitesparse
[36m--[0m Found COLAMD library: /usr/lib/x86_64-linux-gnu/libcolamd.so
[36m--[0m Found SPQR headers in: /usr/include/suitesparse
[36m--[0m Found SPQR library: /usr/lib/x86_64-linux-gnu/libspqr.so
[36m--[0m Found Config headers in: /usr/include/suitesparse
[36m--[0m Found Config library: /usr/lib/x86_64-linux-gnu/libsuitesparseconfig.so
[36m--[0m Did not find Intel TBB library, assuming SuiteSparseQR was not compiled with TBB.
[36m--[0m Looking for shm_open in rt
[36m--[0m Looking for shm_open in rt - found
[36m--[0m Adding librt to SuiteSparse_config libraries (required on Linux & Unix [not OSX] if SuiteSparse is compiled with timing).
[36m--[0m Could NOT find METIS (missing: METIS_INCLUDE_DIR METIS_LIBRARY)
[36m--[0m Build type: Release
[36m--[0m Using CATKIN_DEVEL_PREFIX: /home/autolabor/catkin_ws/devel/.private/cartographer_rviz
[36m--[0m Using CMAKE_PREFIX_PATH: /home/autolabor/catkin_ws/devel;/opt/ros/melodic
[36m--[0m This workspace overlays: /home/autolabor/catkin_ws/devel;/opt/ros/melodic
[36m--[0m Found PythonInterp: /usr/bin/python2 (found suitable version "2.7.17", minimum required is "2")
[36m--[0m Using PYTHON_EXECUTABLE: /usr/bin/python2
[36m--[0m Using Debian Python package layout
[36m--[0m Using empy: /usr/bin/empy
[36m--[0m Using CATKIN_ENABLE_TESTING: ON
[36m--[0m Call enable_testing()
[36m--[0m Using CATKIN_TEST_RESULTS_DIR: /opt/autolabor/ros/catkin_ws/build/cartographer_rviz/test_results
[36m--[0m Forcing gtest/gmock from source, though one was otherwise available.
[36m--[0m Found gtest sources under '/usr/src/googletest': gtests will be built
[36m--[0m Found gmock sources under '/usr/src/googletest': gmock will be built
[36m--[0m Found PythonInterp: /usr/bin/python2 (found version "2.7.17")
[36m--[0m Using Python nosetests: /usr/bin/nosetests-2.7
[36m--[0m catkin 0.7.29
[36m--[0m BUILD_SHARED_LIBS is on
[36m--[0m Using these message generators: gencpp;geneus;genlisp;gennodejs;genpy
[36m--[0m Using Qt5 based on the rviz_QT_VERSION: 5.9.5
[36m--[0m Configuring done
[36m--[0m Generating done
[36m--[0m Build files have been written to: /opt/autolabor/ros/catkin_ws/build/cartographer_rviz
