Performing C SOURCE FILE Test CMAKE_HAVE_LIBC_PTHREAD failed with the following output:
Change Dir: /opt/autolabor/ros/catkin_ws/build/cartographer_rviz/CMakeFiles/CMakeTmp

Run Build Command(s):/usr/bin/make -f Makefile cmTC_2f453/fast && /usr/bin/make  -f CMakeFiles/cmTC_2f453.dir/build.make CMakeFiles/cmTC_2f453.dir/build
make[1]: 进入目录“/opt/autolabor/ros/catkin_ws/build/cartographer_rviz/CMakeFiles/CMakeTmp”
Building C object CMakeFiles/cmTC_2f453.dir/src.c.o
/usr/bin/cc -DCMAKE_HAVE_LIBC_PTHREAD   -o CMakeFiles/cmTC_2f453.dir/src.c.o -c /opt/autolabor/ros/catkin_ws/build/cartographer_rviz/CMakeFiles/CMakeTmp/src.c
Linking C executable cmTC_2f453
/usr/bin/cmake -E cmake_link_script CMakeFiles/cmTC_2f453.dir/link.txt --verbose=1
/usr/bin/cc CMakeFiles/cmTC_2f453.dir/src.c.o -o cmTC_2f453 
CMakeFiles/cmTC_2f453.dir/src.c.o：在函数‘main’中：
src.c:(.text+0x3e)：对‘pthread_create’未定义的引用
src.c:(.text+0x4a)：对‘pthread_detach’未定义的引用
src.c:(.text+0x56)：对‘pthread_cancel’未定义的引用
src.c:(.text+0x67)：对‘pthread_join’未定义的引用
src.c:(.text+0x7b)：对‘pthread_atfork’未定义的引用
collect2: error: ld returned 1 exit status
CMakeFiles/cmTC_2f453.dir/build.make:98: recipe for target 'cmTC_2f453' failed
make[1]: *** [cmTC_2f453] Error 1
make[1]: 离开目录“/opt/autolabor/ros/catkin_ws/build/cartographer_rviz/CMakeFiles/CMakeTmp”
Makefile:127: recipe for target 'cmTC_2f453/fast' failed
make: *** [cmTC_2f453/fast] Error 2


Source file was:
#include <pthread.h>

static void* test_func(void* data)
{
  return data;
}

int main(void)
{
  pthread_t thread;
  pthread_create(&thread, NULL, test_func, NULL);
  pthread_detach(thread);
  pthread_cancel(thread);
  pthread_join(thread, NULL);
  pthread_atfork(NULL, NULL, NULL);
  pthread_exit(NULL);

  return 0;
}

Determining if the function pthread_create exists in the pthreads failed with the following output:
Change Dir: /opt/autolabor/ros/catkin_ws/build/cartographer_rviz/CMakeFiles/CMakeTmp

Run Build Command(s):/usr/bin/make -f Makefile cmTC_f35d6/fast && /usr/bin/make  -f CMakeFiles/cmTC_f35d6.dir/build.make CMakeFiles/cmTC_f35d6.dir/build
make[1]: 进入目录“/opt/autolabor/ros/catkin_ws/build/cartographer_rviz/CMakeFiles/CMakeTmp”
Building C object CMakeFiles/cmTC_f35d6.dir/CheckFunctionExists.c.o
/usr/bin/cc   -DCHECK_FUNCTION_EXISTS=pthread_create -o CMakeFiles/cmTC_f35d6.dir/CheckFunctionExists.c.o -c /usr/share/cmake-3.23/Modules/CheckFunctionExists.c
Linking C executable cmTC_f35d6
/usr/bin/cmake -E cmake_link_script CMakeFiles/cmTC_f35d6.dir/link.txt --verbose=1
/usr/bin/cc  -DCHECK_FUNCTION_EXISTS=pthread_create CMakeFiles/cmTC_f35d6.dir/CheckFunctionExists.c.o -o cmTC_f35d6  -lpthreads 
/usr/bin/ld: 找不到 -lpthreads
collect2: error: ld returned 1 exit status
CMakeFiles/cmTC_f35d6.dir/build.make:98: recipe for target 'cmTC_f35d6' failed
make[1]: *** [cmTC_f35d6] Error 1
make[1]: 离开目录“/opt/autolabor/ros/catkin_ws/build/cartographer_rviz/CMakeFiles/CMakeTmp”
Makefile:127: recipe for target 'cmTC_f35d6/fast' failed
make: *** [cmTC_f35d6/fast] Error 2



Determining if the function sgemm_ exists failed with the following output:
Change Dir: /opt/autolabor/ros/catkin_ws/build/cartographer_rviz/CMakeFiles/CMakeTmp

Run Build Command(s):/usr/bin/make -f Makefile cmTC_fe7dc/fast && /usr/bin/make  -f CMakeFiles/cmTC_fe7dc.dir/build.make CMakeFiles/cmTC_fe7dc.dir/build
make[1]: 进入目录“/opt/autolabor/ros/catkin_ws/build/cartographer_rviz/CMakeFiles/CMakeTmp”
Building C object CMakeFiles/cmTC_fe7dc.dir/CheckFunctionExists.c.o
/usr/bin/cc   -DCHECK_FUNCTION_EXISTS=sgemm_ -o CMakeFiles/cmTC_fe7dc.dir/CheckFunctionExists.c.o -c /usr/share/cmake-3.23/Modules/CheckFunctionExists.c
Linking C executable cmTC_fe7dc
/usr/bin/cmake -E cmake_link_script CMakeFiles/cmTC_fe7dc.dir/link.txt --verbose=1
/usr/bin/cc  -DCHECK_FUNCTION_EXISTS=sgemm_ CMakeFiles/cmTC_fe7dc.dir/CheckFunctionExists.c.o -o cmTC_fe7dc 
CMakeFiles/cmTC_fe7dc.dir/CheckFunctionExists.c.o：在函数‘main’中：
CheckFunctionExists.c:(.text+0x10)：对‘sgemm_’未定义的引用
collect2: error: ld returned 1 exit status
CMakeFiles/cmTC_fe7dc.dir/build.make:98: recipe for target 'cmTC_fe7dc' failed
make[1]: *** [cmTC_fe7dc] Error 1
make[1]: 离开目录“/opt/autolabor/ros/catkin_ws/build/cartographer_rviz/CMakeFiles/CMakeTmp”
Makefile:127: recipe for target 'cmTC_fe7dc/fast' failed
make: *** [cmTC_fe7dc/fast] Error 2



