In file included from [01m[K/opt/ros/melodic/include/tf/transform_datatypes.h:44:0[m[K,
                 from [01m[K/home/autolabor/catkin_ws/src/navigation/photo_point/src/photo_point.cpp:1[m[K:
[01m[K/home/autolabor/catkin_ws/src/navigation/photo_point/src/photo_point.cpp:[m[K In function ‘[01m[Kvoid photo_point::callback(const ConstPtr&)[m[K’:
[01m[K/opt/ros/melodic/include/ros/console.h:348:176:[m[K [01;35m[Kwarning: [m[Kformat ‘[01m[K%f[m[K’ expects argument of type ‘[01m[Kdouble[m[K’, but argument 8 has type ‘[01m[Kint[m[K’ [[01;35m[K-Wformat=[m[K]
     ::ros::console::print(filter, __rosconsole_define_location__loc.logger_, __rosconsole_define_location__loc.level_, __FILE__, __LINE__, __ROSCONSOLE_FUNCTION__, __VA_ARGS__[01;35m[K)[m[K
                                                                                                                                                                                [01;35m[K^[m[K
[01m[K/opt/ros/melodic/include/ros/console.h:351:5:[m[K [01;36m[Knote: [m[Kin expansion of macro ‘[01m[KROSCONSOLE_PRINT_AT_LOCATION_WITH_FILTER[m[K’
     [01;36m[KROSCONSOLE_PRINT_AT_LOCATION_WITH_FILTER[m[K(NULL, __VA_ARGS__)
     [01;36m[K^~~~~~~~~~~~~~~~~~~~~~~~~~~~~~~~~~~~~~~~[m[K
[01m[K/opt/ros/melodic/include/ros/console.h:387:7:[m[K [01;36m[Knote: [m[Kin expansion of macro ‘[01m[KROSCONSOLE_PRINT_AT_LOCATION[m[K’
       [01;36m[KROSCONSOLE_PRINT_AT_LOCATION[m[K(__VA_ARGS__); \
       [01;36m[K^~~~~~~~~~~~~~~~~~~~~~~~~~~~[m[K
[01m[K/opt/ros/melodic/include/ros/console.h:572:35:[m[K [01;36m[Knote: [m[Kin expansion of macro ‘[01m[KROS_LOG_COND[m[K’
 #define ROS_LOG(level, name, ...) [01;36m[KROS_LOG_COND[m[K(true, level, name, __VA_ARGS__)
                                   [01;36m[K^~~~~~~~~~~~[m[K
[01m[K/opt/ros/melodic/include/rosconsole/macros_generated.h:214:24:[m[K [01;36m[Knote: [m[Kin expansion of macro ‘[01m[KROS_LOG[m[K’
 #define ROS_ERROR(...) [01;36m[KROS_LOG[m[K(::ros::console::levels::Error, ROSCONSOLE_DEFAULT_NAME, __VA_ARGS__)
                        [01;36m[K^~~~~~~[m[K
[01m[K/home/autolabor/catkin_ws/src/navigation/photo_point/src/photo_point.cpp:75:4:[m[K [01;36m[Knote: [m[Kin expansion of macro ‘[01m[KROS_ERROR[m[K’
    [01;36m[KR[m[KOS_ERROR("min:%f;min_marker:%d",min,min_marker);
    [01;36m[K^[m[K
