[36m--[0m Using CATKIN_DEVEL_PREFIX: /home/autolabor/catkin_ws/devel/.private/photo_point
[36m--[0m Using CMAKE_PREFIX_PATH: /home/autolabor/catkin_ws/devel;/opt/ros/melodic
[36m--[0m This workspace overlays: /home/autolabor/catkin_ws/devel;/opt/ros/melodic
[36m--[0m Found PythonInterp: /usr/bin/python2 (found suitable version "2.7.17", minimum required is "2")
[36m--[0m Using PYTHON_EXECUTABLE: /usr/bin/python2
[36m--[0m Using Debian Python package layout
[36m--[0m Using empy: /usr/bin/empy
[36m--[0m Using CATKIN_ENABLE_TESTING: ON
[36m--[0m Call enable_testing()
[36m--[0m Using CATKIN_TEST_RESULTS_DIR: /opt/autolabor/ros/catkin_ws/build/photo_point/test_results
[36m--[0m Forcing gtest/gmock from source, though one was otherwise available.
[36m--[0m Found gtest sources under '/usr/src/googletest': gtests will be built
[36m--[0m Found gmock sources under '/usr/src/googletest': gmock will be built
[36m--[0m Found PythonInterp: /usr/bin/python2 (found version "2.7.17")
[36m--[0m Using Python nosetests: /usr/bin/nosetests-2.7
[36m--[0m catkin 0.7.29
[36m--[0m BUILD_SHARED_LIBS is on
[36m--[0m Using these message generators: gencpp;geneus;genlisp;gennodejs;genpy
[36m--[0m Could NOT find rm_msgs (missing: rm_msgs_DIR)
[36m--[0m Could not find the required component 'rm_msgs'. The following CMake error indicates that you either need to install the package with the same name or change your environment so that it can be found.
[31mCMake Error at /opt/ros/melodic/share/catkin/cmake/catkinConfig.cmake:83 (find_package):
  Could not find a package configuration file provided by "rm_msgs" with any
  of the following names:

    rm_msgsConfig.cmake
    rm_msgs-config.cmake

  Add the installation prefix of "rm_msgs" to CMAKE_PREFIX_PATH or set
  "rm_msgs_DIR" to a directory containing one of the above files.  If
  "rm_msgs" provides a separate development package or SDK, be sure it has
  been installed.
[36mCall Stack (most recent call first):[0m
  CMakeLists.txt:10 (find_package)

[0m
[36m--[0m Configuring incomplete, errors occurred!
See also "/opt/autolabor/ros/catkin_ws/build/photo_point/CMakeFiles/CMakeOutput.log".
See also "/opt/autolabor/ros/catkin_ws/build/photo_point/CMakeFiles/CMakeError.log".
Makefile:1415: recipe for target 'cmake_check_build_system' failed
make: *** [cmake_check_build_system] Error 1
