[01m[K/home/autolabor/catkin_ws/src/navigation/photo_point/src/photo_point.cpp:[m[K In function ‘[01m[Kvoid photo_point::callback(const ConstPtr&)[m[K’:
[01m[K/home/autolabor/catkin_ws/src/navigation/photo_point/src/photo_point.cpp:91:30:[m[K [01;31m[Kerror: [m[Kconflicting declaration ‘[01m[Kgeometry_msgs::PoseStamped msg[m[K’
   geometry_msgs::PoseStamped [01;31m[Kmsg[m[K;
                              [01;31m[K^~~[m[K
[01m[K/home/autolabor/catkin_ws/src/navigation/photo_point/src/photo_point.cpp:82:26:[m[K [01;36m[Knote: [m[Kprevious declaration as ‘[01m[Kactionlib_msgs::GoalID msg[m[K’
   actionlib_msgs::GoalID [01;36m[Kmsg[m[K;
                          [01;36m[K^~~[m[K
[01m[K/home/autolabor/catkin_ws/src/navigation/photo_point/src/photo_point.cpp:92:13:[m[K [01;31m[Kerror: [m[K‘[01m[Kactionlib_msgs::GoalID {aka struct actionlib_msgs::GoalID_<std::allocator<void> >}[m[K’ has no member named ‘[01m[Kheader[m[K’
         msg.[01;31m[Kheader[m[K.stamp = ros::Time::now();
             [01;31m[K^~~~~~[m[K
[01m[K/home/autolabor/catkin_ws/src/navigation/photo_point/src/photo_point.cpp:93:13:[m[K [01;31m[Kerror: [m[K‘[01m[Kactionlib_msgs::GoalID {aka struct actionlib_msgs::GoalID_<std::allocator<void> >}[m[K’ has no member named ‘[01m[Kheader[m[K’
         msg.[01;31m[Kheader[m[K.frame_id = "map";
             [01;31m[K^~~~~~[m[K
[01m[K/home/autolabor/catkin_ws/src/navigation/photo_point/src/photo_point.cpp:94:13:[m[K [01;31m[Kerror: [m[K‘[01m[Kactionlib_msgs::GoalID {aka struct actionlib_msgs::GoalID_<std::allocator<void> >}[m[K’ has no member named ‘[01m[Kpose[m[K’
         msg.[01;31m[Kpose[m[K.orientation = tf::createQuaternionMsgFromYaw(generator_.uniformReal(-M_PI, M_PI));
             [01;31m[K^~~~[m[K
[01m[K/home/autolabor/catkin_ws/src/navigation/photo_point/src/photo_point.cpp:95:13:[m[K [01;31m[Kerror: [m[K‘[01m[Kactionlib_msgs::GoalID {aka struct actionlib_msgs::GoalID_<std::allocator<void> >}[m[K’ has no member named ‘[01m[Kpose[m[K’
         msg.[01;31m[Kpose[m[K.position.x = generator_.uniformReal(-100, 100);
             [01;31m[K^~~~[m[K
[01m[K/home/autolabor/catkin_ws/src/navigation/photo_point/src/photo_point.cpp:96:13:[m[K [01;31m[Kerror: [m[K‘[01m[Kactionlib_msgs::GoalID {aka struct actionlib_msgs::GoalID_<std::allocator<void> >}[m[K’ has no member named ‘[01m[Kpose[m[K’
         msg.[01;31m[Kpose[m[K.position.y = generator_.uniformReal(-100, 100);
             [01;31m[K^~~~[m[K
[01m[K/home/autolabor/catkin_ws/src/navigation/photo_point/src/photo_point.cpp:97:13:[m[K [01;31m[Kerror: [m[K‘[01m[Kactionlib_msgs::GoalID {aka struct actionlib_msgs::GoalID_<std::allocator<void> >}[m[K’ has no member named ‘[01m[Kpose[m[K’
         msg.[01;31m[Kpose[m[K.position.z = generator_.uniformReal(-100, 100);
             [01;31m[K^~~~[m[K
make[2]: *** [CMakeFiles/photo_point.dir/src/photo_point.cpp.o] Error 1
make[1]: *** [CMakeFiles/photo_point.dir/all] Error 2
make: *** [all] Error 2
