[ 20%] [34m[1mGenerating dynamic reconfigure files from cfg/MoveBase.cfg: /home/autolabor/catkin_ws/devel/.private/move_base/include/move_base/MoveBaseConfig.h /home/autolabor/catkin_ws/devel/.private/move_base/lib/python2.7/dist-packages/move_base/cfg/MoveBaseConfig.py[0m
[ 20%] Built target actionlib_generate_messages_cpp
[ 20%] Built target actionlib_generate_messages_eus
[ 20%] Built target actionlib_generate_messages_lisp
[ 20%] Built target actionlib_generate_messages_nodejs
[ 20%] Built target actionlib_generate_messages_py
[ 20%] Built target actionlib_msgs_generate_messages_cpp
Generating reconfiguration files for MoveBase in move_base
[ 20%] Built target actionlib_msgs_generate_messages_eus
Wrote header file in /home/autolabor/catkin_ws/devel/.private/move_base/include/move_base/MoveBaseConfig.h
[ 20%] Built target actionlib_msgs_generate_messages_lisp
[ 20%] Built target actionlib_msgs_generate_messages_nodejs
[ 20%] Built target move_base_gencfg
[ 20%] Built target actionlib_msgs_generate_messages_py
[ 20%] Built target std_msgs_generate_messages_cpp
[ 20%] Built target std_msgs_generate_messages_eus
[ 20%] Built target std_msgs_generate_messages_lisp
[ 20%] Built target std_msgs_generate_messages_nodejs
[ 20%] Built target std_msgs_generate_messages_py
[ 20%] Built target _catkin_empty_exported_target
[ 20%] Built target roscpp_generate_messages_cpp
[ 20%] Built target roscpp_generate_messages_eus
[ 20%] Built target roscpp_generate_messages_lisp
[ 20%] Built target roscpp_generate_messages_nodejs
[ 20%] Built target roscpp_generate_messages_py
[ 20%] Built target rosgraph_msgs_generate_messages_cpp
[ 20%] Built target rosgraph_msgs_generate_messages_eus
[ 20%] Built target rosgraph_msgs_generate_messages_lisp
[ 20%] Built target rosgraph_msgs_generate_messages_nodejs
[ 20%] Built target rosgraph_msgs_generate_messages_py
[ 20%] Built target base_local_planner_generate_messages_cpp
[ 20%] Built target base_local_planner_generate_messages_eus
[ 20%] Built target base_local_planner_generate_messages_lisp
[ 20%] Built target base_local_planner_generate_messages_nodejs
[ 20%] Built target base_local_planner_generate_messages_py
[ 20%] Built target base_local_planner_gencfg
[ 20%] Built target costmap_2d_generate_messages_cpp
[ 20%] Built target costmap_2d_generate_messages_eus
[ 20%] Built target costmap_2d_generate_messages_lisp
[ 20%] Built target costmap_2d_generate_messages_nodejs
[ 20%] Built target costmap_2d_generate_messages_py
[ 20%] Built target costmap_2d_gencfg
[ 20%] Built target dynamic_reconfigure_generate_messages_cpp
[ 20%] Built target dynamic_reconfigure_generate_messages_eus
[ 20%] Built target dynamic_reconfigure_generate_messages_lisp
[ 20%] Built target dynamic_reconfigure_generate_messages_nodejs
[ 20%] Built target dynamic_reconfigure_generate_messages_py
[ 20%] Built target dynamic_reconfigure_gencfg
[ 20%] Built target geometry_msgs_generate_messages_cpp
[ 20%] Built target geometry_msgs_generate_messages_eus
[ 20%] Built target geometry_msgs_generate_messages_lisp
[ 20%] Built target geometry_msgs_generate_messages_nodejs
[ 20%] Built target geometry_msgs_generate_messages_py
[ 20%] Built target tf_generate_messages_cpp
[ 20%] Built target tf_generate_messages_eus
[ 20%] Built target tf_generate_messages_lisp
[ 20%] Built target tf_generate_messages_nodejs
[ 20%] Built target tf_generate_messages_py
[ 20%] Built target sensor_msgs_generate_messages_cpp
[ 20%] Built target sensor_msgs_generate_messages_eus
[ 20%] Built target sensor_msgs_generate_messages_lisp
[ 20%] Built target sensor_msgs_generate_messages_nodejs
[ 20%] Built target sensor_msgs_generate_messages_py
[ 20%] Built target tf2_msgs_generate_messages_cpp
[ 20%] Built target tf2_msgs_generate_messages_eus
[ 20%] Built target tf2_msgs_generate_messages_lisp
[ 20%] Built target tf2_msgs_generate_messages_nodejs
[ 20%] Built target tf2_msgs_generate_messages_py
[ 20%] Built target map_msgs_generate_messages_cpp
[ 20%] Built target map_msgs_generate_messages_eus
[ 20%] Built target map_msgs_generate_messages_lisp
[ 20%] Built target map_msgs_generate_messages_nodejs
[ 20%] Built target map_msgs_generate_messages_py
[ 20%] Built target nav_msgs_generate_messages_cpp
[ 20%] Built target nav_msgs_generate_messages_eus
[ 20%] Built target nav_msgs_generate_messages_lisp
[ 20%] Built target nav_msgs_generate_messages_nodejs
[ 20%] Built target nav_msgs_generate_messages_py
[ 20%] Built target visualization_msgs_generate_messages_cpp
[ 20%] Built target visualization_msgs_generate_messages_eus
[ 20%] Built target visualization_msgs_generate_messages_lisp
[ 20%] Built target visualization_msgs_generate_messages_nodejs
[ 20%] Built target visualization_msgs_generate_messages_py
[ 20%] Built target move_base_msgs_generate_messages_cpp
[ 20%] Built target move_base_msgs_generate_messages_eus
[ 20%] Built target move_base_msgs_generate_messages_lisp
[ 20%] Built target move_base_msgs_generate_messages_nodejs
[ 20%] Built target move_base_msgs_generate_messages_py
[ 20%] Built target navfn_generate_messages_cpp
[ 20%] Built target navfn_generate_messages_eus
[ 20%] Built target navfn_generate_messages_lisp
[ 20%] Built target navfn_generate_messages_nodejs
[ 20%] Built target navfn_generate_messages_py
[ 20%] Built target std_srvs_generate_messages_cpp
[ 20%] Built target std_srvs_generate_messages_eus
[ 20%] Built target std_srvs_generate_messages_lisp
[ 20%] Built target std_srvs_generate_messages_nodejs
[ 20%] Built target std_srvs_generate_messages_py
[ 40%] [32mBuilding CXX object CMakeFiles/move_base.dir/src/move_base.cpp.o[0m
[ 60%] [32m[1mLinking CXX shared library /home/autolabor/catkin_ws/devel/.private/move_base/lib/libmove_base.so[0m
[ 60%] Built target move_base
[ 80%] [32mBuilding CXX object CMakeFiles/move_base_node.dir/src/move_base_node.cpp.o[0m
[100%] [32m[1mLinking CXX executable /home/autolabor/catkin_ws/devel/.private/move_base/lib/move_base/move_base[0m
[100%] Built target move_base_node
