[  0%] Built target cartographer_ros_msgs_generate_messages_cpp
[  0%] Built target visualization_msgs_generate_messages_py
[  0%] Built target cartographer_ros_msgs_generate_messages_eus
[  0%] Built target cartographer_ros_msgs_generate_messages_lisp
[  0%] Built target cartographer_ros_msgs_generate_messages_nodejs
[  0%] Built target cartographer_ros_detect_changes
[  0%] Built target geometry_msgs_generate_messages_eus
[  0%] Built target geometry_msgs_generate_messages_cpp
[  0%] Built target cartographer_ros_msgs_generate_messages_py
[  0%] Built target geometry_msgs_generate_messages_lisp
[  0%] Built target geometry_msgs_generate_messages_nodejs
[  0%] Built target std_msgs_generate_messages_cpp
[  0%] Built target geometry_msgs_generate_messages_py
[  0%] Built target std_msgs_generate_messages_eus
[  0%] Built target std_msgs_generate_messages_lisp
[  0%] Built target std_msgs_generate_messages_nodejs
[  0%] Built target std_msgs_generate_messages_py
[  0%] Built target nav_msgs_generate_messages_cpp
[  0%] Built target nav_msgs_generate_messages_eus
[  0%] Built target nav_msgs_generate_messages_lisp
[  0%] Built target nav_msgs_generate_messages_nodejs
[  0%] Built target actionlib_msgs_generate_messages_cpp
[  0%] Built target actionlib_msgs_generate_messages_eus
[  0%] Built target nav_msgs_generate_messages_py
[  0%] Built target actionlib_msgs_generate_messages_lisp
[  0%] Built target pcl_msgs_generate_messages_cpp
[  0%] Built target actionlib_msgs_generate_messages_nodejs
[  0%] Built target actionlib_msgs_generate_messages_py
[  0%] Built target pcl_msgs_generate_messages_nodejs
[  0%] Built target pcl_msgs_generate_messages_eus
[  0%] Built target sensor_msgs_generate_messages_cpp
[  0%] Built target pcl_msgs_generate_messages_lisp
[  0%] Built target sensor_msgs_generate_messages_lisp
[  0%] Built target pcl_msgs_generate_messages_py
[  0%] Built target sensor_msgs_generate_messages_nodejs
[  0%] Built target sensor_msgs_generate_messages_eus
[  0%] Built target roscpp_generate_messages_eus
[  0%] Built target roscpp_generate_messages_cpp
[  0%] Built target roscpp_generate_messages_lisp
[  0%] Built target sensor_msgs_generate_messages_py
[  0%] Built target roscpp_generate_messages_nodejs
[  0%] Built target rosgraph_msgs_generate_messages_cpp
[  0%] Built target roscpp_generate_messages_py
[  0%] Built target rosgraph_msgs_generate_messages_lisp
[  0%] Built target rosgraph_msgs_generate_messages_eus
[  0%] Built target rosgraph_msgs_generate_messages_py
[  0%] Built target std_srvs_generate_messages_cpp
[  0%] Built target rosgraph_msgs_generate_messages_nodejs
[  0%] Built target std_srvs_generate_messages_eus
[  0%] Built target std_srvs_generate_messages_nodejs
[  0%] Built target std_srvs_generate_messages_lisp
[  0%] Built target topic_tools_generate_messages_cpp
[  0%] Built target topic_tools_generate_messages_lisp
[  0%] Built target topic_tools_generate_messages_nodejs
[  0%] Built target topic_tools_generate_messages_py
[  0%] Built target std_srvs_generate_messages_py
[  0%] Built target topic_tools_generate_messages_eus
[  0%] Built target tf2_msgs_generate_messages_cpp
[  0%] Built target tf2_msgs_generate_messages_nodejs
[  0%] Built target tf2_msgs_generate_messages_lisp
[  0%] Built target tf2_msgs_generate_messages_eus
[  0%] Built target tf2_msgs_generate_messages_py
[  0%] Built target actionlib_generate_messages_cpp
[  0%] Built target actionlib_generate_messages_nodejs
[  0%] Built target visualization_msgs_generate_messages_cpp
[  0%] Built target actionlib_generate_messages_eus
[  0%] Built target actionlib_generate_messages_lisp
[  0%] Built target actionlib_generate_messages_py
[  0%] Built target visualization_msgs_generate_messages_eus
[  0%] Built target visualization_msgs_generate_messages_lisp
[  0%] Built target visualization_msgs_generate_messages_nodejs
[35m[1mConsolidate compiler generated dependencies of target cartographer_ros[0m
[ 45%] Built target cartographer_ros
[35m[1mConsolidate compiler generated dependencies of target cartographer_rosbag_validate[0m
[35m[1mConsolidate compiler generated dependencies of target cartographer_assets_writer[0m
[35m[1mConsolidate compiler generated dependencies of target cartographer_dev_rosbag_publisher[0m
[35m[1mConsolidate compiler generated dependencies of target cartographer_node[0m
[35m[1mConsolidate compiler generated dependencies of target cartographer_pbstream_to_ros_map[0m
[35m[1mConsolidate compiler generated dependencies of target cartographer_pbstream_map_publisher[0m
[35m[1mConsolidate compiler generated dependencies of target cartographer_offline_node[0m
[35m[1mConsolidate compiler generated dependencies of target cartographer_occupancy_grid_node[0m
[35m[1mConsolidate compiler generated dependencies of target cartographer_dev_trajectory_comparison[0m
[35m[1mConsolidate compiler generated dependencies of target cartographer_dev_pbstream_trajectories_to_rosbag[0m
[35m[1mConsolidate compiler generated dependencies of target cartographer_grpc_node[0m
[35m[1mConsolidate compiler generated dependencies of target cartographer_grpc_offline_node[0m
[ 50%] Built target cartographer_pbstream_to_ros_map
[ 54%] Built target cartographer_dev_rosbag_publisher
[ 58%] Built target cartographer_pbstream_map_publisher
[ 65%] Built target cartographer_assets_writer
[ 69%] Built target cartographer_offline_node
[ 73%] Built target cartographer_occupancy_grid_node
[ 78%] Built target cartographer_dev_trajectory_comparison
[ 82%] Built target cartographer_node
[ 86%] Built target cartographer_grpc_offline_node
[ 95%] Built target cartographer_dev_pbstream_trajectories_to_rosbag
[ 95%] Built target cartographer_rosbag_validate
[100%] Built target cartographer_grpc_node
