[  0%] Built target _costmap_2d_generate_messages_check_deps_VoxelGrid
[  0%] Built target std_msgs_generate_messages_py
[  0%] Built target geometry_msgs_generate_messages_py
[  0%] Built target map_msgs_generate_messages_py
[  0%] Built target std_msgs_generate_messages_cpp
[  0%] Built target geometry_msgs_generate_messages_cpp
[  0%] Built target map_msgs_generate_messages_cpp
[  0%] Built target std_msgs_generate_messages_eus
[  0%] Built target geometry_msgs_generate_messages_eus
[  0%] Built target map_msgs_generate_messages_eus
[  0%] Built target std_msgs_generate_messages_lisp
[  0%] Built target geometry_msgs_generate_messages_lisp
[  0%] Built target map_msgs_generate_messages_lisp
[  0%] Built target std_msgs_generate_messages_nodejs
[  0%] Built target geometry_msgs_generate_messages_nodejs
[  0%] Built target map_msgs_generate_messages_nodejs
[ 14%] Built target costmap_2d_gencfg
[ 14%] Built target dynamic_reconfigure_generate_messages_cpp
[ 14%] Built target dynamic_reconfigure_generate_messages_eus
[ 14%] Built target dynamic_reconfigure_generate_messages_lisp
[ 14%] Built target dynamic_reconfigure_generate_messages_nodejs
[ 14%] Built target dynamic_reconfigure_generate_messages_py
[ 14%] Built target dynamic_reconfigure_gencfg
[ 14%] Built target tf_generate_messages_cpp
[ 14%] Built target tf_generate_messages_eus
[ 14%] Built target tf_generate_messages_lisp
[ 14%] Built target tf_generate_messages_nodejs
[ 14%] Built target tf_generate_messages_py
[ 14%] Built target roscpp_generate_messages_cpp
[ 14%] Built target roscpp_generate_messages_eus
[ 14%] Built target roscpp_generate_messages_lisp
[ 14%] Built target roscpp_generate_messages_nodejs
[ 14%] Built target roscpp_generate_messages_py
[ 14%] Built target rosgraph_msgs_generate_messages_cpp
[ 14%] Built target rosgraph_msgs_generate_messages_eus
[ 14%] Built target rosgraph_msgs_generate_messages_lisp
[ 14%] Built target rosgraph_msgs_generate_messages_nodejs
[ 14%] Built target rosgraph_msgs_generate_messages_py
[ 14%] Built target sensor_msgs_generate_messages_cpp
[ 14%] Built target sensor_msgs_generate_messages_eus
[ 14%] Built target sensor_msgs_generate_messages_lisp
[ 14%] Built target sensor_msgs_generate_messages_nodejs
[ 14%] Built target sensor_msgs_generate_messages_py
[ 14%] Built target actionlib_generate_messages_cpp
[ 14%] Built target actionlib_generate_messages_eus
[ 14%] Built target actionlib_generate_messages_lisp
[ 14%] Built target actionlib_generate_messages_nodejs
[ 14%] Built target actionlib_generate_messages_py
[ 14%] Built target actionlib_msgs_generate_messages_cpp
[ 14%] Built target actionlib_msgs_generate_messages_eus
[ 14%] Built target actionlib_msgs_generate_messages_lisp
[ 14%] Built target actionlib_msgs_generate_messages_nodejs
[ 14%] Built target actionlib_msgs_generate_messages_py
[ 14%] Built target tf2_msgs_generate_messages_cpp
[ 14%] Built target tf2_msgs_generate_messages_eus
[ 14%] Built target tf2_msgs_generate_messages_lisp
[ 14%] Built target tf2_msgs_generate_messages_nodejs
[ 14%] Built target tf2_msgs_generate_messages_py
[ 14%] Built target nav_msgs_generate_messages_cpp
[ 14%] Built target nav_msgs_generate_messages_eus
[ 14%] Built target nav_msgs_generate_messages_lisp
[ 14%] Built target nav_msgs_generate_messages_nodejs
[ 14%] Built target nav_msgs_generate_messages_py
[ 14%] Built target visualization_msgs_generate_messages_cpp
[ 14%] Built target visualization_msgs_generate_messages_eus
[ 14%] Built target visualization_msgs_generate_messages_lisp
[ 14%] Built target visualization_msgs_generate_messages_nodejs
[ 14%] Built target visualization_msgs_generate_messages_py
[ 20%] Built target costmap_2d_generate_messages_py
[ 22%] Built target costmap_2d_generate_messages_cpp
[ 28%] Built target costmap_2d_generate_messages_eus
[ 31%] Built target costmap_2d_generate_messages_lisp
[ 34%] Built target costmap_2d_generate_messages_nodejs
[ 34%] Built target costmap_2d_generate_messages
[ 65%] Built target costmap_2d
[ 71%] Built target costmap_2d_markers
[ 88%] Built target layers
[ 94%] Built target costmap_2d_cloud
[100%] Built target costmap_2d_node
