[  0%] Built target std_msgs_generate_messages_eus
[  0%] Built target std_msgs_generate_messages_py
[  0%] Built target nav_msgs_generate_messages_cpp
[  0%] Built target std_msgs_generate_messages_lisp
[  0%] Built target std_msgs_generate_messages_cpp
[  0%] Built target costmap_2d_generate_messages_lisp
[  0%] Built target std_msgs_generate_messages_nodejs
[  0%] Built target costmap_2d_generate_messages_eus
[  0%] Built target costmap_2d_generate_messages_nodejs
[  3%] Built target base_local_planner_gencfg
[  3%] Built target costmap_2d_generate_messages_cpp
[  3%] Built target costmap_2d_generate_messages_py
[  3%] Built target dynamic_reconfigure_generate_messages_lisp
[  3%] Built target dynamic_reconfigure_generate_messages_eus
[  3%] Built target costmap_2d_gencfg
[  3%] Built target dynamic_reconfigure_generate_messages_nodejs
[  3%] Built target dynamic_reconfigure_generate_messages_cpp
[  3%] Built target dynamic_reconfigure_generate_messages_py
[  3%] Built target dynamic_reconfigure_gencfg
[  3%] Built target geometry_msgs_generate_messages_cpp
[  3%] Built target geometry_msgs_generate_messages_eus
[  3%] Built target geometry_msgs_generate_messages_lisp
[  3%] Built target geometry_msgs_generate_messages_nodejs
[  3%] Built target geometry_msgs_generate_messages_py
[  3%] Built target tf_generate_messages_nodejs
[  3%] Built target tf_generate_messages_eus
[  3%] Built target tf_generate_messages_lisp
[  3%] Built target roscpp_generate_messages_eus
[  3%] Built target roscpp_generate_messages_cpp
[  3%] Built target tf_generate_messages_cpp
[  3%] Built target tf_generate_messages_py
[  3%] Built target roscpp_generate_messages_lisp
[  3%] Built target roscpp_generate_messages_nodejs
[  3%] Built target roscpp_generate_messages_py
[  3%] Built target rosgraph_msgs_generate_messages_eus
[  3%] Built target _base_local_planner_generate_messages_check_deps_Position2DInt
[  3%] Built target rosgraph_msgs_generate_messages_nodejs
[  3%] Built target rosgraph_msgs_generate_messages_cpp
[  3%] Built target rosgraph_msgs_generate_messages_lisp
[  3%] Built target sensor_msgs_generate_messages_eus
[  3%] Built target sensor_msgs_generate_messages_nodejs
[  3%] Built target sensor_msgs_generate_messages_cpp
[  3%] Built target rosgraph_msgs_generate_messages_py
[  3%] Built target sensor_msgs_generate_messages_lisp
[  3%] Built target sensor_msgs_generate_messages_py
[  3%] Built target actionlib_generate_messages_eus
[  3%] Built target actionlib_generate_messages_cpp
[  3%] Built target actionlib_generate_messages_nodejs
[  3%] Built target actionlib_generate_messages_lisp
[  3%] Built target actionlib_generate_messages_py
[  3%] Built target actionlib_msgs_generate_messages_eus
[  3%] Built target actionlib_msgs_generate_messages_lisp
[  3%] Built target _catkin_empty_exported_target
[  3%] Built target actionlib_msgs_generate_messages_nodejs
[  3%] Built target actionlib_msgs_generate_messages_cpp
[  3%] Built target actionlib_msgs_generate_messages_py
[  3%] Built target tf2_msgs_generate_messages_cpp
[  3%] Built target tf2_msgs_generate_messages_eus
[  3%] Built target tf2_msgs_generate_messages_nodejs
[  3%] Built target tf2_msgs_generate_messages_lisp
[  3%] Built target map_msgs_generate_messages_cpp
[  3%] Built target map_msgs_generate_messages_eus
[  3%] Built target tf2_msgs_generate_messages_py
[  3%] Built target map_msgs_generate_messages_nodejs
[  3%] Built target map_msgs_generate_messages_lisp
[  3%] Built target nav_msgs_generate_messages_eus
[  3%] Built target nav_msgs_generate_messages_lisp
[  3%] Built target nav_msgs_generate_messages_nodejs
[  3%] Built target nav_msgs_generate_messages_py
[  3%] Built target map_msgs_generate_messages_py
[  3%] Built target visualization_msgs_generate_messages_eus
[  3%] Built target visualization_msgs_generate_messages_cpp
[  3%] Built target visualization_msgs_generate_messages_lisp
[  3%] Built target visualization_msgs_generate_messages_py
[  3%] Built target visualization_msgs_generate_messages_nodejs
[  9%] Built target base_local_planner_generate_messages_py
[ 12%] Built target base_local_planner_generate_messages_cpp
[ 18%] Built target base_local_planner_generate_messages_eus
[ 21%] Built target base_local_planner_generate_messages_lisp
[ 24%] Built target base_local_planner_generate_messages_nodejs
[ 24%] Built target base_local_planner_generate_messages
[35m[1mConsolidate compiler generated dependencies of target base_local_planner[0m
[ 84%] Built target base_local_planner
[35m[1mConsolidate compiler generated dependencies of target point_grid[0m
[35m[1mConsolidate compiler generated dependencies of target trajectory_planner_ros[0m
[ 90%] Built target point_grid
[100%] Built target trajectory_planner_ros
